[ 2018-09-12T23:06:35+08:00 ] 127.0.0.1 /dashboard/www/Thinkphp3.2/test/Public/js/jquery.min.js
INFO: [ app_init ] --START--
INFO: Run Behavior\BuildLiteBehavior [ RunTime:0.000009s ]
INFO: [ app_init ] --END-- [ RunTime:0.000360s ]
ERR: 无法加载模块:Public

[ 2018-09-12T23:06:35+08:00 ] 127.0.0.1 /dashboard/www/Thinkphp3.2/test/i/favicon.png
INFO: [ app_init ] --START--
INFO: Run Behavior\BuildLiteBehavior [ RunTime:0.000006s ]
INFO: [ app_init ] --END-- [ RunTime:0.000331s ]
ERR: 无法加载模块:I

[ 2018-09-12T23:06:40+08:00 ] 127.0.0.1 /dashboard/www/Thinkphp3.2/test/Public/js/jquery.min.js
INFO: [ app_init ] --START--
INFO: Run Behavior\BuildLiteBehavior [ RunTime:0.000006s ]
INFO: [ app_init ] --END-- [ RunTime:0.000316s ]
ERR: 无法加载模块:Public

[ 2018-09-12T23:06:41+08:00 ] 127.0.0.1 /dashboard/www/Thinkphp3.2/test/Public/js/jquery.min.js
INFO: [ app_init ] --START--
INFO: Run Behavior\BuildLiteBehavior [ RunTime:0.000006s ]
INFO: [ app_init ] --END-- [ RunTime:0.000478s ]
ERR: 无法加载模块:Public

[ 2018-09-12T23:06:44+08:00 ] 127.0.0.1 /dashboard/www/Thinkphp3.2/test/Public/js/jquery.min.js
INFO: [ app_init ] --START--
INFO: Run Behavior\BuildLiteBehavior [ RunTime:0.000006s ]
INFO: [ app_init ] --END-- [ RunTime:0.000318s ]
ERR: 无法加载模块:Public

[ 2018-09-12T23:20:22+08:00 ] 127.0.0.1 /dashboard/www/Thinkphp3.2/test/Public/js/jquery.min.js
INFO: [ app_init ] --START--
INFO: Run Behavior\BuildLiteBehavior [ RunTime:0.000005s ]
INFO: [ app_init ] --END-- [ RunTime:0.000356s ]
ERR: 无法加载模块:Public

[ 2018-09-12T23:20:25+08:00 ] 127.0.0.1 /dashboard/www/Thinkphp3.2/test/Public/js/jquery.min.js
INFO: [ app_init ] --START--
INFO: Run Behavior\BuildLiteBehavior [ RunTime:0.000005s ]
INFO: [ app_init ] --END-- [ RunTime:0.000316s ]
ERR: 无法加载模块:Public

[ 2018-09-12T23:20:27+08:00 ] 127.0.0.1 /dashboard/www/Thinkphp3.2/test/Public/js/jquery.min.js
INFO: [ app_init ] --START--
INFO: Run Behavior\BuildLiteBehavior [ RunTime:0.000007s ]
INFO: [ app_init ] --END-- [ RunTime:0.000425s ]
ERR: 无法加载模块:Public

[ 2018-09-12T23:20:33+08:00 ] 127.0.0.1 /dashboard/www/Thinkphp3.2/test/Public/js/jquery.min.js
INFO: [ app_init ] --START--
INFO: Run Behavior\BuildLiteBehavior [ RunTime:0.000005s ]
INFO: [ app_init ] --END-- [ RunTime:0.000293s ]
ERR: 无法加载模块:Public

[ 2018-09-12T23:28:21+08:00 ] 127.0.0.1 /dashboard/www/Thinkphp3.2/test/Public/js/jquery.min.js
INFO: [ app_init ] --START--
INFO: Run Behavior\BuildLiteBehavior [ RunTime:0.000005s ]
INFO: [ app_init ] --END-- [ RunTime:0.000355s ]
ERR: 无法加载模块:Public

[ 2018-09-12T23:28:23+08:00 ] 127.0.0.1 /dashboard/www/Thinkphp3.2/test/Public/js/jquery.min.js
INFO: [ app_init ] --START--
INFO: Run Behavior\BuildLiteBehavior [ RunTime:0.000005s ]
INFO: [ app_init ] --END-- [ RunTime:0.000288s ]
ERR: 无法加载模块:Public

[ 2018-09-12T23:28:25+08:00 ] 127.0.0.1 /dashboard/www/Thinkphp3.2/test/Public/admin-gallery.html
INFO: [ app_init ] --START--
INFO: Run Behavior\BuildLiteBehavior [ RunTime:0.000006s ]
INFO: [ app_init ] --END-- [ RunTime:0.000389s ]
ERR: 无法加载模块:Public

[ 2018-09-12T23:28:26+08:00 ] 127.0.0.1 /dashboard/www/Thinkphp3.2/test/Public/js/jquery.min.js
INFO: [ app_init ] --START--
INFO: Run Behavior\BuildLiteBehavior [ RunTime:0.000015s ]
INFO: [ app_init ] --END-- [ RunTime:0.000348s ]
ERR: 无法加载模块:Public

[ 2018-09-12T23:28:28+08:00 ] 127.0.0.1 /dashboard/www/Thinkphp3.2/test/Public/js/jquery.min.js
INFO: [ app_init ] --START--
INFO: Run Behavior\BuildLiteBehavior [ RunTime:0.000006s ]
INFO: [ app_init ] --END-- [ RunTime:0.000294s ]
ERR: 无法加载模块:Public

[ 2018-09-12T23:28:39+08:00 ] 127.0.0.1 /dashboard/www/Thinkphp3.2/test/Public/images/passcode.jpg
INFO: [ app_init ] --START--
INFO: Run Behavior\BuildLiteBehavior [ RunTime:0.000005s ]
INFO: [ app_init ] --END-- [ RunTime:0.000595s ]
ERR: 无法加载模块:Public

[ 2018-09-12T23:28:49+08:00 ] 127.0.0.1 /dashboard/www/Thinkphp3.2/test/Public/js/jquery.min.js
INFO: [ app_init ] --START--
INFO: Run Behavior\BuildLiteBehavior [ RunTime:0.000005s ]
INFO: [ app_init ] --END-- [ RunTime:0.000336s ]
ERR: 无法加载模块:Public

[ 2018-09-12T23:30:08+08:00 ] 127.0.0.1 /dashboard/www/Thinkphp3.2/test/Public/js/jquery.min.js
INFO: [ app_init ] --START--
INFO: Run Behavior\BuildLiteBehavior [ RunTime:0.000005s ]
INFO: [ app_init ] --END-- [ RunTime:0.000358s ]
ERR: 无法加载模块:Public

[ 2018-09-12T23:30:22+08:00 ] 127.0.0.1 /dashboard/www/Thinkphp3.2/test/Public/js/jquery.min.js
INFO: [ app_init ] --START--
INFO: Run Behavior\BuildLiteBehavior [ RunTime:0.000005s ]
INFO: [ app_init ] --END-- [ RunTime:0.000323s ]
ERR: 无法加载模块:Public

[ 2018-09-12T23:30:26+08:00 ] 127.0.0.1 /dashboard/www/Thinkphp3.2/test/Public/js/jquery.min.js
INFO: [ app_init ] --START--
INFO: Run Behavior\BuildLiteBehavior [ RunTime:0.000004s ]
INFO: [ app_init ] --END-- [ RunTime:0.000350s ]
ERR: 无法加载模块:Public

[ 2018-09-12T23:30:30+08:00 ] 127.0.0.1 /dashboard/www/Thinkphp3.2/test/Public/js/jquery.min.js
INFO: [ app_init ] --START--
INFO: Run Behavior\BuildLiteBehavior [ RunTime:0.000006s ]
INFO: [ app_init ] --END-- [ RunTime:0.000549s ]
ERR: 无法加载模块:Public

[ 2018-09-12T23:30:30+08:00 ] 127.0.0.1 /dashboard/www/Thinkphp3.2/test/Public/js/jquery.min.js
INFO: [ app_init ] --START--
INFO: Run Behavior\BuildLiteBehavior [ RunTime:0.000006s ]
INFO: [ app_init ] --END-- [ RunTime:0.000364s ]
ERR: 无法加载模块:Public

[ 2018-09-12T23:30:41+08:00 ] 127.0.0.1 /dashboard/www/Thinkphp3.2/test/Public/js/jquery.min.js
INFO: [ app_init ] --START--
INFO: Run Behavior\BuildLiteBehavior [ RunTime:0.000005s ]
INFO: [ app_init ] --END-- [ RunTime:0.000349s ]
ERR: 无法加载模块:Public

[ 2018-09-12T23:30:44+08:00 ] 127.0.0.1 /dashboard/www/Thinkphp3.2/test/Public/js/jquery.min.js
INFO: [ app_init ] --START--
INFO: Run Behavior\BuildLiteBehavior [ RunTime:0.000006s ]
INFO: [ app_init ] --END-- [ RunTime:0.000295s ]
ERR: 无法加载模块:Public

