[ 2018-08-17T22:52:59+08:00 ] ::1 /dashboard/www/Thinkphp3.2/test/assets/css/amazeui.min.css
INFO: [ app_init ] --START--
INFO: Run Behavior\BuildLiteBehavior [ RunTime:0.000005s ]
INFO: [ app_init ] --END-- [ RunTime:0.000332s ]
ERR: 无法加载模块:Assets

[ 2018-08-17T22:52:59+08:00 ] ::1 /dashboard/www/Thinkphp3.2/test/assets/css/admin.css
INFO: [ app_init ] --START--
INFO: Run Behavior\BuildLiteBehavior [ RunTime:0.000007s ]
INFO: [ app_init ] --END-- [ RunTime:0.000386s ]
ERR: 无法加载模块:Assets

[ 2018-08-17T22:52:59+08:00 ] ::1 /dashboard/www/Thinkphp3.2/test/assets/js/jquery.min.js
INFO: [ app_init ] --START--
INFO: Run Behavior\BuildLiteBehavior [ RunTime:0.000006s ]
INFO: [ app_init ] --END-- [ RunTime:0.000312s ]
ERR: 无法加载模块:Assets

[ 2018-08-17T22:52:59+08:00 ] ::1 /dashboard/www/Thinkphp3.2/test/assets/js/amazeui.min.js
INFO: [ app_init ] --START--
INFO: Run Behavior\BuildLiteBehavior [ RunTime:0.000007s ]
INFO: [ app_init ] --END-- [ RunTime:0.000321s ]
ERR: 无法加载模块:Assets

[ 2018-08-17T22:52:59+08:00 ] ::1 /dashboard/www/Thinkphp3.2/test/assets/js/app.js
INFO: [ app_init ] --START--
INFO: Run Behavior\BuildLiteBehavior [ RunTime:0.000006s ]
INFO: [ app_init ] --END-- [ RunTime:0.000307s ]
ERR: 无法加载模块:Assets

[ 2018-08-17T22:52:59+08:00 ] ::1 /dashboard/www/Thinkphp3.2/test/assets/i/favicon.png
INFO: [ app_init ] --START--
INFO: Run Behavior\BuildLiteBehavior [ RunTime:0.000015s ]
INFO: [ app_init ] --END-- [ RunTime:0.001233s ]
ERR: 无法加载模块:Assets

