[ 2018-01-09T22:02:15+08:00 ] 127.0.0.1 /dashboard/www/thinkphp3.2/ele/index.php/index/index
INFO: [ app_init ] --START--
INFO: Run Behavior\BuildLiteBehavior [ RunTime:0.000008s ]
INFO: [ app_init ] --END-- [ RunTime:0.000243s ]
ERR: 无法加载模块:Index

[ 2018-01-09T22:02:34+08:00 ] 127.0.0.1 /dashboard/www/thinkphp3.2/ele/index.php/index/show
INFO: [ app_init ] --START--
INFO: Run Behavior\BuildLiteBehavior [ RunTime:0.000013s ]
INFO: [ app_init ] --END-- [ RunTime:0.000345s ]
ERR: 无法加载模块:Index

[ 2018-01-09T22:02:40+08:00 ] 127.0.0.1 /dashboard/www/thinkphp3.2/ele/index.php/show
INFO: [ app_init ] --START--
INFO: Run Behavior\BuildLiteBehavior [ RunTime:0.000009s ]
INFO: [ app_init ] --END-- [ RunTime:0.000249s ]
ERR: 无法加载模块:Show

[ 2018-01-09T22:02:48+08:00 ] 127.0.0.1 /dashboard/www/thinkphp3.2/ele/index.php/index/index/show
INFO: [ app_init ] --START--
INFO: Run Behavior\BuildLiteBehavior [ RunTime:0.000009s ]
INFO: [ app_init ] --END-- [ RunTime:0.000295s ]
ERR: 无法加载模块:Index

