[ 2018-08-24T00:17:52+08:00 ] ::1 /dashboard/www/Thinkphp3.2/test/Public/assets/js/jquery.min.js
INFO: [ app_init ] --START--
INFO: Run Behavior\BuildLiteBehavior [ RunTime:0.000006s ]
INFO: [ app_init ] --END-- [ RunTime:0.000380s ]
ERR: 无法加载模块:Public

[ 2018-08-24T00:17:52+08:00 ] ::1 /dashboard/www/Thinkphp3.2/test/Public/assets/js/amazeui.min.js
INFO: [ app_init ] --START--
INFO: Run Behavior\BuildLiteBehavior [ RunTime:0.000005s ]
INFO: [ app_init ] --END-- [ RunTime:0.000363s ]
ERR: 无法加载模块:Public

[ 2018-08-24T00:17:52+08:00 ] ::1 /dashboard/www/Thinkphp3.2/test/Public/assets/js/app.js
INFO: [ app_init ] --START--
INFO: Run Behavior\BuildLiteBehavior [ RunTime:0.000005s ]
INFO: [ app_init ] --END-- [ RunTime:0.000362s ]
ERR: 无法加载模块:Public

[ 2018-08-24T00:17:53+08:00 ] ::1 /dashboard/www/Thinkphp3.2/test/Public/assets/js/jquery.min.js
INFO: [ app_init ] --START--
INFO: Run Behavior\BuildLiteBehavior [ RunTime:0.000006s ]
INFO: [ app_init ] --END-- [ RunTime:0.000353s ]
ERR: 无法加载模块:Public

[ 2018-08-24T00:17:53+08:00 ] ::1 /dashboard/www/Thinkphp3.2/test/Public/assets/js/amazeui.min.js
INFO: [ app_init ] --START--
INFO: Run Behavior\BuildLiteBehavior [ RunTime:0.000005s ]
INFO: [ app_init ] --END-- [ RunTime:0.000381s ]
ERR: 无法加载模块:Public

[ 2018-08-24T00:17:53+08:00 ] ::1 /dashboard/www/Thinkphp3.2/test/Public/assets/js/app.js
INFO: [ app_init ] --START--
INFO: Run Behavior\BuildLiteBehavior [ RunTime:0.000004s ]
INFO: [ app_init ] --END-- [ RunTime:0.000326s ]
ERR: 无法加载模块:Public

[ 2018-08-24T00:17:53+08:00 ] ::1 /dashboard/www/Thinkphp3.2/test/Public/assets/js/jquery.min.js
INFO: [ app_init ] --START--
INFO: Run Behavior\BuildLiteBehavior [ RunTime:0.000005s ]
INFO: [ app_init ] --END-- [ RunTime:0.000363s ]
ERR: 无法加载模块:Public

[ 2018-08-24T00:17:53+08:00 ] ::1 /dashboard/www/Thinkphp3.2/test/Public/assets/js/amazeui.min.js
INFO: [ app_init ] --START--
INFO: Run Behavior\BuildLiteBehavior [ RunTime:0.000006s ]
INFO: [ app_init ] --END-- [ RunTime:0.000390s ]
ERR: 无法加载模块:Public

[ 2018-08-24T00:17:53+08:00 ] ::1 /dashboard/www/Thinkphp3.2/test/Public/assets/js/app.js
INFO: [ app_init ] --START--
INFO: Run Behavior\BuildLiteBehavior [ RunTime:0.000005s ]
INFO: [ app_init ] --END-- [ RunTime:0.000275s ]
ERR: 无法加载模块:Public

[ 2018-08-24T00:17:54+08:00 ] ::1 /dashboard/www/Thinkphp3.2/test/Public/assets/js/jquery.min.js
INFO: [ app_init ] --START--
INFO: Run Behavior\BuildLiteBehavior [ RunTime:0.000006s ]
INFO: [ app_init ] --END-- [ RunTime:0.000365s ]
ERR: 无法加载模块:Public

[ 2018-08-24T00:17:54+08:00 ] ::1 /dashboard/www/Thinkphp3.2/test/Public/assets/js/amazeui.min.js
INFO: [ app_init ] --START--
INFO: Run Behavior\BuildLiteBehavior [ RunTime:0.000008s ]
INFO: [ app_init ] --END-- [ RunTime:0.000356s ]
ERR: 无法加载模块:Public

[ 2018-08-24T00:17:54+08:00 ] ::1 /dashboard/www/Thinkphp3.2/test/Public/assets/js/app.js
INFO: [ app_init ] --START--
INFO: Run Behavior\BuildLiteBehavior [ RunTime:0.000006s ]
INFO: [ app_init ] --END-- [ RunTime:0.000339s ]
ERR: 无法加载模块:Public

[ 2018-08-24T00:17:58+08:00 ] ::1 /dashboard/www/Thinkphp3.2/test/Public/assets/js/jquery.min.js
INFO: [ app_init ] --START--
INFO: Run Behavior\BuildLiteBehavior [ RunTime:0.000009s ]
INFO: [ app_init ] --END-- [ RunTime:0.000493s ]
ERR: 无法加载模块:Public

[ 2018-08-24T00:17:58+08:00 ] ::1 /dashboard/www/Thinkphp3.2/test/Public/assets/js/amazeui.min.js
INFO: [ app_init ] --START--
INFO: Run Behavior\BuildLiteBehavior [ RunTime:0.000006s ]
INFO: [ app_init ] --END-- [ RunTime:0.000371s ]
ERR: 无法加载模块:Public

[ 2018-08-24T00:17:58+08:00 ] ::1 /dashboard/www/Thinkphp3.2/test/Public/assets/js/app.js
INFO: [ app_init ] --START--
INFO: Run Behavior\BuildLiteBehavior [ RunTime:0.000007s ]
INFO: [ app_init ] --END-- [ RunTime:0.000358s ]
ERR: 无法加载模块:Public

[ 2018-08-24T00:18:52+08:00 ] ::1 /dashboard/www/Thinkphp3.2/test/Public/assets/css/amazeui.min.css
INFO: [ app_init ] --START--
INFO: Run Behavior\BuildLiteBehavior [ RunTime:0.000005s ]
INFO: [ app_init ] --END-- [ RunTime:0.000283s ]
ERR: 无法加载模块:Public

[ 2018-08-24T00:18:52+08:00 ] ::1 /dashboard/www/Thinkphp3.2/test/Public/assets/css/admin.css
INFO: [ app_init ] --START--
INFO: Run Behavior\BuildLiteBehavior [ RunTime:0.000005s ]
INFO: [ app_init ] --END-- [ RunTime:0.000289s ]
ERR: 无法加载模块:Public

[ 2018-08-24T00:18:52+08:00 ] ::1 /dashboard/www/Thinkphp3.2/test/Public/assets/js/jquery.min.js
INFO: [ app_init ] --START--
INFO: Run Behavior\BuildLiteBehavior [ RunTime:0.000005s ]
INFO: [ app_init ] --END-- [ RunTime:0.000300s ]
ERR: 无法加载模块:Public

[ 2018-08-24T00:18:52+08:00 ] ::1 /dashboard/www/Thinkphp3.2/test/Public/assets/js/amazeui.min.js
INFO: [ app_init ] --START--
INFO: Run Behavior\BuildLiteBehavior [ RunTime:0.000006s ]
INFO: [ app_init ] --END-- [ RunTime:0.000297s ]
ERR: 无法加载模块:Public

[ 2018-08-24T00:18:52+08:00 ] ::1 /dashboard/www/Thinkphp3.2/test/Public/assets/js/app.js
INFO: [ app_init ] --START--
INFO: Run Behavior\BuildLiteBehavior [ RunTime:0.000006s ]
INFO: [ app_init ] --END-- [ RunTime:0.000297s ]
ERR: 无法加载模块:Public

[ 2018-08-24T00:18:53+08:00 ] ::1 /dashboard/www/Thinkphp3.2/test/Public/assets/css/amazeui.min.css
INFO: [ app_init ] --START--
INFO: Run Behavior\BuildLiteBehavior [ RunTime:0.000006s ]
INFO: [ app_init ] --END-- [ RunTime:0.000316s ]
ERR: 无法加载模块:Public

[ 2018-08-24T00:18:53+08:00 ] ::1 /dashboard/www/Thinkphp3.2/test/Public/assets/css/admin.css
INFO: [ app_init ] --START--
INFO: Run Behavior\BuildLiteBehavior [ RunTime:0.000007s ]
INFO: [ app_init ] --END-- [ RunTime:0.000405s ]
ERR: 无法加载模块:Public

[ 2018-08-24T00:18:53+08:00 ] ::1 /dashboard/www/Thinkphp3.2/test/Public/assets/js/jquery.min.js
INFO: [ app_init ] --START--
INFO: Run Behavior\BuildLiteBehavior [ RunTime:0.000006s ]
INFO: [ app_init ] --END-- [ RunTime:0.000355s ]
ERR: 无法加载模块:Public

[ 2018-08-24T00:18:53+08:00 ] ::1 /dashboard/www/Thinkphp3.2/test/Public/assets/js/amazeui.min.js
INFO: [ app_init ] --START--
INFO: Run Behavior\BuildLiteBehavior [ RunTime:0.000010s ]
INFO: [ app_init ] --END-- [ RunTime:0.000455s ]
ERR: 无法加载模块:Public

[ 2018-08-24T00:18:53+08:00 ] ::1 /dashboard/www/Thinkphp3.2/test/Public/assets/js/app.js
INFO: [ app_init ] --START--
INFO: Run Behavior\BuildLiteBehavior [ RunTime:0.000006s ]
INFO: [ app_init ] --END-- [ RunTime:0.000337s ]
ERR: 无法加载模块:Public

[ 2018-08-24T00:18:54+08:00 ] ::1 /dashboard/www/Thinkphp3.2/test/Public/assets/css/amazeui.min.css
INFO: [ app_init ] --START--
INFO: Run Behavior\BuildLiteBehavior [ RunTime:0.000006s ]
INFO: [ app_init ] --END-- [ RunTime:0.000320s ]
ERR: 无法加载模块:Public

[ 2018-08-24T00:18:54+08:00 ] ::1 /dashboard/www/Thinkphp3.2/test/Public/assets/css/admin.css
INFO: [ app_init ] --START--
INFO: Run Behavior\BuildLiteBehavior [ RunTime:0.000008s ]
INFO: [ app_init ] --END-- [ RunTime:0.000384s ]
ERR: 无法加载模块:Public

[ 2018-08-24T00:18:54+08:00 ] ::1 /dashboard/www/Thinkphp3.2/test/Public/assets/js/jquery.min.js
INFO: [ app_init ] --START--
INFO: Run Behavior\BuildLiteBehavior [ RunTime:0.000006s ]
INFO: [ app_init ] --END-- [ RunTime:0.000311s ]
ERR: 无法加载模块:Public

[ 2018-08-24T00:18:54+08:00 ] ::1 /dashboard/www/Thinkphp3.2/test/Public/assets/js/amazeui.min.js
INFO: [ app_init ] --START--
INFO: Run Behavior\BuildLiteBehavior [ RunTime:0.000008s ]
INFO: [ app_init ] --END-- [ RunTime:0.001733s ]
ERR: 无法加载模块:Public

[ 2018-08-24T00:18:54+08:00 ] ::1 /dashboard/www/Thinkphp3.2/test/Public/assets/js/app.js
INFO: [ app_init ] --START--
INFO: Run Behavior\BuildLiteBehavior [ RunTime:0.000008s ]
INFO: [ app_init ] --END-- [ RunTime:0.000347s ]
ERR: 无法加载模块:Public

[ 2018-08-24T00:18:54+08:00 ] ::1 /dashboard/www/Thinkphp3.2/test/Public/assets/css/amazeui.min.css
INFO: [ app_init ] --START--
INFO: Run Behavior\BuildLiteBehavior [ RunTime:0.000006s ]
INFO: [ app_init ] --END-- [ RunTime:0.000375s ]
ERR: 无法加载模块:Public

[ 2018-08-24T00:18:54+08:00 ] ::1 /dashboard/www/Thinkphp3.2/test/Public/assets/css/admin.css
INFO: [ app_init ] --START--
INFO: Run Behavior\BuildLiteBehavior [ RunTime:0.000005s ]
INFO: [ app_init ] --END-- [ RunTime:0.000314s ]
ERR: 无法加载模块:Public

[ 2018-08-24T00:18:54+08:00 ] ::1 /dashboard/www/Thinkphp3.2/test/Public/assets/js/jquery.min.js
INFO: [ app_init ] --START--
INFO: Run Behavior\BuildLiteBehavior [ RunTime:0.000009s ]
INFO: [ app_init ] --END-- [ RunTime:0.000378s ]
ERR: 无法加载模块:Public

[ 2018-08-24T00:18:54+08:00 ] ::1 /dashboard/www/Thinkphp3.2/test/Public/assets/js/amazeui.min.js
INFO: [ app_init ] --START--
INFO: Run Behavior\BuildLiteBehavior [ RunTime:0.000008s ]
INFO: [ app_init ] --END-- [ RunTime:0.000399s ]
ERR: 无法加载模块:Public

[ 2018-08-24T00:18:54+08:00 ] ::1 /dashboard/www/Thinkphp3.2/test/Public/assets/js/app.js
INFO: [ app_init ] --START--
INFO: Run Behavior\BuildLiteBehavior [ RunTime:0.000010s ]
INFO: [ app_init ] --END-- [ RunTime:0.000565s ]
ERR: 无法加载模块:Public

[ 2018-08-24T00:18:55+08:00 ] ::1 /dashboard/www/Thinkphp3.2/test/Public/assets/css/amazeui.min.css
INFO: [ app_init ] --START--
INFO: Run Behavior\BuildLiteBehavior [ RunTime:0.000181s ]
INFO: [ app_init ] --END-- [ RunTime:0.000725s ]
ERR: 无法加载模块:Public

[ 2018-08-24T00:18:55+08:00 ] ::1 /dashboard/www/Thinkphp3.2/test/Public/assets/css/admin.css
INFO: [ app_init ] --START--
INFO: Run Behavior\BuildLiteBehavior [ RunTime:0.000046s ]
INFO: [ app_init ] --END-- [ RunTime:0.000988s ]
ERR: 无法加载模块:Public

[ 2018-08-24T00:18:55+08:00 ] ::1 /dashboard/www/Thinkphp3.2/test/Public/assets/js/jquery.min.js
INFO: [ app_init ] --START--
INFO: Run Behavior\BuildLiteBehavior [ RunTime:0.000007s ]
INFO: [ app_init ] --END-- [ RunTime:0.000332s ]
ERR: 无法加载模块:Public

[ 2018-08-24T00:18:55+08:00 ] ::1 /dashboard/www/Thinkphp3.2/test/Public/assets/js/amazeui.min.js
INFO: [ app_init ] --START--
INFO: Run Behavior\BuildLiteBehavior [ RunTime:0.000008s ]
INFO: [ app_init ] --END-- [ RunTime:0.000385s ]
ERR: 无法加载模块:Public

[ 2018-08-24T00:18:55+08:00 ] ::1 /dashboard/www/Thinkphp3.2/test/Public/assets/js/app.js
INFO: [ app_init ] --START--
INFO: Run Behavior\BuildLiteBehavior [ RunTime:0.000008s ]
INFO: [ app_init ] --END-- [ RunTime:0.000406s ]
ERR: 无法加载模块:Public

[ 2018-08-24T00:21:08+08:00 ] ::1 /dashboard/www/Thinkphp3.2/test/Public/Public/assets/css/amazeui.min.css
INFO: [ app_init ] --START--
INFO: Run Behavior\BuildLiteBehavior [ RunTime:0.000005s ]
INFO: [ app_init ] --END-- [ RunTime:0.000303s ]
ERR: 无法加载模块:Public

[ 2018-08-24T00:21:08+08:00 ] ::1 /dashboard/www/Thinkphp3.2/test/Public/Public/assets/css/admin.css
INFO: [ app_init ] --START--
INFO: Run Behavior\BuildLiteBehavior [ RunTime:0.000005s ]
INFO: [ app_init ] --END-- [ RunTime:0.000350s ]
ERR: 无法加载模块:Public

[ 2018-08-24T00:21:09+08:00 ] ::1 /dashboard/www/Thinkphp3.2/test/Public/assets/js/jquery.min.js
INFO: [ app_init ] --START--
INFO: Run Behavior\BuildLiteBehavior [ RunTime:0.000010s ]
INFO: [ app_init ] --END-- [ RunTime:0.000364s ]
ERR: 无法加载模块:Public

[ 2018-08-24T00:21:09+08:00 ] ::1 /dashboard/www/Thinkphp3.2/test/Public/assets/js/amazeui.min.js
INFO: [ app_init ] --START--
INFO: Run Behavior\BuildLiteBehavior [ RunTime:0.000007s ]
INFO: [ app_init ] --END-- [ RunTime:0.000330s ]
ERR: 无法加载模块:Public

[ 2018-08-24T00:21:09+08:00 ] ::1 /dashboard/www/Thinkphp3.2/test/Public/assets/js/app.js
INFO: [ app_init ] --START--
INFO: Run Behavior\BuildLiteBehavior [ RunTime:0.000008s ]
INFO: [ app_init ] --END-- [ RunTime:0.000460s ]
ERR: 无法加载模块:Public

[ 2018-08-24T00:21:09+08:00 ] ::1 /dashboard/www/Thinkphp3.2/test/Public/Public/assets/css/amazeui.min.css
INFO: [ app_init ] --START--
INFO: Run Behavior\BuildLiteBehavior [ RunTime:0.000006s ]
INFO: [ app_init ] --END-- [ RunTime:0.000284s ]
ERR: 无法加载模块:Public

[ 2018-08-24T00:21:09+08:00 ] ::1 /dashboard/www/Thinkphp3.2/test/Public/Public/assets/css/admin.css
INFO: [ app_init ] --START--
INFO: Run Behavior\BuildLiteBehavior [ RunTime:0.000005s ]
INFO: [ app_init ] --END-- [ RunTime:0.000288s ]
ERR: 无法加载模块:Public

[ 2018-08-24T00:21:09+08:00 ] ::1 /dashboard/www/Thinkphp3.2/test/Public/assets/js/jquery.min.js
INFO: [ app_init ] --START--
INFO: Run Behavior\BuildLiteBehavior [ RunTime:0.000007s ]
INFO: [ app_init ] --END-- [ RunTime:0.000380s ]
ERR: 无法加载模块:Public

[ 2018-08-24T00:21:09+08:00 ] ::1 /dashboard/www/Thinkphp3.2/test/Public/assets/js/amazeui.min.js
INFO: [ app_init ] --START--
INFO: Run Behavior\BuildLiteBehavior [ RunTime:0.000009s ]
INFO: [ app_init ] --END-- [ RunTime:0.000406s ]
ERR: 无法加载模块:Public

[ 2018-08-24T00:21:09+08:00 ] ::1 /dashboard/www/Thinkphp3.2/test/Public/assets/js/app.js
INFO: [ app_init ] --START--
INFO: Run Behavior\BuildLiteBehavior [ RunTime:0.000009s ]
INFO: [ app_init ] --END-- [ RunTime:0.001039s ]
ERR: 无法加载模块:Public

[ 2018-08-24T00:21:10+08:00 ] ::1 /dashboard/www/Thinkphp3.2/test/Public/Public/assets/css/amazeui.min.css
INFO: [ app_init ] --START--
INFO: Run Behavior\BuildLiteBehavior [ RunTime:0.000006s ]
INFO: [ app_init ] --END-- [ RunTime:0.000343s ]
ERR: 无法加载模块:Public

[ 2018-08-24T00:21:10+08:00 ] ::1 /dashboard/www/Thinkphp3.2/test/Public/Public/assets/css/admin.css
INFO: [ app_init ] --START--
INFO: Run Behavior\BuildLiteBehavior [ RunTime:0.000006s ]
INFO: [ app_init ] --END-- [ RunTime:0.000305s ]
ERR: 无法加载模块:Public

[ 2018-08-24T00:21:10+08:00 ] ::1 /dashboard/www/Thinkphp3.2/test/Public/assets/js/jquery.min.js
INFO: [ app_init ] --START--
INFO: Run Behavior\BuildLiteBehavior [ RunTime:0.000007s ]
INFO: [ app_init ] --END-- [ RunTime:0.000367s ]
ERR: 无法加载模块:Public

[ 2018-08-24T00:21:10+08:00 ] ::1 /dashboard/www/Thinkphp3.2/test/Public/assets/js/amazeui.min.js
INFO: [ app_init ] --START--
INFO: Run Behavior\BuildLiteBehavior [ RunTime:0.000011s ]
INFO: [ app_init ] --END-- [ RunTime:0.000468s ]
ERR: 无法加载模块:Public

[ 2018-08-24T00:21:10+08:00 ] ::1 /dashboard/www/Thinkphp3.2/test/Public/assets/js/app.js
INFO: [ app_init ] --START--
INFO: Run Behavior\BuildLiteBehavior [ RunTime:0.000006s ]
INFO: [ app_init ] --END-- [ RunTime:0.000300s ]
ERR: 无法加载模块:Public

[ 2018-08-24T00:21:10+08:00 ] ::1 /dashboard/www/Thinkphp3.2/test/Public/Public/assets/css/amazeui.min.css
INFO: [ app_init ] --START--
INFO: Run Behavior\BuildLiteBehavior [ RunTime:0.000006s ]
INFO: [ app_init ] --END-- [ RunTime:0.000329s ]
ERR: 无法加载模块:Public

[ 2018-08-24T00:21:10+08:00 ] ::1 /dashboard/www/Thinkphp3.2/test/Public/Public/assets/css/admin.css
INFO: [ app_init ] --START--
INFO: Run Behavior\BuildLiteBehavior [ RunTime:0.000005s ]
INFO: [ app_init ] --END-- [ RunTime:0.000283s ]
ERR: 无法加载模块:Public

[ 2018-08-24T00:21:10+08:00 ] ::1 /dashboard/www/Thinkphp3.2/test/Public/assets/js/jquery.min.js
INFO: [ app_init ] --START--
INFO: Run Behavior\BuildLiteBehavior [ RunTime:0.000005s ]
INFO: [ app_init ] --END-- [ RunTime:0.000281s ]
ERR: 无法加载模块:Public

[ 2018-08-24T00:21:10+08:00 ] ::1 /dashboard/www/Thinkphp3.2/test/Public/assets/js/amazeui.min.js
INFO: [ app_init ] --START--
INFO: Run Behavior\BuildLiteBehavior [ RunTime:0.000060s ]
INFO: [ app_init ] --END-- [ RunTime:0.001052s ]
ERR: 无法加载模块:Public

[ 2018-08-24T00:21:10+08:00 ] ::1 /dashboard/www/Thinkphp3.2/test/Public/assets/js/app.js
INFO: [ app_init ] --START--
INFO: Run Behavior\BuildLiteBehavior [ RunTime:0.000007s ]
INFO: [ app_init ] --END-- [ RunTime:0.000464s ]
ERR: 无法加载模块:Public

[ 2018-08-24T00:21:11+08:00 ] ::1 /dashboard/www/Thinkphp3.2/test/Public/Public/assets/css/amazeui.min.css
INFO: [ app_init ] --START--
INFO: Run Behavior\BuildLiteBehavior [ RunTime:0.000005s ]
INFO: [ app_init ] --END-- [ RunTime:0.000288s ]
ERR: 无法加载模块:Public

[ 2018-08-24T00:21:11+08:00 ] ::1 /dashboard/www/Thinkphp3.2/test/Public/Public/assets/css/admin.css
INFO: [ app_init ] --START--
INFO: Run Behavior\BuildLiteBehavior [ RunTime:0.000005s ]
INFO: [ app_init ] --END-- [ RunTime:0.000286s ]
ERR: 无法加载模块:Public

[ 2018-08-24T00:21:11+08:00 ] ::1 /dashboard/www/Thinkphp3.2/test/Public/assets/js/jquery.min.js
INFO: [ app_init ] --START--
INFO: Run Behavior\BuildLiteBehavior [ RunTime:0.000005s ]
INFO: [ app_init ] --END-- [ RunTime:0.000294s ]
ERR: 无法加载模块:Public

[ 2018-08-24T00:21:11+08:00 ] ::1 /dashboard/www/Thinkphp3.2/test/Public/assets/js/amazeui.min.js
INFO: [ app_init ] --START--
INFO: Run Behavior\BuildLiteBehavior [ RunTime:0.000017s ]
INFO: [ app_init ] --END-- [ RunTime:0.002383s ]
ERR: 无法加载模块:Public

[ 2018-08-24T00:21:11+08:00 ] ::1 /dashboard/www/Thinkphp3.2/test/Public/assets/js/app.js
INFO: [ app_init ] --START--
INFO: Run Behavior\BuildLiteBehavior [ RunTime:0.000007s ]
INFO: [ app_init ] --END-- [ RunTime:0.000319s ]
ERR: 无法加载模块:Public

[ 2018-08-24T00:22:53+08:00 ] ::1 /dashboard/www/Thinkphp3.2/test/Application/Home/Public/assets/css/amazeui.min.css
INFO: [ app_init ] --START--
INFO: Run Behavior\BuildLiteBehavior [ RunTime:0.000005s ]
INFO: [ app_init ] --END-- [ RunTime:0.000350s ]
ERR: 无法加载模块:Application

[ 2018-08-24T00:25:15+08:00 ] ::1 /dashboard/www/Thinkphp3.2/test/Public/Public/assets/css/amazeui.min.css
INFO: [ app_init ] --START--
INFO: Run Behavior\BuildLiteBehavior [ RunTime:0.000019s ]
INFO: [ app_init ] --END-- [ RunTime:0.000396s ]
ERR: 无法加载模块:Public

[ 2018-08-24T00:25:15+08:00 ] ::1 /dashboard/www/Thinkphp3.2/test/Public/Public/assets/css/admin.css
INFO: [ app_init ] --START--
INFO: Run Behavior\BuildLiteBehavior [ RunTime:0.000006s ]
INFO: [ app_init ] --END-- [ RunTime:0.000345s ]
ERR: 无法加载模块:Public

[ 2018-08-24T00:25:15+08:00 ] ::1 /dashboard/www/Thinkphp3.2/test/Public/assets/js/jquery.min.js
INFO: [ app_init ] --START--
INFO: Run Behavior\BuildLiteBehavior [ RunTime:0.000005s ]
INFO: [ app_init ] --END-- [ RunTime:0.000374s ]
ERR: 无法加载模块:Public

[ 2018-08-24T00:25:15+08:00 ] ::1 /dashboard/www/Thinkphp3.2/test/Public/assets/js/amazeui.min.js
INFO: [ app_init ] --START--
INFO: Run Behavior\BuildLiteBehavior [ RunTime:0.000008s ]
INFO: [ app_init ] --END-- [ RunTime:0.001158s ]
ERR: 无法加载模块:Public

[ 2018-08-24T00:25:15+08:00 ] ::1 /dashboard/www/Thinkphp3.2/test/Public/assets/js/app.js
INFO: [ app_init ] --START--
INFO: Run Behavior\BuildLiteBehavior [ RunTime:0.000028s ]
INFO: [ app_init ] --END-- [ RunTime:0.000659s ]
ERR: 无法加载模块:Public

[ 2018-08-24T00:25:15+08:00 ] ::1 /dashboard/www/Thinkphp3.2/test/Public/Public/assets/css/amazeui.min.css
INFO: [ app_init ] --START--
INFO: Run Behavior\BuildLiteBehavior [ RunTime:0.000006s ]
INFO: [ app_init ] --END-- [ RunTime:0.000339s ]
ERR: 无法加载模块:Public

[ 2018-08-24T00:25:15+08:00 ] ::1 /dashboard/www/Thinkphp3.2/test/Public/Public/assets/css/admin.css
INFO: [ app_init ] --START--
INFO: Run Behavior\BuildLiteBehavior [ RunTime:0.000005s ]
INFO: [ app_init ] --END-- [ RunTime:0.000310s ]
ERR: 无法加载模块:Public

[ 2018-08-24T00:25:15+08:00 ] ::1 /dashboard/www/Thinkphp3.2/test/Public/assets/js/jquery.min.js
INFO: [ app_init ] --START--
INFO: Run Behavior\BuildLiteBehavior [ RunTime:0.000006s ]
INFO: [ app_init ] --END-- [ RunTime:0.000321s ]
ERR: 无法加载模块:Public

[ 2018-08-24T00:25:16+08:00 ] ::1 /dashboard/www/Thinkphp3.2/test/Public/assets/js/amazeui.min.js
INFO: [ app_init ] --START--
INFO: Run Behavior\BuildLiteBehavior [ RunTime:0.000008s ]
INFO: [ app_init ] --END-- [ RunTime:0.000449s ]
ERR: 无法加载模块:Public

[ 2018-08-24T00:25:16+08:00 ] ::1 /dashboard/www/Thinkphp3.2/test/Public/assets/js/app.js
INFO: [ app_init ] --START--
INFO: Run Behavior\BuildLiteBehavior [ RunTime:0.000005s ]
INFO: [ app_init ] --END-- [ RunTime:0.000286s ]
ERR: 无法加载模块:Public

[ 2018-08-24T00:25:28+08:00 ] ::1 /dashboard/www/Thinkphp3.2/test/Application/Home/Public/assets/css/amazeui.min.css
INFO: [ app_init ] --START--
INFO: Run Behavior\BuildLiteBehavior [ RunTime:0.000007s ]
INFO: [ app_init ] --END-- [ RunTime:0.000371s ]
ERR: 无法加载模块:Application

[ 2018-08-24T00:25:28+08:00 ] ::1 /dashboard/www/Thinkphp3.2/test/Application/Home/Public/assets/css/amazeui.min.css
INFO: [ app_init ] --START--
INFO: Run Behavior\BuildLiteBehavior [ RunTime:0.000006s ]
INFO: [ app_init ] --END-- [ RunTime:0.000388s ]
ERR: 无法加载模块:Application

[ 2018-08-24T22:52:42+08:00 ] ::1 /dashboard/www/Thinkphp3.2/test/Public/assets/js/jquery.min.js
INFO: [ app_init ] --START--
INFO: Run Behavior\BuildLiteBehavior [ RunTime:0.000006s ]
INFO: [ app_init ] --END-- [ RunTime:0.000365s ]
ERR: 无法加载模块:Public

[ 2018-08-24T22:52:50+08:00 ] ::1 /dashboard/www/Thinkphp3.2/test/Public/assets/js/jquery.min.js
INFO: [ app_init ] --START--
INFO: Run Behavior\BuildLiteBehavior [ RunTime:0.000005s ]
INFO: [ app_init ] --END-- [ RunTime:0.000280s ]
ERR: 无法加载模块:Public

[ 2018-08-24T22:52:51+08:00 ] ::1 /dashboard/www/Thinkphp3.2/test/Public/assets/js/jquery.min.js
INFO: [ app_init ] --START--
INFO: Run Behavior\BuildLiteBehavior [ RunTime:0.000006s ]
INFO: [ app_init ] --END-- [ RunTime:0.000291s ]
ERR: 无法加载模块:Public

[ 2018-08-24T22:52:52+08:00 ] ::1 /dashboard/www/Thinkphp3.2/test/Public/assets/js/jquery.min.js
INFO: [ app_init ] --START--
INFO: Run Behavior\BuildLiteBehavior [ RunTime:0.000006s ]
INFO: [ app_init ] --END-- [ RunTime:0.000389s ]
ERR: 无法加载模块:Public

[ 2018-08-24T22:52:54+08:00 ] ::1 /dashboard/www/Thinkphp3.2/test/Public/assets/js/jquery.min.js
INFO: [ app_init ] --START--
INFO: Run Behavior\BuildLiteBehavior [ RunTime:0.000005s ]
INFO: [ app_init ] --END-- [ RunTime:0.000289s ]
ERR: 无法加载模块:Public

[ 2018-08-24T23:04:32+08:00 ] ::1 /dashboard/www/Thinkphp3.2/test/Public/admin-gallery.html
INFO: [ app_init ] --START--
INFO: Run Behavior\BuildLiteBehavior [ RunTime:0.000006s ]
INFO: [ app_init ] --END-- [ RunTime:0.000400s ]
ERR: 无法加载模块:Public

[ 2018-08-24T23:04:33+08:00 ] ::1 /dashboard/www/Thinkphp3.2/test/Public/assets/js/jquery.min.js
INFO: [ app_init ] --START--
INFO: Run Behavior\BuildLiteBehavior [ RunTime:0.000007s ]
INFO: [ app_init ] --END-- [ RunTime:0.000372s ]
ERR: 无法加载模块:Public

[ 2018-08-24T23:24:30+08:00 ] ::1 /dashboard/www/Thinkphp3.2/test/Public/assets/js/jquery.min.js
INFO: [ app_init ] --START--
INFO: Run Behavior\BuildLiteBehavior [ RunTime:0.000006s ]
INFO: [ app_init ] --END-- [ RunTime:0.000399s ]
ERR: 无法加载模块:Public

[ 2018-08-24T23:24:32+08:00 ] ::1 /dashboard/www/Thinkphp3.2/test/Public/assets/js/jquery.min.js
INFO: [ app_init ] --START--
INFO: Run Behavior\BuildLiteBehavior [ RunTime:0.000007s ]
INFO: [ app_init ] --END-- [ RunTime:0.000348s ]
ERR: 无法加载模块:Public

[ 2018-08-24T23:24:32+08:00 ] ::1 /dashboard/www/Thinkphp3.2/test/Public/assets/js/jquery.min.js
INFO: [ app_init ] --START--
INFO: Run Behavior\BuildLiteBehavior [ RunTime:0.000008s ]
INFO: [ app_init ] --END-- [ RunTime:0.000452s ]
ERR: 无法加载模块:Public

[ 2018-08-24T23:24:33+08:00 ] ::1 /dashboard/www/Thinkphp3.2/test/Public/assets/js/jquery.min.js
INFO: [ app_init ] --START--
INFO: Run Behavior\BuildLiteBehavior [ RunTime:0.000005s ]
INFO: [ app_init ] --END-- [ RunTime:0.000280s ]
ERR: 无法加载模块:Public

[ 2018-08-24T23:24:33+08:00 ] ::1 /dashboard/www/Thinkphp3.2/test/Public/assets/js/jquery.min.js
INFO: [ app_init ] --START--
INFO: Run Behavior\BuildLiteBehavior [ RunTime:0.000005s ]
INFO: [ app_init ] --END-- [ RunTime:0.000295s ]
ERR: 无法加载模块:Public

[ 2018-08-24T23:24:34+08:00 ] ::1 /dashboard/www/Thinkphp3.2/test/Public/assets/js/jquery.min.js
INFO: [ app_init ] --START--
INFO: Run Behavior\BuildLiteBehavior [ RunTime:0.000004s ]
INFO: [ app_init ] --END-- [ RunTime:0.000285s ]
ERR: 无法加载模块:Public

[ 2018-08-24T23:29:57+08:00 ] ::1 /dashboard/www/Thinkphp3.2/test/Public/assets/js/jquery.min.js
INFO: [ app_init ] --START--
INFO: Run Behavior\BuildLiteBehavior [ RunTime:0.000005s ]
INFO: [ app_init ] --END-- [ RunTime:0.000348s ]
ERR: 无法加载模块:Public

[ 2018-08-24T23:29:58+08:00 ] ::1 /dashboard/www/Thinkphp3.2/test/Public/assets/js/jquery.min.js
INFO: [ app_init ] --START--
INFO: Run Behavior\BuildLiteBehavior [ RunTime:0.000021s ]
INFO: [ app_init ] --END-- [ RunTime:0.000538s ]
ERR: 无法加载模块:Public

[ 2018-08-24T23:29:58+08:00 ] ::1 /dashboard/www/Thinkphp3.2/test/Public/assets/js/jquery.min.js
INFO: [ app_init ] --START--
INFO: Run Behavior\BuildLiteBehavior [ RunTime:0.000006s ]
INFO: [ app_init ] --END-- [ RunTime:0.000333s ]
ERR: 无法加载模块:Public

[ 2018-08-24T23:30:13+08:00 ] ::1 /dashboard/www/Thinkphp3.2/test/Public/assets/js/jquery.min.js
INFO: [ app_init ] --START--
INFO: Run Behavior\BuildLiteBehavior [ RunTime:0.000004s ]
INFO: [ app_init ] --END-- [ RunTime:0.000340s ]
ERR: 无法加载模块:Public

[ 2018-08-24T23:30:13+08:00 ] ::1 /dashboard/www/Thinkphp3.2/test/Public/assets/js/jquery.min.js
INFO: [ app_init ] --START--
INFO: Run Behavior\BuildLiteBehavior [ RunTime:0.000006s ]
INFO: [ app_init ] --END-- [ RunTime:0.000330s ]
ERR: 无法加载模块:Public

[ 2018-08-24T23:30:14+08:00 ] ::1 /dashboard/www/Thinkphp3.2/test/Public/assets/js/jquery.min.js
INFO: [ app_init ] --START--
INFO: Run Behavior\BuildLiteBehavior [ RunTime:0.000005s ]
INFO: [ app_init ] --END-- [ RunTime:0.000372s ]
ERR: 无法加载模块:Public

[ 2018-08-24T23:30:14+08:00 ] ::1 /dashboard/www/Thinkphp3.2/test/Public/assets/js/jquery.min.js
INFO: [ app_init ] --START--
INFO: Run Behavior\BuildLiteBehavior [ RunTime:0.000005s ]
INFO: [ app_init ] --END-- [ RunTime:0.000347s ]
ERR: 无法加载模块:Public

[ 2018-08-24T23:30:14+08:00 ] ::1 /dashboard/www/Thinkphp3.2/test/Public/assets/js/jquery.min.js
INFO: [ app_init ] --START--
INFO: Run Behavior\BuildLiteBehavior [ RunTime:0.000006s ]
INFO: [ app_init ] --END-- [ RunTime:0.000280s ]
ERR: 无法加载模块:Public

[ 2018-08-24T23:30:15+08:00 ] ::1 /dashboard/www/Thinkphp3.2/test/Public/assets/js/jquery.min.js
INFO: [ app_init ] --START--
INFO: Run Behavior\BuildLiteBehavior [ RunTime:0.000006s ]
INFO: [ app_init ] --END-- [ RunTime:0.000306s ]
ERR: 无法加载模块:Public

[ 2018-08-24T23:30:16+08:00 ] ::1 /dashboard/www/Thinkphp3.2/test/Public/assets/js/jquery.min.js
INFO: [ app_init ] --START--
INFO: Run Behavior\BuildLiteBehavior [ RunTime:0.000005s ]
INFO: [ app_init ] --END-- [ RunTime:0.000331s ]
ERR: 无法加载模块:Public

[ 2018-08-24T23:30:18+08:00 ] ::1 /dashboard/www/Thinkphp3.2/test/Public/assets/js/jquery.min.js
INFO: [ app_init ] --START--
INFO: Run Behavior\BuildLiteBehavior [ RunTime:0.000006s ]
INFO: [ app_init ] --END-- [ RunTime:0.000341s ]
ERR: 无法加载模块:Public

