[ 2018-09-16T11:49:13+08:00 ] ::1 /dashboard/www/Thinkphp3.2/test/Public/fonts/iconfont.eot?t=1508229193188
INFO: [ app_init ] --START--
INFO: Run Behavior\BuildLiteBehavior [ RunTime:0.000008s ]
INFO: [ app_init ] --END-- [ RunTime:0.001145s ]
ERR: æ— æ³•åŠ è½½æ¨¡å—:Public

[ 2018-09-16T12:20:54+08:00 ] ::1 /dashboard/www/Thinkphp3.2/test/Public/assets/i/examples/admin-chrome.png
INFO: [ app_init ] --START--
INFO: Run Behavior\BuildLiteBehavior [ RunTime:0.000011s ]
INFO: [ app_init ] --END-- [ RunTime:0.000425s ]
ERR: æ— æ³•åŠ è½½æ¨¡å—:Public

[ 2018-09-16T12:20:54+08:00 ] ::1 /dashboard/www/Thinkphp3.2/test/Public/assets/i/examples/admin-firefox.png
INFO: [ app_init ] --START--
INFO: Run Behavior\BuildLiteBehavior [ RunTime:0.000008s ]
INFO: [ app_init ] --END-- [ RunTime:0.000389s ]
ERR: æ— æ³•åŠ è½½æ¨¡å—:Public

[ 2018-09-16T12:20:54+08:00 ] ::1 /dashboard/www/Thinkphp3.2/test/Public/js/jquery.min.js
INFO: [ app_init ] --START--
INFO: Run Behavior\BuildLiteBehavior [ RunTime:0.000007s ]
INFO: [ app_init ] --END-- [ RunTime:0.000472s ]
ERR: æ— æ³•åŠ è½½æ¨¡å—:Public

[ 2018-09-16T12:20:54+08:00 ] ::1 /dashboard/www/Thinkphp3.2/test/Public/assets/i/examples/admin-ie.png
INFO: [ app_init ] --START--
INFO: Run Behavior\BuildLiteBehavior [ RunTime:0.000005s ]
INFO: [ app_init ] --END-- [ RunTime:0.000367s ]
ERR: æ— æ³•åŠ è½½æ¨¡å—:Public

[ 2018-09-16T12:20:54+08:00 ] ::1 /dashboard/www/Thinkphp3.2/test/Public/assets/i/examples/admin-safari.png
INFO: [ app_init ] --START--
INFO: Run Behavior\BuildLiteBehavior [ RunTime:0.000007s ]
INFO: [ app_init ] --END-- [ RunTime:0.000334s ]
ERR: æ— æ³•åŠ è½½æ¨¡å—:Public

[ 2018-09-16T12:20:54+08:00 ] ::1 /dashboard/www/Thinkphp3.2/test/Public/assets/i/examples/admin-opera.png
INFO: [ app_init ] --START--
INFO: Run Behavior\BuildLiteBehavior [ RunTime:0.000025s ]
INFO: [ app_init ] --END-- [ RunTime:0.000416s ]
ERR: æ— æ³•åŠ è½½æ¨¡å—:Public

[ 2018-09-16T12:20:59+08:00 ] ::1 /dashboard/www/Thinkphp3.2/test/Public/js/jquery.min.js
INFO: [ app_init ] --START--
INFO: Run Behavior\BuildLiteBehavior [ RunTime:0.000005s ]
INFO: [ app_init ] --END-- [ RunTime:0.000325s ]
ERR: æ— æ³•åŠ è½½æ¨¡å—:Public

[ 2018-09-16T12:21:13+08:00 ] ::1 /dashboard/www/Thinkphp3.2/test/login
INFO: [ app_init ] --START--
INFO: Run Behavior\BuildLiteBehavior [ RunTime:0.000009s ]
INFO: [ app_init ] --END-- [ RunTime:0.000474s ]
ERR: æ— æ³•åŠ è½½æ¨¡å—:Login

[ 2018-09-16T18:46:08+08:00 ] ::1 /dashboard/www/Thinkphp3.2/test/Public/js/jquery.min.js
INFO: [ app_init ] --START--
INFO: Run Behavior\BuildLiteBehavior [ RunTime:0.000007s ]
INFO: [ app_init ] --END-- [ RunTime:0.000361s ]
ERR: æ— æ³•åŠ è½½æ¨¡å—:Public

½æ¨¡å—:Public


[ 2018-09-16T18:46:08+08:00 ] ::1 /dashboard/www/Thinkphp3.2/test/Public/assets/i/examples/admin-opera.png
INFO: [ app_init ] --START--
INFO: Run Behavior\BuildLiteBehavior [ RunTime:0.000006s ]
INFO: [ app_init ] --END-- [ RunTime:0.000371s ]
ERR: æ— æ³•åŠ è½½æ¨¡å—:Public

[ 2018-09-16T18:46:08+08:00 ] ::1 /dashboard/www/Thinkphp3.2/test/Public/assets/i/examples/admin-safari.png
INFO: [ app_init ] --START--
INFO: Run Behavior\BuildLiteBehavior [ RunTime:0.000007s ]
INFO: [ app_init ] --END-- [ RunTime:0.000352s ]
ERR: æ— æ³•åŠ è½½æ¨¡å—:Public

[ 2018-09-16T18:46:08+08:00 ] ::1 /dashboard/www/Thinkphp3.2/test/Public/assets/i/examples/admin-ie.png
INFO: [ app_init ] --START--
INFO: Run Behavior\BuildLiteBehavior [ RunTime:0.000010s ]
INFO: [ app_init ] --END-- [ RunTime:0.000773s ]
ERR: æ— æ³•åŠ è½½æ¨¡å—:Public

[ 2018-09-16T18:46:08+08:00 ] ::1 /dashboard/www/Thinkphp3.2/test/Public/js/jquery.min.js
INFO: [ app_init ] --START--
INFO: Run Behavior\BuildLiteBehavior [ RunTime:0.000029s ]
INFO: [ app_init ] --END-- [ RunTime:0.000720s ]
ERR: æ— æ³•åŠ è½½æ¨¡å—:Public

[ 2018-09-16T18:46:10+08:00 ] ::1 /dashboard/www/Thinkphp3.2/test/Public/js/jquery.min.js
INFO: [ app_init ] --START--
INFO: Run Behavior\BuildLiteBehavior [ RunTime:0.000007s ]
INFO: [ app_init ] --END-- [ RunTime:0.000338s ]
ERR: æ— æ³•åŠ è½½æ¨¡å—:Public

[ 2018-09-16T18:46:11+08:00 ] ::1 /dashboard/www/Thinkphp3.2/test/Public/js/jquery.min.js
INFO: [ app_init ] --START--
INFO: Run Behavior\BuildLiteBehavior [ RunTime:0.000029s ]
INFO: [ app_init ] --END-- [ RunTime:0.000341s ]
ERR: æ— æ³•åŠ è½½æ¨¡å—:Public

[ 2018-09-16T18:46:12+08:00 ] ::1 /dashboard/www/Thinkphp3.2/test/Public/js/jquery.min.js
INFO: [ app_init ] --START--
INFO: Run Behavior\BuildLiteBehavior [ RunTime:0.000007s ]
INFO: [ app_init ] --END-- [ RunTime:0.000419s ]
ERR: æ— æ³•åŠ è½½æ¨¡å—:Public

[ 2018-09-16T18:46:12+08:00 ] ::1 /dashboard/www/Thinkphp3.2/test/Public/js/jquery.min.js
INFO: [ app_init ] --START--
INFO: Run Behavior\BuildLiteBehavior [ RunTime:0.000007s ]
INFO: [ app_init ] --END-- [ RunTime:0.000390s ]
ERR: æ— æ³•åŠ è½½æ¨¡å—:Public

[ 2018-09-16T18:46:16+08:00 ] ::1 /dashboard/www/Thinkphp3.2/test/Public/assets/i/examples/admin-firefox.png
INFO: [ app_init ] --START--
INFO: Run Behavior\BuildLiteBehavior [ RunTime:0.000007s ]
INFO: [ app_init ] --END-- [ RunTime:0.000355s ]
ERR: æ— æ³•åŠ è½½æ¨¡å—:Public

[ 2018-09-16T18:46:16+08:00 ] ::1 /dashboard/www/Thinkphp3.2/test/Public/assets/i/examples/admin-chrome.png
INFO: [ app_init ] --START--
INFO: Run Behavior\BuildLiteBehavior [ RunTime:0.000006s ]
INFO: [ app_init ] --END-- [ RunTime:0.000345s ]
ERR: æ— æ³•åŠ è½½æ¨¡å—:Public

[ 2018-09-16T18:46:16+08:00 ] ::1 /dashboard/www/Thinkphp3.2/test/Public/js/jquery.min.js
INFO: [ app_init ] --START--
INFO: Run Behavior\BuildLiteBehavior [ RunTime:0.000006s ]
INFO: [ app_init ] --END-- [ RunTime:0.000303s ]
ERR: æ— æ³•åŠ è½½æ¨¡å—:Public

[ 2018-09-16T18:46:16+08:00 ] ::1 /dashboard/www/Thinkphp3.2/test/Public/assets/i/examples/admin-opera.png
INFO: [ app_init ] --START--
INFO: Run Behavior\BuildLiteBehavior [ RunTime:0.000008s ]
INFO: [ app_init ] --END-- [ RunTime:0.000375s ]
ERR: æ— æ³•åŠ è½½æ¨¡å—:Public

[ 2018-09-16T18:46:16+08:00 ] ::1 /dashboard/www/Thinkphp3.2/test/Public/assets/i/examples/admin-safari.png
INFO: [ app_init ] --START--
INFO: Run Behavior\BuildLiteBehavior [ RunTime:0.000042s ]
INFO: [ app_init ] --END-- [ RunTime:0.000376s ]
ERR: æ— æ³•åŠ è½½æ¨¡å—:Public

[ 2018-09-16T18:46:16+08:00 ] ::1 /dashboard/www/Thinkphp3.2/test/Public/assets/i/examples/admin-ie.png
INFO: [ app_init ] --START--
INFO: Run Behavior\BuildLiteBehavior [ RunTime:0.000009s ]
INFO: [ app_init ] --END-- [ RunTime:0.000510s ]
ERR: æ— æ³•åŠ è½½æ¨¡å—:Public

[ 2018-09-16T18:46:16+08:00 ] ::1 /dashboard/www/Thinkphp3.2/test/Public/js/jquery.min.js
INFO: [ app_init ] --START--
INFO: Run Behavior\BuildLiteBehavior [ RunTime:0.000007s ]
INFO: [ app_init ] --END-- [ RunTime:0.000489s ]
ERR: æ— æ³•åŠ è½½æ¨¡å—:Public

[ 2018-09-16T18:46:23+08:00 ] ::1 /dashboard/www/Thinkphp3.2/test/Public/assets/i/examples/admin-chrome.png
INFO: [ app_init ] --START--
INFO: Run Behavior\BuildLiteBehavior [ RunTime:0.000007s ]
INFO: [ app_init ] --END-- [ RunTime:0.000787s ]
ERR: æ— æ³•åŠ è½½æ¨¡å—:Public

[ 2018-09-16T18:46:23+08:00 ] ::1 /dashboard/www/Thinkphp3.2/test/Public/assets/i/examples/admin-firefox.png
INFO: [ app_init ] --START--
INFO: Run Behavior\BuildLiteBehavior [ RunTime:0.000005s ]
INFO: [ app_init ] --END-- [ RunTime:0.000314s ]
ERR: æ— æ³•åŠ è½½æ¨¡å—:Public

[ 2018-09-16T18:46:23+08:00 ] ::1 /dashboard/www/Thinkphp3.2/test/Public/assets/i/examples/admin-ie.png
INFO: [ app_init ] --START--
INFO: Run Behavior\BuildLiteBehavior [ RunTime:0.000006s ]
INFO: [ app_init ] --END-- [ RunTime:0.000357s ]
ERR: æ— æ³•åŠ è½½æ¨¡å—:Public

[ 2018-09-16T18:46:23+08:00 ] ::1 /dashboard/www/Thinkphp3.2/test/Public/js/jquery.min.js
INFO: [ app_init ] --START--
INFO: Run Behavior\BuildLiteBehavior [ RunTime:0.000010s ]
INFO: [ app_init ] --END-- [ RunTime:0.000538s ]
ERR: æ— æ³•åŠ è½½æ¨¡å—:Public

[ 2018-09-16T18:46:23+08:00 ] ::1 /dashboard/www/Thinkphp3.2/test/Public/assets/i/examples/admin-safari.png
INFO: [ app_init ] --START--
INFO: Run Behavior\BuildLiteBehavior [ RunTime:0.000005s ]
INFO: [ app_init ] --END-- [ RunTime:0.000320s ]
ERR: æ— æ³•åŠ è½½æ¨¡å—:Public

[ 2018-09-16T18:46:23+08:00 ] ::1 /dashboard/www/Thinkphp3.2/test/Public/js/jquery.min.js
INFO: [ app_init ] --START--
INFO: Run Behavior\BuildLiteBehavior [ RunTime:0.000006s ]
INFO: [ app_init ] --END-- [ RunTime:0.000317s ]
ERR: æ— æ³•åŠ è½½æ¨¡å—:Public

[ 2018-09-16T18:46:24+08:00 ] ::1 /dashboard/www/Thinkphp3.2/test/Public/js/jquery.min.js
INFO: [ app_init ] --START--
INFO: Run Behavior\BuildLiteBehavior [ RunTime:0.000006s ]
INFO: [ app_init ] --END-- [ RunTime:0.000357s ]
ERR: æ— æ³•åŠ è½½æ¨¡å—:Public

[ 2018-09-16T22:22:10+08:00 ] ::1 /dashboard/www/Thinkphp3.2/test/Public/js/jquery.min.js
INFO: [ app_init ] --START--
INFO: Run Behavior\BuildLiteBehavior [ RunTime:0.000005s ]
INFO: [ app_init ] --END-- [ RunTime:0.000438s ]
ERR: æ— æ³•åŠ è½½æ¨¡å—:Public

[ 2018-09-16T22:22:10+08:00 ] ::1 /dashboard/www/Thinkphp3.2/test/Public/js/jquery.min.js
INFO: [ app_init ] --START--
INFO: Run Behavior\BuildLiteBehavior [ RunTime:0.000005s ]
INFO: [ app_init ] --END-- [ RunTime:0.000326s ]
ERR: æ— æ³•åŠ è½½æ¨¡å—:Public

[ 2018-09-16T22:22:55+08:00 ] ::1 /dashboard/www/Thinkphp3.2/test/Public/js/jquery.min.js
INFO: [ app_init ] --START--
INFO: Run Behavior\BuildLiteBehavior [ RunTime:0.000005s ]
INFO: [ app_init ] --END-- [ RunTime:0.000339s ]
ERR: æ— æ³•åŠ è½½æ¨¡å—:Public

[ 2018-09-16T22:49:13+08:00 ] ::1 /dashboard/www/Thinkphp3.2/test/Public/assets/i/examples/admin-chrome.png
INFO: [ app_init ] --START--
INFO: Run Behavior\BuildLiteBehavior [ RunTime:0.000006s ]
INFO: [ app_init ] --END-- [ RunTime:0.000312s ]
ERR: æ— æ³•åŠ è½½æ¨¡å—:Public

[ 2018-09-16T22:49:13+08:00 ] ::1 /dashboard/www/Thinkphp3.2/test/Public/js/jquery.min.js
INFO: [ app_init ] --START--
INFO: Run Behavior\BuildLiteBehavior [ RunTime:0.000010s ]
INFO: [ app_init ] --END-- [ RunTime:0.000459s ]
ERR: æ— æ³•åŠ è½½æ¨¡å—:Public

[ 2018-09-16T22:49:13+08:00 ] ::1 /dashboard/www/Thinkphp3.2/test/Public/assets/i/examples/admin-ie.png
INFO: [ app_init ] --START--
INFO: Run Behavior\BuildLiteBehavior [ RunTime:0.000032s ]
INFO: [ app_init ] --END-- [ RunTime:0.000667s ]
ERR: æ— æ³•åŠ è½½æ¨¡å—:Public

[ 2018-09-16T22:49:13+08:00 ] ::1 /dashboard/www/Thinkphp3.2/test/Public/assets/i/examples/admin-firefox.png
INFO: [ app_init ] --START--
INFO: Run Behavior\BuildLiteBehavior [ RunTime:0.000006s ]
INFO: [ app_init ] --END-- [ RunTime:0.000381s ]
ERR: æ— æ³•åŠ è½½æ¨¡å—:Public

[ 2018-09-16T22:49:13+08:00 ] ::1 /dashboard/www/Thinkphp3.2/test/Public/assets/i/examples/admin-opera.png
INFO: [ app_init ] --START--
INFO: Run Behavior\BuildLiteBehavior [ RunTime:0.000035s ]
INFO: [ app_init ] --END-- [ RunTime:0.000793s ]
ERR: æ— æ³•åŠ è½½æ¨¡å—:Public

[ 2018-09-16T22:49:13+08:00 ] ::1 /dashboard/www/Thinkphp3.2/test/Public/assets/i/examples/admin-safari.png
INFO: [ app_init ] --START--
INFO: Run Behavior\BuildLiteBehavior [ RunTime:0.000008s ]
INFO: [ app_init ] --END-- [ RunTime:0.000374s ]
ERR: æ— æ³•åŠ è½½æ¨¡å—:Public

[ 2018-09-16T22:49:15+08:00 ] ::1 /dashboard/www/Thinkphp3.2/test/Public/js/jquery.min.js
INFO: [ app_init ] --START--
INFO: Run Behavior\BuildLiteBehavior [ RunTime:0.000006s ]
INFO: [ app_init ] --END-- [ RunTime:0.000328s ]
ERR: æ— æ³•åŠ è½½æ¨¡å—:Public

[ 2018-09-16T23:41:02+08:00 ] ::1 /dashboard/www/Thinkphp3.2/test/Public/js/jquery.min.js
INFO: [ app_init ] --START--
INFO: Run Behavior\BuildLiteBehavior [ RunTime:0.000020s ]
INFO: [ app_init ] --END-- [ RunTime:0.000454s ]
ERR: æ— æ³•åŠ è½½æ¨¡å—:Public

[ 2018-09-16T23:41:02+08:00 ] ::1 /dashboard/www/Thinkphp3.2/test/Public/js/jquery.min.js
INFO: [ app_init ] --START--
INFO: Run Behavior\BuildLiteBehavior [ RunTime:0.000006s ]
INFO: [ app_init ] --END-- [ RunTime:0.000295s ]
ERR: æ— æ³•åŠ è½½æ¨¡å—:Public

[ 2018-09-16T23:41:04+08:00 ] ::1 /dashboard/www/Thinkphp3.2/test/Public/assets/i/examples/admin-chrome.png
INFO: [ app_init ] --START--
INFO: Run Behavior\BuildLiteBehavior [ RunTime:0.000005s ]
INFO: [ app_init ] --END-- [ RunTime:0.000347s ]
ERR: æ— æ³•åŠ è½½æ¨¡å—:Public

[ 2018-09-16T23:41:04+08:00 ] ::1 /dashboard/www/Thinkphp3.2/test/Public/assets/i/examples/admin-opera.png
INFO: [ app_init ] --START--
INFO: Run Behavior\BuildLiteBehavior [ RunTime:0.000011s ]
INFO: [ app_init ] --END-- [ RunTime:0.000378s ]
ERR: æ— æ³•åŠ è½½æ¨¡å—:Public


[ 2018-09-16T23:41:04+08:00 ] ::1 /dashboard/www/Thinkphp3.2/test/Public/js/jquery.min.js
INFO: [ app_init ] --START--
INFO: Run Behavior\BuildLiteBehavior [ RunTime:0.000008s ]
INFO: [ app_init ] --END-- [ RunTime:0.000355s ]
ERR: æ— æ³•åŠ è½½æ¨¡å—:Public

[ 2018-09-16T23:41:04+08:00 ] ::1 /dashboard/www/Thinkphp3.2/test/Public/assets/i/examples/admin-firefox.png
INFO: [ app_init ] --START--
INFO: Run Behavior\BuildLiteBehavior [ RunTime:0.000010s ]
INFO: [ app_init ] --END-- [ RunTime:0.002035s ]
ERR: æ— æ³•åŠ è½½æ¨¡å—:Public

[ 2018-09-16T23:41:04+08:00 ] ::1 /dashboard/www/Thinkphp3.2/test/Public/assets/i/examples/admin-ie.png
INFO: [ app_init ] --START--
INFO: Run Behavior\BuildLiteBehavior [ RunTime:0.000007s ]
INFO: [ app_init ] --END-- [ RunTime:0.000378s ]
ERR: æ— æ³•åŠ è½½æ¨¡å—:Public

[ 2018-09-16T23:41:04+08:00 ] ::1 /dashboard/www/Thinkphp3.2/test/Public/js/jquery.min.js
INFO: [ app_init ] --START--
INFO: Run Behavior\BuildLiteBehavior [ RunTime:0.000005s ]
INFO: [ app_init ] --END-- [ RunTime:0.000287s ]
ERR: æ— æ³•åŠ è½½æ¨¡å—:Public

