[ 2019-10-24T22:28:39+08:00 ] ::1 /dashboard/www/Thinkphp3.2/MovieAdministration/Public/adv.html
INFO: [ app_init ] --START--
INFO: Run Behavior\BuildLiteBehavior [ RunTime:0.000009s ]
INFO: [ app_init ] --END-- [ RunTime:0.000487s ]
ERR: 无法加载模块:Public

[ 2019-10-24T22:28:40+08:00 ] ::1 /dashboard/www/Thinkphp3.2/MovieAdministration/Public/adv.html
INFO: [ app_init ] --START--
INFO: Run Behavior\BuildLiteBehavior [ RunTime:0.000005s ]
INFO: [ app_init ] --END-- [ RunTime:0.000359s ]
ERR: 无法加载模块:Public

[ 2019-10-24T22:28:41+08:00 ] ::1 /dashboard/www/Thinkphp3.2/MovieAdministration/Public/pass.html
INFO: [ app_init ] --START--
INFO: Run Behavior\BuildLiteBehavior [ RunTime:0.000005s ]
INFO: [ app_init ] --END-- [ RunTime:0.000392s ]
ERR: 无法加载模块:Public

[ 2019-10-24T22:51:00+08:00 ] ::1 /dashboard/www/Thinkphp3.2/MovieAdministration/Public/js/page/person.js
INFO: [ app_init ] --START--
INFO: Run Behavior\BuildLiteBehavior [ RunTime:0.000012s ]
INFO: [ app_init ] --END-- [ RunTime:0.000571s ]
ERR: 无法加载模块:Public

[ 2019-10-24T22:51:00+08:00 ] ::1 /dashboard/www/Thinkphp3.2/MovieAdministration/Public/js/page/person.js
INFO: [ app_init ] --START--
INFO: Run Behavior\BuildLiteBehavior [ RunTime:0.000006s ]
INFO: [ app_init ] --END-- [ RunTime:0.000365s ]
ERR: 无法加载模块:Public

[ 2019-10-24T22:51:00+08:00 ] ::1 /dashboard/www/Thinkphp3.2/MovieAdministration/Public/js/page/person.js
INFO: [ app_init ] --START--
INFO: Run Behavior\BuildLiteBehavior [ RunTime:0.000006s ]
INFO: [ app_init ] --END-- [ RunTime:0.000385s ]
ERR: 无法加载模块:Public

[ 2019-10-24T22:51:00+08:00 ] ::1 /dashboard/www/Thinkphp3.2/MovieAdministration/Public/js/page/person.js
INFO: [ app_init ] --START--
INFO: Run Behavior\BuildLiteBehavior [ RunTime:0.000006s ]
INFO: [ app_init ] --END-- [ RunTime:0.000381s ]
ERR: 无法加载模块:Public

[ 2019-10-24T22:51:01+08:00 ] ::1 /dashboard/www/Thinkphp3.2/MovieAdministration/Public/js/page/person.js
INFO: [ app_init ] --START--
INFO: Run Behavior\BuildLiteBehavior [ RunTime:0.000007s ]
INFO: [ app_init ] --END-- [ RunTime:0.000633s ]
ERR: 无法加载模块:Public

[ 2019-10-24T22:51:01+08:00 ] ::1 /dashboard/www/Thinkphp3.2/MovieAdministration/Public/js/page/person.js
INFO: [ app_init ] --START--
INFO: Run Behavior\BuildLiteBehavior [ RunTime:0.000005s ]
INFO: [ app_init ] --END-- [ RunTime:0.000348s ]
ERR: 无法加载模块:Public

[ 2019-10-24T22:51:01+08:00 ] ::1 /dashboard/www/Thinkphp3.2/MovieAdministration/Public/js/page/person.js
INFO: [ app_init ] --START--
INFO: Run Behavior\BuildLiteBehavior [ RunTime:0.000007s ]
INFO: [ app_init ] --END-- [ RunTime:0.000475s ]
ERR: 无法加载模块:Public

[ 2019-10-24T22:51:01+08:00 ] ::1 /dashboard/www/Thinkphp3.2/MovieAdministration/Public/js/page/person.js
INFO: [ app_init ] --START--
INFO: Run Behavior\BuildLiteBehavior [ RunTime:0.000005s ]
INFO: [ app_init ] --END-- [ RunTime:0.000356s ]
ERR: 无法加载模块:Public

[ 2019-10-24T22:51:01+08:00 ] ::1 /dashboard/www/Thinkphp3.2/MovieAdministration/Public/js/page/person.js
INFO: [ app_init ] --START--
INFO: Run Behavior\BuildLiteBehavior [ RunTime:0.000005s ]
INFO: [ app_init ] --END-- [ RunTime:0.000381s ]
ERR: 无法加载模块:Public

[ 2019-10-24T22:51:01+08:00 ] ::1 /dashboard/www/Thinkphp3.2/MovieAdministration/Public/js/page/person.js
INFO: [ app_init ] --START--
INFO: Run Behavior\BuildLiteBehavior [ RunTime:0.000006s ]
INFO: [ app_init ] --END-- [ RunTime:0.000443s ]
ERR: 无法加载模块:Public

[ 2019-10-24T22:51:03+08:00 ] ::1 /dashboard/www/Thinkphp3.2/MovieAdministration/Public/js/page/person.js
INFO: [ app_init ] --START--
INFO: Run Behavior\BuildLiteBehavior [ RunTime:0.000014s ]
INFO: [ app_init ] --END-- [ RunTime:0.000730s ]
ERR: 无法加载模块:Public

[ 2019-10-24T22:51:03+08:00 ] ::1 /dashboard/www/Thinkphp3.2/MovieAdministration/Public/js/page/person.js
INFO: [ app_init ] --START--
INFO: Run Behavior\BuildLiteBehavior [ RunTime:0.000007s ]
INFO: [ app_init ] --END-- [ RunTime:0.000458s ]
ERR: 无法加载模块:Public

[ 2019-10-24T22:51:03+08:00 ] ::1 /dashboard/www/Thinkphp3.2/MovieAdministration/Public/js/page/person.js
INFO: [ app_init ] --START--
INFO: Run Behavior\BuildLiteBehavior [ RunTime:0.000006s ]
INFO: [ app_init ] --END-- [ RunTime:0.000448s ]
ERR: 无法加载模块:Public

[ 2019-10-24T22:57:14+08:00 ] ::1 /dashboard/www/Thinkphp3.2/MovieAdministration/Public/js/page/person.js
INFO: [ app_init ] --START--
INFO: Run Behavior\BuildLiteBehavior [ RunTime:0.000007s ]
INFO: [ app_init ] --END-- [ RunTime:0.000559s ]
ERR: 无法加载模块:Public

[ 2019-10-24T22:57:14+08:00 ] ::1 /dashboard/www/Thinkphp3.2/MovieAdministration/Public/js/page/person.js
INFO: [ app_init ] --START--
INFO: Run Behavior\BuildLiteBehavior [ RunTime:0.000006s ]
INFO: [ app_init ] --END-- [ RunTime:0.000349s ]
ERR: 无法加载模块:Public

[ 2019-10-24T22:57:15+08:00 ] ::1 /dashboard/www/Thinkphp3.2/MovieAdministration/Public/js/page/person.js
INFO: [ app_init ] --START--
INFO: Run Behavior\BuildLiteBehavior [ RunTime:0.000006s ]
INFO: [ app_init ] --END-- [ RunTime:0.000360s ]
ERR: 无法加载模块:Public

[ 2019-10-24T22:57:15+08:00 ] ::1 /dashboard/www/Thinkphp3.2/MovieAdministration/Public/js/page/person.js
INFO: [ app_init ] --START--
INFO: Run Behavior\BuildLiteBehavior [ RunTime:0.000006s ]
INFO: [ app_init ] --END-- [ RunTime:0.000398s ]
ERR: 无法加载模块:Public

[ 2019-10-24T22:57:15+08:00 ] ::1 /dashboard/www/Thinkphp3.2/MovieAdministration/Public/js/page/person.js
INFO: [ app_init ] --START--
INFO: Run Behavior\BuildLiteBehavior [ RunTime:0.000006s ]
INFO: [ app_init ] --END-- [ RunTime:0.000394s ]
ERR: 无法加载模块:Public

[ 2019-10-24T22:57:15+08:00 ] ::1 /dashboard/www/Thinkphp3.2/MovieAdministration/Public/js/page/person.js
INFO: [ app_init ] --START--
INFO: Run Behavior\BuildLiteBehavior [ RunTime:0.000006s ]
INFO: [ app_init ] --END-- [ RunTime:0.000364s ]
ERR: 无法加载模块:Public

[ 2019-10-24T22:57:15+08:00 ] ::1 /dashboard/www/Thinkphp3.2/MovieAdministration/Public/js/page/person.js
INFO: [ app_init ] --START--
INFO: Run Behavior\BuildLiteBehavior [ RunTime:0.000006s ]
INFO: [ app_init ] --END-- [ RunTime:0.000384s ]
ERR: 无法加载模块:Public

[ 2019-10-24T22:57:15+08:00 ] ::1 /dashboard/www/Thinkphp3.2/MovieAdministration/Public/js/page/person.js
INFO: [ app_init ] --START--
INFO: Run Behavior\BuildLiteBehavior [ RunTime:0.000006s ]
INFO: [ app_init ] --END-- [ RunTime:0.000711s ]
ERR: 无法加载模块:Public

[ 2019-10-24T22:57:15+08:00 ] ::1 /dashboard/www/Thinkphp3.2/MovieAdministration/Public/js/page/person.js
INFO: [ app_init ] --START--
INFO: Run Behavior\BuildLiteBehavior [ RunTime:0.000005s ]
INFO: [ app_init ] --END-- [ RunTime:0.000384s ]
ERR: 无法加载模块:Public

[ 2019-10-24T22:57:15+08:00 ] ::1 /dashboard/www/Thinkphp3.2/MovieAdministration/Public/js/page/person.js
INFO: [ app_init ] --START--
INFO: Run Behavior\BuildLiteBehavior [ RunTime:0.000006s ]
INFO: [ app_init ] --END-- [ RunTime:0.000374s ]
ERR: 无法加载模块:Public

[ 2019-10-24T22:57:16+08:00 ] ::1 /dashboard/www/Thinkphp3.2/MovieAdministration/Public/js/page/person.js
INFO: [ app_init ] --START--
INFO: Run Behavior\BuildLiteBehavior [ RunTime:0.000007s ]
INFO: [ app_init ] --END-- [ RunTime:0.000401s ]
ERR: 无法加载模块:Public

[ 2019-10-24T22:57:16+08:00 ] ::1 /dashboard/www/Thinkphp3.2/MovieAdministration/Public/js/page/person.js
INFO: [ app_init ] --START--
INFO: Run Behavior\BuildLiteBehavior [ RunTime:0.000005s ]
INFO: [ app_init ] --END-- [ RunTime:0.000380s ]
ERR: 无法加载模块:Public

[ 2019-10-24T22:57:16+08:00 ] ::1 /dashboard/www/Thinkphp3.2/MovieAdministration/Public/js/page/person.js
INFO: [ app_init ] --START--
INFO: Run Behavior\BuildLiteBehavior [ RunTime:0.000006s ]
INFO: [ app_init ] --END-- [ RunTime:0.000359s ]
ERR: 无法加载模块:Public

[ 2019-10-24T22:57:16+08:00 ] ::1 /dashboard/www/Thinkphp3.2/MovieAdministration/Public/js/page/person.js
INFO: [ app_init ] --START--
INFO: Run Behavior\BuildLiteBehavior [ RunTime:0.000007s ]
INFO: [ app_init ] --END-- [ RunTime:0.000399s ]
ERR: 无法加载模块:Public

[ 2019-10-24T22:57:18+08:00 ] ::1 /dashboard/www/Thinkphp3.2/MovieAdministration/Public/js/page/person.js
INFO: [ app_init ] --START--
INFO: Run Behavior\BuildLiteBehavior [ RunTime:0.000008s ]
INFO: [ app_init ] --END-- [ RunTime:0.000488s ]
ERR: 无法加载模块:Public

[ 2019-10-24T22:57:18+08:00 ] ::1 /dashboard/www/Thinkphp3.2/MovieAdministration/Public/js/page/person.js
INFO: [ app_init ] --START--
INFO: Run Behavior\BuildLiteBehavior [ RunTime:0.000005s ]
INFO: [ app_init ] --END-- [ RunTime:0.000378s ]
ERR: 无法加载模块:Public

[ 2019-10-24T22:57:18+08:00 ] ::1 /dashboard/www/Thinkphp3.2/MovieAdministration/Public/js/page/person.js
INFO: [ app_init ] --START--
INFO: Run Behavior\BuildLiteBehavior [ RunTime:0.000012s ]
INFO: [ app_init ] --END-- [ RunTime:0.000624s ]
ERR: 无法加载模块:Public

[ 2019-10-24T22:57:23+08:00 ] ::1 /dashboard/www/Thinkphp3.2/MovieAdministration/Public/js/page/person.js
INFO: [ app_init ] --START--
INFO: Run Behavior\BuildLiteBehavior [ RunTime:0.000007s ]
INFO: [ app_init ] --END-- [ RunTime:0.000411s ]
ERR: 无法加载模块:Public

[ 2019-10-24T22:57:23+08:00 ] ::1 /dashboard/www/Thinkphp3.2/MovieAdministration/Public/js/page/person.js
INFO: [ app_init ] --START--
INFO: Run Behavior\BuildLiteBehavior [ RunTime:0.000008s ]
INFO: [ app_init ] --END-- [ RunTime:0.000605s ]
ERR: 无法加载模块:Public

[ 2019-10-24T22:57:23+08:00 ] ::1 /dashboard/www/Thinkphp3.2/MovieAdministration/Public/js/page/person.js
INFO: [ app_init ] --START--
INFO: Run Behavior\BuildLiteBehavior [ RunTime:0.000006s ]
INFO: [ app_init ] --END-- [ RunTime:0.000430s ]
ERR: 无法加载模块:Public

[ 2019-10-24T22:57:23+08:00 ] ::1 /dashboard/www/Thinkphp3.2/MovieAdministration/Public/js/page/person.js
INFO: [ app_init ] --START--
INFO: Run Behavior\BuildLiteBehavior [ RunTime:0.000008s ]
INFO: [ app_init ] --END-- [ RunTime:0.000393s ]
ERR: 无法加载模块:Public

[ 2019-10-24T22:57:46+08:00 ] ::1 /dashboard/www/Thinkphp3.2/MovieAdministration/Public/pass.html
INFO: [ app_init ] --START--
INFO: Run Behavior\BuildLiteBehavior [ RunTime:0.000004s ]
INFO: [ app_init ] --END-- [ RunTime:0.000390s ]
ERR: 无法加载模块:Public

[ 2019-10-24T22:57:48+08:00 ] ::1 /dashboard/www/Thinkphp3.2/MovieAdministration/Public/login.html
INFO: [ app_init ] --START--
INFO: Run Behavior\BuildLiteBehavior [ RunTime:0.000006s ]
INFO: [ app_init ] --END-- [ RunTime:0.000404s ]
ERR: 无法加载模块:Public

[ 2019-10-24T22:58:55+08:00 ] ::1 /dashboard/www/Thinkphp3.2/MovieAdministration/Public/js/page/person.js
INFO: [ app_init ] --START--
INFO: Run Behavior\BuildLiteBehavior [ RunTime:0.000008s ]
INFO: [ app_init ] --END-- [ RunTime:0.000405s ]
ERR: 无法加载模块:Public

[ 2019-10-24T22:58:55+08:00 ] ::1 /dashboard/www/Thinkphp3.2/MovieAdministration/Public/js/page/person.js
INFO: [ app_init ] --START--
INFO: Run Behavior\BuildLiteBehavior [ RunTime:0.000005s ]
INFO: [ app_init ] --END-- [ RunTime:0.000338s ]
ERR: 无法加载模块:Public

[ 2019-10-24T22:58:55+08:00 ] ::1 /dashboard/www/Thinkphp3.2/MovieAdministration/Public/js/page/person.js
INFO: [ app_init ] --START--
INFO: Run Behavior\BuildLiteBehavior [ RunTime:0.000007s ]
INFO: [ app_init ] --END-- [ RunTime:0.000491s ]
ERR: 无法加载模块:Public

[ 2019-10-24T22:58:55+08:00 ] ::1 /dashboard/www/Thinkphp3.2/MovieAdministration/Public/js/page/person.js
INFO: [ app_init ] --START--
INFO: Run Behavior\BuildLiteBehavior [ RunTime:0.000011s ]
INFO: [ app_init ] --END-- [ RunTime:0.000411s ]
ERR: 无法加载模块:Public

[ 2019-10-24T22:59:18+08:00 ] ::1 /dashboard/www/Thinkphp3.2/MovieAdministration/Public/js/page/person.js
INFO: [ app_init ] --START--
INFO: Run Behavior\BuildLiteBehavior [ RunTime:0.000010s ]
INFO: [ app_init ] --END-- [ RunTime:0.001578s ]
ERR: 无法加载模块:Public

[ 2019-10-24T22:59:18+08:00 ] ::1 /dashboard/www/Thinkphp3.2/MovieAdministration/Public/js/page/person.js
INFO: [ app_init ] --START--
INFO: Run Behavior\BuildLiteBehavior [ RunTime:0.000008s ]
INFO: [ app_init ] --END-- [ RunTime:0.000436s ]
ERR: 无法加载模块:Public

[ 2019-10-24T22:59:19+08:00 ] ::1 /dashboard/www/Thinkphp3.2/MovieAdministration/Public/css/verify.css
INFO: [ app_init ] --START--
INFO: Run Behavior\BuildLiteBehavior [ RunTime:0.000007s ]
INFO: [ app_init ] --END-- [ RunTime:0.000462s ]
ERR: 无法加载模块:Public

[ 2019-10-24T22:59:19+08:00 ] ::1 /dashboard/www/Thinkphp3.2/MovieAdministration/Public/js/verify.js
INFO: [ app_init ] --START--
INFO: Run Behavior\BuildLiteBehavior [ RunTime:0.000007s ]
INFO: [ app_init ] --END-- [ RunTime:0.000425s ]
ERR: 无法加载模块:Public

[ 2019-10-24T22:59:19+08:00 ] ::1 /dashboard/www/Thinkphp3.2/MovieAdministration/Public/js/page/login.js
INFO: [ app_init ] --START--
INFO: Run Behavior\BuildLiteBehavior [ RunTime:0.000008s ]
INFO: [ app_init ] --END-- [ RunTime:0.001447s ]
ERR: 无法加载模块:Public

[ 2019-10-24T23:14:58+08:00 ] ::1 /dashboard/www/Thinkphp3.2/MovieAdministration/Public/js/page/person.js
INFO: [ app_init ] --START--
INFO: Run Behavior\BuildLiteBehavior [ RunTime:0.000006s ]
INFO: [ app_init ] --END-- [ RunTime:0.000385s ]
ERR: 无法加载模块:Public

[ 2019-10-24T23:14:58+08:00 ] ::1 /dashboard/www/Thinkphp3.2/MovieAdministration/Public/js/page/person.js
INFO: [ app_init ] --START--
INFO: Run Behavior\BuildLiteBehavior [ RunTime:0.000008s ]
INFO: [ app_init ] --END-- [ RunTime:0.000583s ]
ERR: 无法加载模块:Public

[ 2019-10-24T23:14:59+08:00 ] ::1 /dashboard/www/Thinkphp3.2/MovieAdministration/Public/js/page/person.js
INFO: [ app_init ] --START--
INFO: Run Behavior\BuildLiteBehavior [ RunTime:0.000005s ]
INFO: [ app_init ] --END-- [ RunTime:0.000351s ]
ERR: 无法加载模块:Public

[ 2019-10-24T23:14:59+08:00 ] ::1 /dashboard/www/Thinkphp3.2/MovieAdministration/Public/js/page/person.js
INFO: [ app_init ] --START--
INFO: Run Behavior\BuildLiteBehavior [ RunTime:0.000013s ]
INFO: [ app_init ] --END-- [ RunTime:0.000422s ]
ERR: 无法加载模块:Public

[ 2019-10-24T23:14:59+08:00 ] ::1 /dashboard/www/Thinkphp3.2/MovieAdministration/Public/js/page/person.js
INFO: [ app_init ] --START--
INFO: Run Behavior\BuildLiteBehavior [ RunTime:0.000007s ]
INFO: [ app_init ] --END-- [ RunTime:0.000412s ]
ERR: 无法加载模块:Public

[ 2019-10-24T23:14:59+08:00 ] ::1 /dashboard/www/Thinkphp3.2/MovieAdministration/Public/js/page/person.js
INFO: [ app_init ] --START--
INFO: Run Behavior\BuildLiteBehavior [ RunTime:0.000006s ]
INFO: [ app_init ] --END-- [ RunTime:0.000370s ]
ERR: 无法加载模块:Public

[ 2019-10-24T23:14:59+08:00 ] ::1 /dashboard/www/Thinkphp3.2/MovieAdministration/Public/js/page/person.js
INFO: [ app_init ] --START--
INFO: Run Behavior\BuildLiteBehavior [ RunTime:0.000006s ]
INFO: [ app_init ] --END-- [ RunTime:0.000410s ]
ERR: 无法加载模块:Public

[ 2019-10-24T23:15:00+08:00 ] ::1 /dashboard/www/Thinkphp3.2/MovieAdministration/Public/js/page/person.js
INFO: [ app_init ] --START--
INFO: Run Behavior\BuildLiteBehavior [ RunTime:0.000007s ]
INFO: [ app_init ] --END-- [ RunTime:0.000396s ]
ERR: 无法加载模块:Public

[ 2019-10-24T23:15:00+08:00 ] ::1 /dashboard/www/Thinkphp3.2/MovieAdministration/Public/js/page/person.js
INFO: [ app_init ] --START--
INFO: Run Behavior\BuildLiteBehavior [ RunTime:0.000010s ]
INFO: [ app_init ] --END-- [ RunTime:0.000695s ]
ERR: 无法加载模块:Public

[ 2019-10-24T23:15:01+08:00 ] ::1 /dashboard/www/Thinkphp3.2/MovieAdministration/Public/js/page/person.js
INFO: [ app_init ] --START--
INFO: Run Behavior\BuildLiteBehavior [ RunTime:0.000006s ]
INFO: [ app_init ] --END-- [ RunTime:0.000362s ]
ERR: 无法加载模块:Public

[ 2019-10-24T23:15:01+08:00 ] ::1 /dashboard/www/Thinkphp3.2/MovieAdministration/Public/js/page/person.js
INFO: [ app_init ] --START--
INFO: Run Behavior\BuildLiteBehavior [ RunTime:0.000006s ]
INFO: [ app_init ] --END-- [ RunTime:0.000353s ]
ERR: 无法加载模块:Public

[ 2019-10-24T23:15:02+08:00 ] ::1 /dashboard/www/Thinkphp3.2/MovieAdministration/Public/js/page/person.js
INFO: [ app_init ] --START--
INFO: Run Behavior\BuildLiteBehavior [ RunTime:0.000007s ]
INFO: [ app_init ] --END-- [ RunTime:0.000415s ]
ERR: 无法加载模块:Public

[ 2019-10-24T23:15:02+08:00 ] ::1 /dashboard/www/Thinkphp3.2/MovieAdministration/Public/js/page/person.js
INFO: [ app_init ] --START--
INFO: Run Behavior\BuildLiteBehavior [ RunTime:0.000008s ]
INFO: [ app_init ] --END-- [ RunTime:0.000404s ]
ERR: 无法加载模块:Public

[ 2019-10-24T23:15:03+08:00 ] ::1 /dashboard/www/Thinkphp3.2/MovieAdministration/Public/js/page/person.js
INFO: [ app_init ] --START--
INFO: Run Behavior\BuildLiteBehavior [ RunTime:0.000005s ]
INFO: [ app_init ] --END-- [ RunTime:0.000352s ]
ERR: 无法加载模块:Public

[ 2019-10-24T23:15:03+08:00 ] ::1 /dashboard/www/Thinkphp3.2/MovieAdministration/Public/js/page/person.js
INFO: [ app_init ] --START--
INFO: Run Behavior\BuildLiteBehavior [ RunTime:0.000007s ]
INFO: [ app_init ] --END-- [ RunTime:0.000446s ]
ERR: 无法加载模块:Public

[ 2019-10-24T23:18:06+08:00 ] ::1 /dashboard/www/Thinkphp3.2/MovieAdministration/Public/js/page/person.js
INFO: [ app_init ] --START--
INFO: Run Behavior\BuildLiteBehavior [ RunTime:0.000006s ]
INFO: [ app_init ] --END-- [ RunTime:0.000423s ]
ERR: 无法加载模块:Public

[ 2019-10-24T23:18:06+08:00 ] ::1 /dashboard/www/Thinkphp3.2/MovieAdministration/Public/js/page/person.js
INFO: [ app_init ] --START--
INFO: Run Behavior\BuildLiteBehavior [ RunTime:0.000006s ]
INFO: [ app_init ] --END-- [ RunTime:0.000415s ]
ERR: 无法加载模块:Public

[ 2019-10-24T23:18:07+08:00 ] ::1 /dashboard/www/Thinkphp3.2/MovieAdministration/Public/js/page/person.js
INFO: [ app_init ] --START--
INFO: Run Behavior\BuildLiteBehavior [ RunTime:0.000006s ]
INFO: [ app_init ] --END-- [ RunTime:0.000358s ]
ERR: 无法加载模块:Public

[ 2019-10-24T23:18:07+08:00 ] ::1 /dashboard/www/Thinkphp3.2/MovieAdministration/Public/js/page/person.js
INFO: [ app_init ] --START--
INFO: Run Behavior\BuildLiteBehavior [ RunTime:0.000006s ]
INFO: [ app_init ] --END-- [ RunTime:0.000375s ]
ERR: 无法加载模块:Public

[ 2019-10-24T23:18:07+08:00 ] ::1 /dashboard/www/Thinkphp3.2/MovieAdministration/Public/js/page/person.js
INFO: [ app_init ] --START--
INFO: Run Behavior\BuildLiteBehavior [ RunTime:0.000145s ]
INFO: [ app_init ] --END-- [ RunTime:0.001087s ]
ERR: 无法加载模块:Public

[ 2019-10-24T23:18:07+08:00 ] ::1 /dashboard/www/Thinkphp3.2/MovieAdministration/Public/js/page/person.js
INFO: [ app_init ] --START--
INFO: Run Behavior\BuildLiteBehavior [ RunTime:0.000008s ]
INFO: [ app_init ] --END-- [ RunTime:0.000570s ]
ERR: 无法加载模块:Public

[ 2019-10-24T23:18:08+08:00 ] ::1 /dashboard/www/Thinkphp3.2/MovieAdministration/Public/js/page/person.js
INFO: [ app_init ] --START--
INFO: Run Behavior\BuildLiteBehavior [ RunTime:0.000007s ]
INFO: [ app_init ] --END-- [ RunTime:0.000403s ]
ERR: 无法加载模块:Public

[ 2019-10-24T23:18:08+08:00 ] ::1 /dashboard/www/Thinkphp3.2/MovieAdministration/Public/js/page/person.js
INFO: [ app_init ] --START--
INFO: Run Behavior\BuildLiteBehavior [ RunTime:0.000007s ]
INFO: [ app_init ] --END-- [ RunTime:0.000531s ]
ERR: 无法加载模块:Public

[ 2019-10-24T23:18:08+08:00 ] ::1 /dashboard/www/Thinkphp3.2/MovieAdministration/Public/js/page/person.js
INFO: [ app_init ] --START--
INFO: Run Behavior\BuildLiteBehavior [ RunTime:0.000008s ]
INFO: [ app_init ] --END-- [ RunTime:0.000837s ]
ERR: 无法加载模块:Public

[ 2019-10-24T23:18:08+08:00 ] ::1 /dashboard/www/Thinkphp3.2/MovieAdministration/Public/js/page/person.js
INFO: [ app_init ] --START--
INFO: Run Behavior\BuildLiteBehavior [ RunTime:0.000007s ]
INFO: [ app_init ] --END-- [ RunTime:0.000410s ]
ERR: 无法加载模块:Public

[ 2019-10-24T23:18:10+08:00 ] ::1 /dashboard/www/Thinkphp3.2/MovieAdministration/Public/js/page/person.js
INFO: [ app_init ] --START--
INFO: Run Behavior\BuildLiteBehavior [ RunTime:0.000005s ]
INFO: [ app_init ] --END-- [ RunTime:0.000356s ]
ERR: 无法加载模块:Public

[ 2019-10-24T23:18:10+08:00 ] ::1 /dashboard/www/Thinkphp3.2/MovieAdministration/Public/js/page/person.js
INFO: [ app_init ] --START--
INFO: Run Behavior\BuildLiteBehavior [ RunTime:0.000006s ]
INFO: [ app_init ] --END-- [ RunTime:0.000352s ]
ERR: 无法加载模块:Public

[ 2019-10-24T23:18:12+08:00 ] ::1 /dashboard/www/Thinkphp3.2/MovieAdministration/Public/js/page/person.js
INFO: [ app_init ] --START--
INFO: Run Behavior\BuildLiteBehavior [ RunTime:0.000009s ]
INFO: [ app_init ] --END-- [ RunTime:0.000501s ]
ERR: 无法加载模块:Public

[ 2019-10-24T23:18:12+08:00 ] ::1 /dashboard/www/Thinkphp3.2/MovieAdministration/Public/js/page/person.js
INFO: [ app_init ] --START--
INFO: Run Behavior\BuildLiteBehavior [ RunTime:0.000006s ]
INFO: [ app_init ] --END-- [ RunTime:0.000366s ]
ERR: 无法加载模块:Public

[ 2019-10-24T23:18:13+08:00 ] ::1 /dashboard/www/Thinkphp3.2/MovieAdministration/Public/js/page/person.js
INFO: [ app_init ] --START--
INFO: Run Behavior\BuildLiteBehavior [ RunTime:0.000009s ]
INFO: [ app_init ] --END-- [ RunTime:0.000805s ]
ERR: 无法加载模块:Public

[ 2019-10-24T23:18:13+08:00 ] ::1 /dashboard/www/Thinkphp3.2/MovieAdministration/Public/js/page/person.js
INFO: [ app_init ] --START--
INFO: Run Behavior\BuildLiteBehavior [ RunTime:0.000008s ]
INFO: [ app_init ] --END-- [ RunTime:0.000632s ]
ERR: 无法加载模块:Public

[ 2019-10-24T23:18:14+08:00 ] ::1 /dashboard/www/Thinkphp3.2/MovieAdministration/Public/js/page/person.js
INFO: [ app_init ] --START--
INFO: Run Behavior\BuildLiteBehavior [ RunTime:0.000005s ]
INFO: [ app_init ] --END-- [ RunTime:0.000430s ]
ERR: 无法加载模块:Public

[ 2019-10-24T23:18:14+08:00 ] ::1 /dashboard/www/Thinkphp3.2/MovieAdministration/Public/js/page/person.js
INFO: [ app_init ] --START--
INFO: Run Behavior\BuildLiteBehavior [ RunTime:0.000078s ]
INFO: [ app_init ] --END-- [ RunTime:0.000681s ]
ERR: 无法加载模块:Public

[ 2019-10-24T23:18:58+08:00 ] ::1 /dashboard/www/Thinkphp3.2/MovieAdministration/Public/js/page/person.js
INFO: [ app_init ] --START--
INFO: Run Behavior\BuildLiteBehavior [ RunTime:0.000007s ]
INFO: [ app_init ] --END-- [ RunTime:0.000388s ]
ERR: 无法加载模块:Public

[ 2019-10-24T23:19:02+08:00 ] ::1 /dashboard/www/Thinkphp3.2/MovieAdministration/Public/js/page/person.js
INFO: [ app_init ] --START--
INFO: Run Behavior\BuildLiteBehavior [ RunTime:0.000006s ]
INFO: [ app_init ] --END-- [ RunTime:0.000380s ]
ERR: 无法加载模块:Public

[ 2019-10-24T23:19:02+08:00 ] ::1 /dashboard/www/Thinkphp3.2/MovieAdministration/Public/js/page/person.js
INFO: [ app_init ] --START--
INFO: Run Behavior\BuildLiteBehavior [ RunTime:0.000006s ]
INFO: [ app_init ] --END-- [ RunTime:0.000401s ]
ERR: 无法加载模块:Public

[ 2019-10-24T23:19:02+08:00 ] ::1 /dashboard/www/Thinkphp3.2/MovieAdministration/Public/js/page/person.js
INFO: [ app_init ] --START--
INFO: Run Behavior\BuildLiteBehavior [ RunTime:0.000006s ]
INFO: [ app_init ] --END-- [ RunTime:0.000353s ]
ERR: 无法加载模块:Public

[ 2019-10-24T23:19:02+08:00 ] ::1 /dashboard/www/Thinkphp3.2/MovieAdministration/Public/js/page/person.js
INFO: [ app_init ] --START--
INFO: Run Behavior\BuildLiteBehavior [ RunTime:0.000007s ]
INFO: [ app_init ] --END-- [ RunTime:0.000377s ]
ERR: 无法加载模块:Public

[ 2019-10-24T23:19:04+08:00 ] ::1 /dashboard/www/Thinkphp3.2/MovieAdministration/Public/js/page/person.js
INFO: [ app_init ] --START--
INFO: Run Behavior\BuildLiteBehavior [ RunTime:0.000006s ]
INFO: [ app_init ] --END-- [ RunTime:0.000381s ]
ERR: 无法加载模块:Public

[ 2019-10-24T23:19:04+08:00 ] ::1 /dashboard/www/Thinkphp3.2/MovieAdministration/Public/js/page/person.js
INFO: [ app_init ] --START--
INFO: Run Behavior\BuildLiteBehavior [ RunTime:0.000006s ]
INFO: [ app_init ] --END-- [ RunTime:0.000384s ]
ERR: 无法加载模块:Public

[ 2019-10-24T23:19:04+08:00 ] ::1 /dashboard/www/Thinkphp3.2/MovieAdministration/Public/js/page/person.js
INFO: [ app_init ] --START--
INFO: Run Behavior\BuildLiteBehavior [ RunTime:0.000007s ]
INFO: [ app_init ] --END-- [ RunTime:0.000418s ]
ERR: 无法加载模块:Public

[ 2019-10-24T23:19:04+08:00 ] ::1 /dashboard/www/Thinkphp3.2/MovieAdministration/Public/js/page/person.js
INFO: [ app_init ] --START--
INFO: Run Behavior\BuildLiteBehavior [ RunTime:0.000005s ]
INFO: [ app_init ] --END-- [ RunTime:0.000332s ]
ERR: 无法加载模块:Public

[ 2019-10-24T23:19:04+08:00 ] ::1 /dashboard/www/Thinkphp3.2/MovieAdministration/Public/js/page/person.js
INFO: [ app_init ] --START--
INFO: Run Behavior\BuildLiteBehavior [ RunTime:0.000008s ]
INFO: [ app_init ] --END-- [ RunTime:0.000705s ]
ERR: 无法加载模块:Public

[ 2019-10-24T23:19:05+08:00 ] ::1 /dashboard/www/Thinkphp3.2/MovieAdministration/Public/js/page/person.js
INFO: [ app_init ] --START--
INFO: Run Behavior\BuildLiteBehavior [ RunTime:0.000006s ]
INFO: [ app_init ] --END-- [ RunTime:0.000403s ]
ERR: 无法加载模块:Public

[ 2019-10-24T23:19:05+08:00 ] ::1 /dashboard/www/Thinkphp3.2/MovieAdministration/Public/js/page/person.js
INFO: [ app_init ] --START--
INFO: Run Behavior\BuildLiteBehavior [ RunTime:0.000006s ]
INFO: [ app_init ] --END-- [ RunTime:0.000370s ]
ERR: 无法加载模块:Public

[ 2019-10-24T23:19:05+08:00 ] ::1 /dashboard/www/Thinkphp3.2/MovieAdministration/Public/js/page/person.js
INFO: [ app_init ] --START--
INFO: Run Behavior\BuildLiteBehavior [ RunTime:0.000008s ]
INFO: [ app_init ] --END-- [ RunTime:0.000394s ]
ERR: 无法加载模块:Public

[ 2019-10-24T23:19:05+08:00 ] ::1 /dashboard/www/Thinkphp3.2/MovieAdministration/Public/js/page/person.js
INFO: [ app_init ] --START--
INFO: Run Behavior\BuildLiteBehavior [ RunTime:0.000006s ]
INFO: [ app_init ] --END-- [ RunTime:0.000377s ]
ERR: 无法加载模块:Public

[ 2019-10-24T23:19:05+08:00 ] ::1 /dashboard/www/Thinkphp3.2/MovieAdministration/Public/js/page/person.js
INFO: [ app_init ] --START--
INFO: Run Behavior\BuildLiteBehavior [ RunTime:0.000005s ]
INFO: [ app_init ] --END-- [ RunTime:0.000357s ]
ERR: 无法加载模块:Public

[ 2019-10-24T23:19:05+08:00 ] ::1 /dashboard/www/Thinkphp3.2/MovieAdministration/Public/js/page/person.js
INFO: [ app_init ] --START--
INFO: Run Behavior\BuildLiteBehavior [ RunTime:0.000007s ]
INFO: [ app_init ] --END-- [ RunTime:0.000387s ]
ERR: 无法加载模块:Public

[ 2019-10-24T23:19:05+08:00 ] ::1 /dashboard/www/Thinkphp3.2/MovieAdministration/Public/js/page/person.js
INFO: [ app_init ] --START--
INFO: Run Behavior\BuildLiteBehavior [ RunTime:0.000006s ]
INFO: [ app_init ] --END-- [ RunTime:0.000397s ]
ERR: 无法加载模块:Public

[ 2019-10-24T23:23:08+08:00 ] ::1 /dashboard/www/Thinkphp3.2/MovieAdministration/Public/js/page/person.js
INFO: [ app_init ] --START--
INFO: Run Behavior\BuildLiteBehavior [ RunTime:0.000008s ]
INFO: [ app_init ] --END-- [ RunTime:0.000779s ]
ERR: 无法加载模块:Public

[ 2019-10-24T23:23:08+08:00 ] ::1 /dashboard/www/Thinkphp3.2/MovieAdministration/Public/js/page/person.js
INFO: [ app_init ] --START--
INFO: Run Behavior\BuildLiteBehavior [ RunTime:0.000006s ]
INFO: [ app_init ] --END-- [ RunTime:0.000412s ]
ERR: 无法加载模块:Public

[ 2019-10-24T23:23:08+08:00 ] ::1 /dashboard/www/Thinkphp3.2/MovieAdministration/Public/js/page/person.js
INFO: [ app_init ] --START--
INFO: Run Behavior\BuildLiteBehavior [ RunTime:0.000007s ]
INFO: [ app_init ] --END-- [ RunTime:0.000421s ]
ERR: 无法加载模块:Public

[ 2019-10-24T23:23:08+08:00 ] ::1 /dashboard/www/Thinkphp3.2/MovieAdministration/Public/js/page/person.js
INFO: [ app_init ] --START--
INFO: Run Behavior\BuildLiteBehavior [ RunTime:0.000006s ]
INFO: [ app_init ] --END-- [ RunTime:0.000378s ]
ERR: 无法加载模块:Public

[ 2019-10-24T23:23:10+08:00 ] ::1 /dashboard/www/Thinkphp3.2/MovieAdministration/Public/js/page/person.js
INFO: [ app_init ] --START--
INFO: Run Behavior\BuildLiteBehavior [ RunTime:0.000006s ]
INFO: [ app_init ] --END-- [ RunTime:0.000347s ]
ERR: 无法加载模块:Public

[ 2019-10-24T23:23:10+08:00 ] ::1 /dashboard/www/Thinkphp3.2/MovieAdministration/Public/js/page/person.js
INFO: [ app_init ] --START--
INFO: Run Behavior\BuildLiteBehavior [ RunTime:0.000006s ]
INFO: [ app_init ] --END-- [ RunTime:0.000515s ]
ERR: 无法加载模块:Public

[ 2019-10-24T23:23:10+08:00 ] ::1 /dashboard/www/Thinkphp3.2/MovieAdministration/Public/js/page/person.js
INFO: [ app_init ] --START--
INFO: Run Behavior\BuildLiteBehavior [ RunTime:0.000006s ]
INFO: [ app_init ] --END-- [ RunTime:0.000367s ]
ERR: 无法加载模块:Public

[ 2019-10-24T23:23:10+08:00 ] ::1 /dashboard/www/Thinkphp3.2/MovieAdministration/Public/js/page/person.js
INFO: [ app_init ] --START--
INFO: Run Behavior\BuildLiteBehavior [ RunTime:0.000006s ]
INFO: [ app_init ] --END-- [ RunTime:0.000360s ]
ERR: 无法加载模块:Public

