[ 2019-10-23T23:44:56+08:00 ] ::1 /dashboard/www/Thinkphp3.2/MovieAdministration/Public/adv.html
INFO: [ app_init ] --START--
INFO: Run Behavior\BuildLiteBehavior [ RunTime:0.000006s ]
INFO: [ app_init ] --END-- [ RunTime:0.000410s ]
ERR: 无法加载模块:Public

[ 2019-10-23T23:45:06+08:00 ] ::1 /dashboard/www/Thinkphp3.2/MovieAdministration/Public/people.html
INFO: [ app_init ] --START--
INFO: Run Behavior\BuildLiteBehavior [ RunTime:0.000008s ]
INFO: [ app_init ] --END-- [ RunTime:0.000458s ]
ERR: 无法加载模块:Public

[ 2019-10-23T23:45:07+08:00 ] ::1 /dashboard/www/Thinkphp3.2/MovieAdministration/Public/adv.html
INFO: [ app_init ] --START--
INFO: Run Behavior\BuildLiteBehavior [ RunTime:0.000004s ]
INFO: [ app_init ] --END-- [ RunTime:0.000385s ]
ERR: 无法加载模块:Public

[ 2019-10-23T23:45:07+08:00 ] ::1 /dashboard/www/Thinkphp3.2/MovieAdministration/Public/pass.html
INFO: [ app_init ] --START--
INFO: Run Behavior\BuildLiteBehavior [ RunTime:0.000005s ]
INFO: [ app_init ] --END-- [ RunTime:0.000412s ]
ERR: 无法加载模块:Public

[ 2019-10-23T23:45:19+08:00 ] ::1 /dashboard/www/Thinkphp3.2/MovieAdministration/Public/adv.html
INFO: [ app_init ] --START--
INFO: Run Behavior\BuildLiteBehavior [ RunTime:0.000006s ]
INFO: [ app_init ] --END-- [ RunTime:0.000382s ]
ERR: 无法加载模块:Public

[ 2019-10-23T23:45:20+08:00 ] ::1 /dashboard/www/Thinkphp3.2/MovieAdministration/Public/adv.html
INFO: [ app_init ] --START--
INFO: Run Behavior\BuildLiteBehavior [ RunTime:0.000006s ]
INFO: [ app_init ] --END-- [ RunTime:0.000395s ]
ERR: 无法加载模块:Public

[ 2019-10-23T23:45:20+08:00 ] ::1 /dashboard/www/Thinkphp3.2/MovieAdministration/Public/adv.html
INFO: [ app_init ] --START--
INFO: Run Behavior\BuildLiteBehavior [ RunTime:0.000007s ]
INFO: [ app_init ] --END-- [ RunTime:0.000422s ]
ERR: 无法加载模块:Public

[ 2019-10-23T23:45:21+08:00 ] ::1 /dashboard/www/Thinkphp3.2/MovieAdministration/Public/adv.html
INFO: [ app_init ] --START--
INFO: Run Behavior\BuildLiteBehavior [ RunTime:0.000006s ]
INFO: [ app_init ] --END-- [ RunTime:0.000450s ]
ERR: 无法加载模块:Public

[ 2019-10-23T23:45:21+08:00 ] ::1 /dashboard/www/Thinkphp3.2/MovieAdministration/Public/adv.html
INFO: [ app_init ] --START--
INFO: Run Behavior\BuildLiteBehavior [ RunTime:0.000006s ]
INFO: [ app_init ] --END-- [ RunTime:0.000446s ]
ERR: 无法加载模块:Public

[ 2019-10-23T23:45:21+08:00 ] ::1 /dashboard/www/Thinkphp3.2/MovieAdministration/Public/adv.html
INFO: [ app_init ] --START--
INFO: Run Behavior\BuildLiteBehavior [ RunTime:0.000006s ]
INFO: [ app_init ] --END-- [ RunTime:0.000379s ]
ERR: 无法加载模块:Public

[ 2019-10-23T23:45:21+08:00 ] ::1 /dashboard/www/Thinkphp3.2/MovieAdministration/Public/adv.html
INFO: [ app_init ] --START--
INFO: Run Behavior\BuildLiteBehavior [ RunTime:0.000006s ]
INFO: [ app_init ] --END-- [ RunTime:0.000346s ]
ERR: 无法加载模块:Public

[ 2019-10-23T23:45:22+08:00 ] ::1 /dashboard/www/Thinkphp3.2/MovieAdministration/Public/adv.html
INFO: [ app_init ] --START--
INFO: Run Behavior\BuildLiteBehavior [ RunTime:0.000006s ]
INFO: [ app_init ] --END-- [ RunTime:0.000366s ]
ERR: 无法加载模块:Public

[ 2019-10-23T23:45:23+08:00 ] ::1 /dashboard/www/Thinkphp3.2/MovieAdministration/Public/adv.html
INFO: [ app_init ] --START--
INFO: Run Behavior\BuildLiteBehavior [ RunTime:0.000008s ]
INFO: [ app_init ] --END-- [ RunTime:0.000536s ]
ERR: 无法加载模块:Public

[ 2019-10-23T23:46:58+08:00 ] ::1 /dashboard/www/Thinkphp3.2/MovieAdministration/Public/adv.html
INFO: [ app_init ] --START--
INFO: Run Behavior\BuildLiteBehavior [ RunTime:0.000006s ]
INFO: [ app_init ] --END-- [ RunTime:0.000409s ]
ERR: 无法加载模块:Public

[ 2019-10-23T23:46:58+08:00 ] ::1 /dashboard/www/Thinkphp3.2/MovieAdministration/Public/adv.html
INFO: [ app_init ] --START--
INFO: Run Behavior\BuildLiteBehavior [ RunTime:0.000006s ]
INFO: [ app_init ] --END-- [ RunTime:0.000369s ]
ERR: 无法加载模块:Public

[ 2019-10-23T23:55:45+08:00 ] ::1 /dashboard/www/Thinkphp3.2/MovieAdministration/Public/people.html
INFO: [ app_init ] --START--
INFO: Run Behavior\BuildLiteBehavior [ RunTime:0.000007s ]
INFO: [ app_init ] --END-- [ RunTime:0.000672s ]
ERR: 无法加载模块:Public

[ 2019-10-23T23:55:47+08:00 ] ::1 /dashboard/www/Thinkphp3.2/MovieAdministration/Public/adv.html
INFO: [ app_init ] --START--
INFO: Run Behavior\BuildLiteBehavior [ RunTime:0.000009s ]
INFO: [ app_init ] --END-- [ RunTime:0.000478s ]
ERR: 无法加载模块:Public

[ 2019-10-23T23:55:47+08:00 ] ::1 /dashboard/www/Thinkphp3.2/MovieAdministration/Public/pass.html
INFO: [ app_init ] --START--
INFO: Run Behavior\BuildLiteBehavior [ RunTime:0.000005s ]
INFO: [ app_init ] --END-- [ RunTime:0.000438s ]
ERR: 无法加载模块:Public

[ 2019-10-23T23:55:48+08:00 ] ::1 /dashboard/www/Thinkphp3.2/MovieAdministration/Public/people.html
INFO: [ app_init ] --START--
INFO: Run Behavior\BuildLiteBehavior [ RunTime:0.000005s ]
INFO: [ app_init ] --END-- [ RunTime:0.000372s ]
ERR: 无法加载模块:Public

