[ 2019-12-16T22:26:07+08:00 ] ::1 /dashboard/www/Thinkphp3.2/MovieAdministration/Public/js/verify.js
INFO: [ app_init ] --START--
INFO: Run Behavior\BuildLiteBehavior [ RunTime:0.000008s ]
INFO: [ app_init ] --END-- [ RunTime:0.000440s ]
ERR: 无法加载模块:Public


[ 2019-12-16T22:26:07+08:00 ] ::1 /dashboard/www/Thinkphp3.2/MovieAdministration/Public/js/page/login.js
INFO: [ app_init ] --START--
INFO: Run Behavior\BuildLiteBehavior [ RunTime:0.000011s ]
INFO: [ app_init ] --END-- [ RunTime:0.000656s ]
ERR: 无法加载模块:Public

[ 2019-12-16T22:26:07+08:00 ] ::1 /dashboard/www/Thinkphp3.2/MovieAdministration/Public/js/verify.js
INFO: [ app_init ] --START--
INFO: Run Behavior\BuildLiteBehavior [ RunTime:0.000007s ]
INFO: [ app_init ] --END-- [ RunTime:0.000456s ]
ERR: 无法加载模块:Public

[ 2019-12-16T22:26:07+08:00 ] ::1 /dashboard/www/Thinkphp3.2/MovieAdministration/Public/js/page/login.js
INFO: [ app_init ] --START--
INFO: Run Behavior\BuildLiteBehavior [ RunTime:0.000008s ]
INFO: [ app_init ] --END-- [ RunTime:0.000391s ]
ERR: 无法加载模块:Public

[ 2019-12-16T23:01:35+08:00 ] ::1 /dashboard/www/Thinkphp3.2/MovieAdministration/Public/index.html
INFO: [ app_init ] --START--
INFO: Run Behavior\BuildLiteBehavior [ RunTime:0.000006s ]
INFO: [ app_init ] --END-- [ RunTime:0.000504s ]
ERR: 无法加载模块:Public

[ 2019-12-16T23:02:49+08:00 ] ::1 /dashboard/www/Thinkphp3.2/MovieAdministration/Public/index.html
INFO: [ app_init ] --START--
INFO: Run Behavior\BuildLiteBehavior [ RunTime:0.000006s ]
INFO: [ app_init ] --END-- [ RunTime:0.000430s ]
ERR: 无法加载模块:Public

[ 2019-12-16T23:03:12+08:00 ] ::1 /dashboard/www/Thinkphp3.2/MovieAdministration/Public/index.html
INFO: [ app_init ] --START--
INFO: Run Behavior\BuildLiteBehavior [ RunTime:0.000005s ]
INFO: [ app_init ] --END-- [ RunTime:0.000465s ]
ERR: 无法加载模块:Public

