[ 2019-10-17T00:01:38+08:00 ] ::1 /dashboard/www/Thinkphp3.2/RollCall/Public/scss/icons/font-awesome/css/font-awesome.min.css
INFO: [ app_init ] --START--
INFO: Run Behavior\BuildLiteBehavior [ RunTime:0.000006s ]
INFO: [ app_init ] --END-- [ RunTime:0.000370s ]
ERR: 无法加载模块:Public

[ 2019-10-17T00:01:38+08:00 ] ::1 /dashboard/www/Thinkphp3.2/RollCall/Public/scss/icons/simple-line-icons/css/simple-line-icons.css
INFO: [ app_init ] --START--
INFO: Run Behavior\BuildLiteBehavior [ RunTime:0.000007s ]
INFO: [ app_init ] --END-- [ RunTime:0.000755s ]
ERR: 无法加载模块:Public

[ 2019-10-17T00:01:38+08:00 ] ::1 /dashboard/www/Thinkphp3.2/RollCall/Public/scss/icons/linea-icons/linea.css
INFO: [ app_init ] --START--
INFO: Run Behavior\BuildLiteBehavior [ RunTime:0.000007s ]
INFO: [ app_init ] --END-- [ RunTime:0.001381s ]
ERR: 无法加载模块:Public

[ 2019-10-17T00:01:38+08:00 ] ::1 /dashboard/www/Thinkphp3.2/RollCall/Public/scss/icons/themify-icons/themify-icons.css
INFO: [ app_init ] --START--
INFO: Run Behavior\BuildLiteBehavior [ RunTime:0.000005s ]
INFO: [ app_init ] --END-- [ RunTime:0.000432s ]
ERR: 无法加载模块:Public

[ 2019-10-17T00:01:38+08:00 ] ::1 /dashboard/www/Thinkphp3.2/RollCall/Public/scss/icons/weather-icons/css/weather-icons.min.css
INFO: [ app_init ] --START--
INFO: Run Behavior\BuildLiteBehavior [ RunTime:0.000005s ]
INFO: [ app_init ] --END-- [ RunTime:0.000497s ]
ERR: 无法加载模块:Public

[ 2019-10-17T00:01:38+08:00 ] ::1 /dashboard/www/Thinkphp3.2/RollCall/Public/scss/icons/material-design-iconic-font/css/materialdesignicons.min.css
INFO: [ app_init ] --START--
INFO: Run Behavior\BuildLiteBehavior [ RunTime:0.000010s ]
INFO: [ app_init ] --END-- [ RunTime:0.000441s ]
ERR: 无法加载模块:Public

[ 2019-10-17T00:01:41+08:00 ] ::1 /dashboard/www/Thinkphp3.2/RollCall/Public/index.html
INFO: [ app_init ] --START--
INFO: Run Behavior\BuildLiteBehavior [ RunTime:0.000007s ]
INFO: [ app_init ] --END-- [ RunTime:0.000413s ]
ERR: 无法加载模块:Public

[ 2019-10-17T00:01:42+08:00 ] ::1 /dashboard/www/Thinkphp3.2/RollCall/Public/scss/icons/font-awesome/css/font-awesome.min.css
INFO: [ app_init ] --START--
INFO: Run Behavior\BuildLiteBehavior [ RunTime:0.000007s ]
INFO: [ app_init ] --END-- [ RunTime:0.000447s ]
ERR: 无法加载模块:Public

[ 2019-10-17T00:01:42+08:00 ] ::1 /dashboard/www/Thinkphp3.2/RollCall/Public/scss/icons/weather-icons/css/weather-icons.min.css
INFO: [ app_init ] --START--
INFO: Run Behavior\BuildLiteBehavior [ RunTime:0.000006s ]
INFO: [ app_init ] --END-- [ RunTime:0.000664s ]
ERR: 无法加载模块:Public

[ 2019-10-17T00:01:42+08:00 ] ::1 /dashboard/www/Thinkphp3.2/RollCall/Public/scss/icons/flag-icon-css/flag-icon.min.css
INFO: [ app_init ] --START--
INFO: Run Behavior\BuildLiteBehavior [ RunTime:0.000006s ]
INFO: [ app_init ] --END-- [ RunTime:0.000552s ]
ERR: 无法加载模块:Public

[ 2019-10-17T00:01:42+08:00 ] ::1 /dashboard/www/Thinkphp3.2/RollCall/Public/scss/icons/linea-icons/linea.css
INFO: [ app_init ] --START--
INFO: Run Behavior\BuildLiteBehavior [ RunTime:0.000005s ]
INFO: [ app_init ] --END-- [ RunTime:0.000368s ]
ERR: 无法加载模块:Public

[ 2019-10-17T00:01:42+08:00 ] ::1 /dashboard/www/Thinkphp3.2/RollCall/Public/scss/icons/themify-icons/themify-icons.css
INFO: [ app_init ] --START--
INFO: Run Behavior\BuildLiteBehavior [ RunTime:0.000005s ]
INFO: [ app_init ] --END-- [ RunTime:0.000338s ]
ERR: 无法加载模块:Public

[ 2019-10-17T00:02:41+08:00 ] ::1 /dashboard/www/Thinkphp3.2/RollCall/Public/scss/icons/font-awesome/css/font-awesome.min.css
INFO: [ app_init ] --START--
INFO: Run Behavior\BuildLiteBehavior [ RunTime:0.000006s ]
INFO: [ app_init ] --END-- [ RunTime:0.000405s ]
ERR: 无法加载模块:Public

ic

[ 2019-10-17T00:02:41+08:00 ] ::1 /dashboard/www/Thinkphp3.2/RollCall/Public/scss/icons/linea-icons/linea.css
INFO: [ app_init ] --START--
INFO: Run Behavior\BuildLiteBehavior [ RunTime:0.000005s ]
INFO: [ app_init ] --END-- [ RunTime:0.000320s ]
ERR: 无法加载模块:Public

[ 2019-10-17T00:02:41+08:00 ] ::1 /dashboard/www/Thinkphp3.2/RollCall/Public/scss/icons/weather-icons/css/weather-icons.min.css
INFO: [ app_init ] --START--
INFO: Run Behavior\BuildLiteBehavior [ RunTime:0.000005s ]
INFO: [ app_init ] --END-- [ RunTime:0.000343s ]
ERR: 无法加载模块:Public

[ 2019-10-17T00:02:41+08:00 ] ::1 /dashboard/www/Thinkphp3.2/RollCall/Public/scss/icons/themify-icons/themify-icons.css
INFO: [ app_init ] --START--
INFO: Run Behavior\BuildLiteBehavior [ RunTime:0.000004s ]
INFO: [ app_init ] --END-- [ RunTime:0.000372s ]
ERR: 无法加载模块:Public

[ 2019-10-17T00:02:41+08:00 ] ::1 /dashboard/www/Thinkphp3.2/RollCall/Public/scss/icons/flag-icon-css/flag-icon.min.css
INFO: [ app_init ] --START--
INFO: Run Behavior\BuildLiteBehavior [ RunTime:0.000005s ]
INFO: [ app_init ] --END-- [ RunTime:0.000373s ]
ERR: 无法加载模块:Public

[ 2019-10-17T00:02:41+08:00 ] ::1 /dashboard/www/Thinkphp3.2/RollCall/Public/scss/icons/material-design-iconic-font/css/materialdesignicons.min.css
INFO: [ app_init ] --START--
INFO: Run Behavior\BuildLiteBehavior [ RunTime:0.000020s ]
INFO: [ app_init ] --END-- [ RunTime:0.000497s ]
ERR: 无法加载模块:Public

[ 2019-10-17T00:02:44+08:00 ] ::1 /dashboard/www/Thinkphp3.2/RollCall/Public/scss/icons/simple-line-icons/css/simple-line-icons.css
INFO: [ app_init ] --START--
INFO: Run Behavior\BuildLiteBehavior [ RunTime:0.000004s ]
INFO: [ app_init ] --END-- [ RunTime:0.000349s ]
ERR: 无法加载模块:Public

[ 2019-10-17T00:02:44+08:00 ] ::1 /dashboard/www/Thinkphp3.2/RollCall/Public/scss/icons/font-awesome/css/font-awesome.min.css
INFO: [ app_init ] --START--
INFO: Run Behavior\BuildLiteBehavior [ RunTime:0.000004s ]
INFO: [ app_init ] --END-- [ RunTime:0.000318s ]
ERR: 无法加载模块:Public

[ 2019-10-17T00:02:44+08:00 ] ::1 /dashboard/www/Thinkphp3.2/RollCall/Public/scss/icons/weather-icons/css/weather-icons.min.css
INFO: [ app_init ] --START--
INFO: Run Behavior\BuildLiteBehavior [ RunTime:0.000007s ]
INFO: [ app_init ] --END-- [ RunTime:0.000453s ]
ERR: 无法加载模块:Public

[ 2019-10-17T00:02:44+08:00 ] ::1 /dashboard/www/Thinkphp3.2/RollCall/Public/scss/icons/linea-icons/linea.css
INFO: [ app_init ] --START--
INFO: Run Behavior\BuildLiteBehavior [ RunTime:0.000006s ]
INFO: [ app_init ] --END-- [ RunTime:0.000424s ]
ERR: 无法加载模块:Public

[ 2019-10-17T00:02:44+08:00 ] ::1 /dashboard/www/Thinkphp3.2/RollCall/Public/scss/icons/themify-icons/themify-icons.css
INFO: [ app_init ] --START--
INFO: Run Behavior\BuildLiteBehavior [ RunTime:0.000008s ]
INFO: [ app_init ] --END-- [ RunTime:0.000369s ]
ERR: 无法加载模块:Public

[ 2019-10-17T00:02:44+08:00 ] ::1 /dashboard/www/Thinkphp3.2/RollCall/Public/scss/icons/flag-icon-css/flag-icon.min.css
INFO: [ app_init ] --START--
INFO: Run Behavior\BuildLiteBehavior [ RunTime:0.000007s ]
INFO: [ app_init ] --END-- [ RunTime:0.000755s ]
ERR: 无法加载模块:Public

[ 2019-10-17T00:02:44+08:00 ] ::1 /dashboard/www/Thinkphp3.2/RollCall/Public/scss/icons/material-design-iconic-font/css/materialdesignicons.min.css
INFO: [ app_init ] --START--
INFO: Run Behavior\BuildLiteBehavior [ RunTime:0.000008s ]
INFO: [ app_init ] --END-- [ RunTime:0.000757s ]
ERR: 无法加载模块:Public

[ 2019-10-17T00:02:46+08:00 ] ::1 /dashboard/www/Thinkphp3.2/RollCall/Public/scss/icons/font-awesome/css/font-awesome.min.css
INFO: [ app_init ] --START--
INFO: Run Behavior\BuildLiteBehavior [ RunTime:0.000005s ]
INFO: [ app_init ] --END-- [ RunTime:0.000573s ]
ERR: 无法加载模块:Public

[ 2019-10-17T00:02:46+08:00 ] ::1 /dashboard/www/Thinkphp3.2/RollCall/Public/scss/icons/weather-icons/css/weather-icons.min.css
INFO: [ app_init ] --START--
INFO: Run Behavior\BuildLiteBehavior [ RunTime:0.000006s ]
INFO: [ app_init ] --END-- [ RunTime:0.000349s ]
ERR: 无法加载模块:Public

[ 2019-10-17T00:02:46+08:00 ] ::1 /dashboard/www/Thinkphp3.2/RollCall/Public/scss/icons/simple-line-icons/css/simple-line-icons.css
INFO: [ app_init ] --START--
INFO: Run Behavior\BuildLiteBehavior [ RunTime:0.000005s ]
INFO: [ app_init ] --END-- [ RunTime:0.000330s ]
ERR: 无法加载模块:Public

[ 2019-10-17T00:02:46+08:00 ] ::1 /dashboard/www/Thinkphp3.2/RollCall/Public/scss/icons/flag-icon-css/flag-icon.min.css
INFO: [ app_init ] --START--
INFO: Run Behavior\BuildLiteBehavior [ RunTime:0.000006s ]
INFO: [ app_init ] --END-- [ RunTime:0.000381s ]
ERR: 无法加载模块:Public

[ 2019-10-17T00:02:46+08:00 ] ::1 /dashboard/www/Thinkphp3.2/RollCall/Public/scss/icons/material-design-iconic-font/css/materialdesignicons.min.css
INFO: [ app_init ] --START--
INFO: Run Behavior\BuildLiteBehavior [ RunTime:0.000006s ]
INFO: [ app_init ] --END-- [ RunTime:0.000359s ]
ERR: 无法加载模块:Public

[ 2019-10-17T00:02:46+08:00 ] ::1 /dashboard/www/Thinkphp3.2/RollCall/Public/scss/icons/themify-icons/themify-icons.css
INFO: [ app_init ] --START--
INFO: Run Behavior\BuildLiteBehavior [ RunTime:0.000007s ]
INFO: [ app_init ] --END-- [ RunTime:0.000485s ]
ERR: 无法加载模块:Public

[ 2019-10-17T00:02:46+08:00 ] ::1 /dashboard/www/Thinkphp3.2/RollCall/Public/scss/icons/linea-icons/linea.css
INFO: [ app_init ] --START--
INFO: Run Behavior\BuildLiteBehavior [ RunTime:0.000007s ]
INFO: [ app_init ] --END-- [ RunTime:0.000557s ]
ERR: 无法加载模块:Public

[ 2019-10-17T00:02:47+08:00 ] ::1 /dashboard/www/Thinkphp3.2/RollCall/Public/pages-profile.html
INFO: [ app_init ] --START--
INFO: Run Behavior\BuildLiteBehavior [ RunTime:0.000007s ]
INFO: [ app_init ] --END-- [ RunTime:0.000385s ]
ERR: 无法加载模块:Public

[ 2019-10-17T00:02:49+08:00 ] ::1 /dashboard/www/Thinkphp3.2/RollCall/Public/scss/icons/font-awesome/css/font-awesome.min.css
INFO: [ app_init ] --START--
INFO: Run Behavior\BuildLiteBehavior [ RunTime:0.000018s ]
INFO: [ app_init ] --END-- [ RunTime:0.000480s ]
ERR: 无法加载模块:Public

[ 2019-10-17T00:02:49+08:00 ] ::1 /dashboard/www/Thinkphp3.2/RollCall/Public/scss/icons/simple-line-icons/css/simple-line-icons.css
INFO: [ app_init ] --START--
INFO: Run Behavior\BuildLiteBehavior [ RunTime:0.000006s ]
INFO: [ app_init ] --END-- [ RunTime:0.000547s ]
ERR: 无法加载模块:Public

[ 2019-10-17T00:02:49+08:00 ] ::1 /dashboard/www/Thinkphp3.2/RollCall/Public/scss/icons/themify-icons/themify-icons.css
INFO: [ app_init ] --START--
INFO: Run Behavior\BuildLiteBehavior [ RunTime:0.000006s ]
INFO: [ app_init ] --END-- [ RunTime:0.000355s ]
ERR: 无法加载模块:Public

blic

[ 2019-10-17T00:02:49+08:00 ] ::1 /dashboard/www/Thinkphp3.2/RollCall/Public/scss/icons/flag-icon-css/flag-icon.min.css
INFO: [ app_init ] --START--
INFO: Run Behavior\BuildLiteBehavior [ RunTime:0.000005s ]
INFO: [ app_init ] --END-- [ RunTime:0.000330s ]
ERR: 无法加载模块:Public

[ 2019-10-17T00:02:49+08:00 ] ::1 /dashboard/www/Thinkphp3.2/RollCall/Public/scss/icons/material-design-iconic-font/css/materialdesignicons.min.css
INFO: [ app_init ] --START--
INFO: Run Behavior\BuildLiteBehavior [ RunTime:0.000006s ]
INFO: [ app_init ] --END-- [ RunTime:0.000410s ]
ERR: 无法加载模块:Public

[ 2019-10-17T00:05:14+08:00 ] ::1 /dashboard/www/Thinkphp3.2/RollCall/Public/scss/icons/font-awesome/css/font-awesome.min.css
INFO: [ app_init ] --START--
INFO: Run Behavior\BuildLiteBehavior [ RunTime:0.000006s ]
INFO: [ app_init ] --END-- [ RunTime:0.000345s ]
ERR: 无法加载模块:Public

[ 2019-10-17T00:05:14+08:00 ] ::1 /dashboard/www/Thinkphp3.2/RollCall/Public/scss/icons/simple-line-icons/css/simple-line-icons.css
INFO: [ app_init ] --START--
INFO: Run Behavior\BuildLiteBehavior [ RunTime:0.000005s ]
INFO: [ app_init ] --END-- [ RunTime:0.000405s ]
ERR: 无法加载模块:Public

[ 2019-10-17T00:05:14+08:00 ] ::1 /dashboard/www/Thinkphp3.2/RollCall/Public/scss/icons/themify-icons/themify-icons.css
INFO: [ app_init ] --START--
INFO: Run Behavior\BuildLiteBehavior [ RunTime:0.000006s ]
INFO: [ app_init ] --END-- [ RunTime:0.000399s ]
ERR: 无法加载模块:Public

[ 2019-10-17T00:05:14+08:00 ] ::1 /dashboard/www/Thinkphp3.2/RollCall/Public/scss/icons/weather-icons/css/weather-icons.min.css
INFO: [ app_init ] --START--
INFO: Run Behavior\BuildLiteBehavior [ RunTime:0.000005s ]
INFO: [ app_init ] --END-- [ RunTime:0.000430s ]
ERR: 无法加载模块:Public

[ 2019-10-17T00:05:14+08:00 ] ::1 /dashboard/www/Thinkphp3.2/RollCall/Public/scss/icons/flag-icon-css/flag-icon.min.css
INFO: [ app_init ] --START--
INFO: Run Behavior\BuildLiteBehavior [ RunTime:0.000005s ]
INFO: [ app_init ] --END-- [ RunTime:0.000385s ]
ERR: 无法加载模块:Public

[ 2019-10-17T00:05:14+08:00 ] ::1 /dashboard/www/Thinkphp3.2/RollCall/Public/scss/icons/linea-icons/linea.css
INFO: [ app_init ] --START--
INFO: Run Behavior\BuildLiteBehavior [ RunTime:0.000005s ]
INFO: [ app_init ] --END-- [ RunTime:0.000348s ]
ERR: 无法加载模块:Public

[ 2019-10-17T00:05:14+08:00 ] ::1 /dashboard/www/Thinkphp3.2/RollCall/Public/scss/icons/material-design-iconic-font/css/materialdesignicons.min.css
INFO: [ app_init ] --START--
INFO: Run Behavior\BuildLiteBehavior [ RunTime:0.000008s ]
INFO: [ app_init ] --END-- [ RunTime:0.000541s ]
ERR: 无法加载模块:Public

[ 2019-10-17T00:05:15+08:00 ] ::1 /dashboard/www/Thinkphp3.2/RollCall/Public/scss/icons/simple-line-icons/css/simple-line-icons.css
INFO: [ app_init ] --START--
INFO: Run Behavior\BuildLiteBehavior [ RunTime:0.000006s ]
INFO: [ app_init ] --END-- [ RunTime:0.000434s ]
ERR: 无法加载模块:Public

[ 2019-10-17T00:05:15+08:00 ] ::1 /dashboard/www/Thinkphp3.2/RollCall/Public/scss/icons/font-awesome/css/font-awesome.min.css
INFO: [ app_init ] --START--
INFO: Run Behavior\BuildLiteBehavior [ RunTime:0.000005s ]
INFO: [ app_init ] --END-- [ RunTime:0.000331s ]
ERR: 无法加载模块:Public

[ 2019-10-17T00:05:15+08:00 ] ::1 /dashboard/www/Thinkphp3.2/RollCall/Public/scss/icons/linea-icons/linea.css
INFO: [ app_init ] --START--
INFO: Run Behavior\BuildLiteBehavior [ RunTime:0.000005s ]
INFO: [ app_init ] --END-- [ RunTime:0.000333s ]
ERR: 无法加载模块:Public

[ 2019-10-17T00:05:15+08:00 ] ::1 /dashboard/www/Thinkphp3.2/RollCall/Public/scss/icons/weather-icons/css/weather-icons.min.css
INFO: [ app_init ] --START--
INFO: Run Behavior\BuildLiteBehavior [ RunTime:0.000005s ]
INFO: [ app_init ] --END-- [ RunTime:0.000387s ]
ERR: 无法加载模块:Public

[ 2019-10-17T00:05:15+08:00 ] ::1 /dashboard/www/Thinkphp3.2/RollCall/Public/scss/icons/flag-icon-css/flag-icon.min.css
INFO: [ app_init ] --START--
INFO: Run Behavior\BuildLiteBehavior [ RunTime:0.000005s ]
INFO: [ app_init ] --END-- [ RunTime:0.000336s ]
ERR: 无法加载模块:Public

[ 2019-10-17T00:05:15+08:00 ] ::1 /dashboard/www/Thinkphp3.2/RollCall/Public/scss/icons/material-design-iconic-font/css/materialdesignicons.min.css
INFO: [ app_init ] --START--
INFO: Run Behavior\BuildLiteBehavior [ RunTime:0.000006s ]
INFO: [ app_init ] --END-- [ RunTime:0.000342s ]
ERR: 无法加载模块:Public

[ 2019-10-17T00:05:15+08:00 ] ::1 /dashboard/www/Thinkphp3.2/RollCall/Public/scss/icons/themify-icons/themify-icons.css
INFO: [ app_init ] --START--
INFO: Run Behavior\BuildLiteBehavior [ RunTime:0.000006s ]
INFO: [ app_init ] --END-- [ RunTime:0.000382s ]
ERR: 无法加载模块:Public

[ 2019-10-17T00:05:16+08:00 ] ::1 /dashboard/www/Thinkphp3.2/RollCall/Public/scss/icons/font-awesome/css/font-awesome.min.css
INFO: [ app_init ] --START--
INFO: Run Behavior\BuildLiteBehavior [ RunTime:0.000004s ]
INFO: [ app_init ] --END-- [ RunTime:0.000340s ]
ERR: 无法加载模块:Public

[ 2019-10-17T00:05:16+08:00 ] ::1 /dashboard/www/Thinkphp3.2/RollCall/Public/scss/icons/themify-icons/themify-icons.css
INFO: [ app_init ] --START--
INFO: Run Behavior\BuildLiteBehavior [ RunTime:0.000004s ]
INFO: [ app_init ] --END-- [ RunTime:0.000323s ]
ERR: 无法加载模块:Public

blic

[ 2019-10-17T00:05:16+08:00 ] ::1 /dashboard/www/Thinkphp3.2/RollCall/Public/scss/icons/simple-line-icons/css/simple-line-icons.css
INFO: [ app_init ] --START--
INFO: Run Behavior\BuildLiteBehavior [ RunTime:0.000005s ]
INFO: [ app_init ] --END-- [ RunTime:0.000404s ]
ERR: 无法加载模块:Public

[ 2019-10-17T00:05:16+08:00 ] ::1 /dashboard/www/Thinkphp3.2/RollCall/Public/scss/icons/material-design-iconic-font/css/materialdesignicons.min.css
INFO: [ app_init ] --START--
INFO: Run Behavior\BuildLiteBehavior [ RunTime:0.000005s ]
INFO: [ app_init ] --END-- [ RunTime:0.000357s ]
ERR: 无法加载模块:Public

[ 2019-10-17T00:05:16+08:00 ] ::1 /dashboard/www/Thinkphp3.2/RollCall/Public/scss/icons/linea-icons/linea.css
INFO: [ app_init ] --START--
INFO: Run Behavior\BuildLiteBehavior [ RunTime:0.000006s ]
INFO: [ app_init ] --END-- [ RunTime:0.000372s ]
ERR: 无法加载模块:Public

[ 2019-10-17T00:05:16+08:00 ] ::1 /dashboard/www/Thinkphp3.2/RollCall/Public/scss/icons/flag-icon-css/flag-icon.min.css
INFO: [ app_init ] --START--
INFO: Run Behavior\BuildLiteBehavior [ RunTime:0.000010s ]
INFO: [ app_init ] --END-- [ RunTime:0.001564s ]
ERR: 无法加载模块:Public

[ 2019-10-17T00:05:17+08:00 ] ::1 /dashboard/www/Thinkphp3.2/RollCall/Public/scss/icons/font-awesome/css/font-awesome.min.css
INFO: [ app_init ] --START--
INFO: Run Behavior\BuildLiteBehavior [ RunTime:0.000005s ]
INFO: [ app_init ] --END-- [ RunTime:0.000360s ]
ERR: 无法加载模块:Public


[ 2019-10-17T00:05:17+08:00 ] ::1 /dashboard/www/Thinkphp3.2/RollCall/Public/scss/icons/linea-icons/linea.css
INFO: [ app_init ] --START--
INFO: Run Behavior\BuildLiteBehavior [ RunTime:0.000006s ]
INFO: [ app_init ] --END-- [ RunTime:0.000335s ]
ERR: 无法加载模块:Public

[ 2019-10-17T00:05:17+08:00 ] ::1 /dashboard/www/Thinkphp3.2/RollCall/Public/scss/icons/flag-icon-css/flag-icon.min.css
INFO: [ app_init ] --START--
INFO: Run Behavior\BuildLiteBehavior [ RunTime:0.000006s ]
INFO: [ app_init ] --END-- [ RunTime:0.000367s ]
ERR: 无法加载模块:Public

[ 2019-10-17T00:05:17+08:00 ] ::1 /dashboard/www/Thinkphp3.2/RollCall/Public/scss/icons/simple-line-icons/css/simple-line-icons.css
INFO: [ app_init ] --START--
INFO: Run Behavior\BuildLiteBehavior [ RunTime:0.000013s ]
INFO: [ app_init ] --END-- [ RunTime:0.000371s ]
ERR: 无法加载模块:Public

[ 2019-10-17T00:05:17+08:00 ] ::1 /dashboard/www/Thinkphp3.2/RollCall/Public/scss/icons/themify-icons/themify-icons.css
INFO: [ app_init ] --START--
INFO: Run Behavior\BuildLiteBehavior [ RunTime:0.000007s ]
INFO: [ app_init ] --END-- [ RunTime:0.000483s ]
ERR: 无法加载模块:Public

[ 2019-10-17T00:05:17+08:00 ] ::1 /dashboard/www/Thinkphp3.2/RollCall/Public/scss/icons/material-design-iconic-font/css/materialdesignicons.min.css
INFO: [ app_init ] --START--
INFO: Run Behavior\BuildLiteBehavior [ RunTime:0.000006s ]
INFO: [ app_init ] --END-- [ RunTime:0.000368s ]
ERR: 无法加载模块:Public

[ 2019-10-17T00:06:00+08:00 ] ::1 /dashboard/www/Thinkphp3.2/RollCall/Public/scss/icons/simple-line-icons/css/simple-line-icons.css
INFO: [ app_init ] --START--
INFO: Run Behavior\BuildLiteBehavior [ RunTime:0.000007s ]
INFO: [ app_init ] --END-- [ RunTime:0.000640s ]
ERR: 无法加载模块:Public

[ 2019-10-17T00:06:00+08:00 ] ::1 /dashboard/www/Thinkphp3.2/RollCall/Public/scss/icons/font-awesome/css/font-awesome.min.css
INFO: [ app_init ] --START--
INFO: Run Behavior\BuildLiteBehavior [ RunTime:0.000007s ]
INFO: [ app_init ] --END-- [ RunTime:0.000390s ]
ERR: 无法加载模块:Public

[ 2019-10-17T00:06:00+08:00 ] ::1 /dashboard/www/Thinkphp3.2/RollCall/Public/scss/icons/weather-icons/css/weather-icons.min.css
INFO: [ app_init ] --START--
INFO: Run Behavior\BuildLiteBehavior [ RunTime:0.000008s ]
INFO: [ app_init ] --END-- [ RunTime:0.001784s ]
ERR: 无法加载模块:Public

[ 2019-10-17T00:06:00+08:00 ] ::1 /dashboard/www/Thinkphp3.2/RollCall/Public/scss/icons/themify-icons/themify-icons.css
INFO: [ app_init ] --START--
INFO: Run Behavior\BuildLiteBehavior [ RunTime:0.000005s ]
INFO: [ app_init ] --END-- [ RunTime:0.000337s ]
ERR: 无法加载模块:Public

[ 2019-10-17T00:06:00+08:00 ] ::1 /dashboard/www/Thinkphp3.2/RollCall/Public/scss/icons/flag-icon-css/flag-icon.min.css
INFO: [ app_init ] --START--
INFO: Run Behavior\BuildLiteBehavior [ RunTime:0.000006s ]
INFO: [ app_init ] --END-- [ RunTime:0.000346s ]
ERR: 无法加载模块:Public

[ 2019-10-17T00:06:00+08:00 ] ::1 /dashboard/www/Thinkphp3.2/RollCall/Public/scss/icons/material-design-iconic-font/css/materialdesignicons.min.css
INFO: [ app_init ] --START--
INFO: Run Behavior\BuildLiteBehavior [ RunTime:0.000006s ]
INFO: [ app_init ] --END-- [ RunTime:0.000364s ]
ERR: 无法加载模块:Public

[ 2019-10-17T00:06:00+08:00 ] ::1 /dashboard/www/Thinkphp3.2/RollCall/Public/scss/icons/linea-icons/linea.css
INFO: [ app_init ] --START--
INFO: Run Behavior\BuildLiteBehavior [ RunTime:0.000007s ]
INFO: [ app_init ] --END-- [ RunTime:0.000578s ]
ERR: 无法加载模块:Public

[ 2019-10-17T00:06:01+08:00 ] ::1 /dashboard/www/Thinkphp3.2/RollCall/Public/scss/icons/weather-icons/css/weather-icons.min.css
INFO: [ app_init ] --START--
INFO: Run Behavior\BuildLiteBehavior [ RunTime:0.000006s ]
INFO: [ app_init ] --END-- [ RunTime:0.000365s ]
ERR: 无法加载模块:Public

[ 2019-10-17T00:06:01+08:00 ] ::1 /dashboard/www/Thinkphp3.2/RollCall/Public/scss/icons/simple-line-icons/css/simple-line-icons.css
INFO: [ app_init ] --START--
INFO: Run Behavior\BuildLiteBehavior [ RunTime:0.000005s ]
INFO: [ app_init ] --END-- [ RunTime:0.000345s ]
ERR: 无法加载模块:Public

[ 2019-10-17T00:06:01+08:00 ] ::1 /dashboard/www/Thinkphp3.2/RollCall/Public/scss/icons/themify-icons/themify-icons.css
INFO: [ app_init ] --START--
INFO: Run Behavior\BuildLiteBehavior [ RunTime:0.000005s ]
INFO: [ app_init ] --END-- [ RunTime:0.000333s ]
ERR: 无法加载模块:Public

[ 2019-10-17T00:06:01+08:00 ] ::1 /dashboard/www/Thinkphp3.2/RollCall/Public/scss/icons/flag-icon-css/flag-icon.min.css
INFO: [ app_init ] --START--
INFO: Run Behavior\BuildLiteBehavior [ RunTime:0.000005s ]
INFO: [ app_init ] --END-- [ RunTime:0.000340s ]
ERR: 无法加载模块:Public

[ 2019-10-17T00:06:01+08:00 ] ::1 /dashboard/www/Thinkphp3.2/RollCall/Public/scss/icons/material-design-iconic-font/css/materialdesignicons.min.css
INFO: [ app_init ] --START--
INFO: Run Behavior\BuildLiteBehavior [ RunTime:0.000006s ]
INFO: [ app_init ] --END-- [ RunTime:0.000349s ]
ERR: 无法加载模块:Public

[ 2019-10-17T00:06:01+08:00 ] ::1 /dashboard/www/Thinkphp3.2/RollCall/Public/scss/icons/linea-icons/linea.css
INFO: [ app_init ] --START--
INFO: Run Behavior\BuildLiteBehavior [ RunTime:0.000007s ]
INFO: [ app_init ] --END-- [ RunTime:0.000394s ]
ERR: 无法加载模块:Public

[ 2019-10-17T00:06:02+08:00 ] ::1 /dashboard/www/Thinkphp3.2/RollCall/Public/scss/icons/font-awesome/css/font-awesome.min.css
INFO: [ app_init ] --START--
INFO: Run Behavior\BuildLiteBehavior [ RunTime:0.000005s ]
INFO: [ app_init ] --END-- [ RunTime:0.000392s ]
ERR: 无法加载模块:Public

[ 2019-10-17T00:06:02+08:00 ] ::1 /dashboard/www/Thinkphp3.2/RollCall/Public/scss/icons/simple-line-icons/css/simple-line-icons.css
INFO: [ app_init ] --START--
INFO: Run Behavior\BuildLiteBehavior [ RunTime:0.000006s ]
INFO: [ app_init ] --END-- [ RunTime:0.000392s ]
ERR: 无法加载模块:Public

[ 2019-10-17T00:06:02+08:00 ] ::1 /dashboard/www/Thinkphp3.2/RollCall/Public/scss/icons/linea-icons/linea.css
INFO: [ app_init ] --START--
INFO: Run Behavior\BuildLiteBehavior [ RunTime:0.000007s ]
INFO: [ app_init ] --END-- [ RunTime:0.000378s ]
ERR: 无法加载模块:Public

[ 2019-10-17T00:06:02+08:00 ] ::1 /dashboard/www/Thinkphp3.2/RollCall/Public/scss/icons/themify-icons/themify-icons.css
INFO: [ app_init ] --START--
INFO: Run Behavior\BuildLiteBehavior [ RunTime:0.000007s ]
INFO: [ app_init ] --END-- [ RunTime:0.000382s ]
ERR: 无法加载模块:Public

[ 2019-10-17T00:06:02+08:00 ] ::1 /dashboard/www/Thinkphp3.2/RollCall/Public/scss/icons/material-design-iconic-font/css/materialdesignicons.min.css
INFO: [ app_init ] --START--
INFO: Run Behavior\BuildLiteBehavior [ RunTime:0.000007s ]
INFO: [ app_init ] --END-- [ RunTime:0.000371s ]
ERR: 无法加载模块:Public

[ 2019-10-17T00:06:02+08:00 ] ::1 /dashboard/www/Thinkphp3.2/RollCall/Public/scss/icons/weather-icons/css/weather-icons.min.css
INFO: [ app_init ] --START--
INFO: Run Behavior\BuildLiteBehavior [ RunTime:0.000006s ]
INFO: [ app_init ] --END-- [ RunTime:0.000392s ]
ERR: 无法加载模块:Public

[ 2019-10-17T00:06:02+08:00 ] ::1 /dashboard/www/Thinkphp3.2/RollCall/Public/scss/icons/flag-icon-css/flag-icon.min.css
INFO: [ app_init ] --START--
INFO: Run Behavior\BuildLiteBehavior [ RunTime:0.000006s ]
INFO: [ app_init ] --END-- [ RunTime:0.000418s ]
ERR: 无法加载模块:Public

[ 2019-10-17T00:06:03+08:00 ] ::1 /dashboard/www/Thinkphp3.2/RollCall/Public/scss/icons/font-awesome/css/font-awesome.min.css
INFO: [ app_init ] --START--
INFO: Run Behavior\BuildLiteBehavior [ RunTime:0.000006s ]
INFO: [ app_init ] --END-- [ RunTime:0.000372s ]
ERR: 无法加载模块:Public

[ 2019-10-17T00:06:03+08:00 ] ::1 /dashboard/www/Thinkphp3.2/RollCall/Public/scss/icons/simple-line-icons/css/simple-line-icons.css
INFO: [ app_init ] --START--
INFO: Run Behavior\BuildLiteBehavior [ RunTime:0.000005s ]
INFO: [ app_init ] --END-- [ RunTime:0.000347s ]
ERR: 无法加载模块:Public

[ 2019-10-17T00:06:03+08:00 ] ::1 /dashboard/www/Thinkphp3.2/RollCall/Public/scss/icons/flag-icon-css/flag-icon.min.css
INFO: [ app_init ] --START--
INFO: Run Behavior\BuildLiteBehavior [ RunTime:0.000007s ]
INFO: [ app_init ] --END-- [ RunTime:0.000343s ]
ERR: 无法加载模块:Public

[ 2019-10-17T00:06:03+08:00 ] ::1 /dashboard/www/Thinkphp3.2/RollCall/Public/scss/icons/weather-icons/css/weather-icons.min.css
INFO: [ app_init ] --START--
INFO: Run Behavior\BuildLiteBehavior [ RunTime:0.000006s ]
INFO: [ app_init ] --END-- [ RunTime:0.000374s ]
ERR: 无法加载模块:Public

[ 2019-10-17T00:06:03+08:00 ] ::1 /dashboard/www/Thinkphp3.2/RollCall/Public/scss/icons/linea-icons/linea.css
INFO: [ app_init ] --START--
INFO: Run Behavior\BuildLiteBehavior [ RunTime:0.000008s ]
INFO: [ app_init ] --END-- [ RunTime:0.000410s ]
ERR: 无法加载模块:Public

[ 2019-10-17T00:06:03+08:00 ] ::1 /dashboard/www/Thinkphp3.2/RollCall/Public/scss/icons/material-design-iconic-font/css/materialdesignicons.min.css
INFO: [ app_init ] --START--
INFO: Run Behavior\BuildLiteBehavior [ RunTime:0.000006s ]
INFO: [ app_init ] --END-- [ RunTime:0.000423s ]
ERR: 无法加载模块:Public

[ 2019-10-17T00:06:06+08:00 ] ::1 /dashboard/www/Thinkphp3.2/RollCall/Public/scss/icons/font-awesome/css/font-awesome.min.css
INFO: [ app_init ] --START--
INFO: Run Behavior\BuildLiteBehavior [ RunTime:0.000006s ]
INFO: [ app_init ] --END-- [ RunTime:0.000357s ]
ERR: 无法加载模块:Public

[ 2019-10-17T00:06:06+08:00 ] ::1 /dashboard/www/Thinkphp3.2/RollCall/Public/scss/icons/simple-line-icons/css/simple-line-icons.css
INFO: [ app_init ] --START--
INFO: Run Behavior\BuildLiteBehavior [ RunTime:0.000008s ]
INFO: [ app_init ] --END-- [ RunTime:0.000388s ]
ERR: 无法加载模块:Public

[ 2019-10-17T00:06:06+08:00 ] ::1 /dashboard/www/Thinkphp3.2/RollCall/Public/scss/icons/weather-icons/css/weather-icons.min.css
INFO: [ app_init ] --START--
INFO: Run Behavior\BuildLiteBehavior [ RunTime:0.000006s ]
INFO: [ app_init ] --END-- [ RunTime:0.000362s ]
ERR: 无法加载模块:Public

[ 2019-10-17T00:06:06+08:00 ] ::1 /dashboard/www/Thinkphp3.2/RollCall/Public/scss/icons/linea-icons/linea.css
INFO: [ app_init ] --START--
INFO: Run Behavior\BuildLiteBehavior [ RunTime:0.000005s ]
INFO: [ app_init ] --END-- [ RunTime:0.000330s ]
ERR: 无法加载模块:Public

[ 2019-10-17T00:06:06+08:00 ] ::1 /dashboard/www/Thinkphp3.2/RollCall/Public/scss/icons/themify-icons/themify-icons.css
INFO: [ app_init ] --START--
INFO: Run Behavior\BuildLiteBehavior [ RunTime:0.000006s ]
INFO: [ app_init ] --END-- [ RunTime:0.000363s ]
ERR: 无法加载模块:Public

[ 2019-10-17T00:06:06+08:00 ] ::1 /dashboard/www/Thinkphp3.2/RollCall/Public/scss/icons/flag-icon-css/flag-icon.min.css
INFO: [ app_init ] --START--
INFO: Run Behavior\BuildLiteBehavior [ RunTime:0.000007s ]
INFO: [ app_init ] --END-- [ RunTime:0.000381s ]
ERR: 无法加载模块:Public

[ 2019-10-17T00:06:06+08:00 ] ::1 /dashboard/www/Thinkphp3.2/RollCall/Public/scss/icons/material-design-iconic-font/css/materialdesignicons.min.css
INFO: [ app_init ] --START--
INFO: Run Behavior\BuildLiteBehavior [ RunTime:0.000007s ]
INFO: [ app_init ] --END-- [ RunTime:0.000492s ]
ERR: 无法加载模块:Public

[ 2019-10-17T00:06:08+08:00 ] ::1 /dashboard/www/Thinkphp3.2/RollCall/Public/scss/icons/simple-line-icons/css/simple-line-icons.css
INFO: [ app_init ] --START--
INFO: Run Behavior\BuildLiteBehavior [ RunTime:0.000005s ]
INFO: [ app_init ] --END-- [ RunTime:0.000339s ]
ERR: 无法加载模块:Public

[ 2019-10-17T00:06:08+08:00 ] ::1 /dashboard/www/Thinkphp3.2/RollCall/Public/scss/icons/font-awesome/css/font-awesome.min.css
INFO: [ app_init ] --START--
INFO: Run Behavior\BuildLiteBehavior [ RunTime:0.000005s ]
INFO: [ app_init ] --END-- [ RunTime:0.000344s ]
ERR: 无法加载模块:Public

[ 2019-10-17T00:06:08+08:00 ] ::1 /dashboard/www/Thinkphp3.2/RollCall/Public/scss/icons/weather-icons/css/weather-icons.min.css
INFO: [ app_init ] --START--
INFO: Run Behavior\BuildLiteBehavior [ RunTime:0.000016s ]
INFO: [ app_init ] --END-- [ RunTime:0.000476s ]
ERR: 无法加载模块:Public

[ 2019-10-17T00:06:08+08:00 ] ::1 /dashboard/www/Thinkphp3.2/RollCall/Public/scss/icons/linea-icons/linea.css
INFO: [ app_init ] --START--
INFO: Run Behavior\BuildLiteBehavior [ RunTime:0.000006s ]
INFO: [ app_init ] --END-- [ RunTime:0.000381s ]
ERR: 无法加载模块:Public

[ 2019-10-17T00:06:08+08:00 ] ::1 /dashboard/www/Thinkphp3.2/RollCall/Public/scss/icons/themify-icons/themify-icons.css
INFO: [ app_init ] --START--
INFO: Run Behavior\BuildLiteBehavior [ RunTime:0.000005s ]
INFO: [ app_init ] --END-- [ RunTime:0.000370s ]
ERR: 无法加载模块:Public

[ 2019-10-17T00:06:08+08:00 ] ::1 /dashboard/www/Thinkphp3.2/RollCall/Public/scss/icons/flag-icon-css/flag-icon.min.css
INFO: [ app_init ] --START--
INFO: Run Behavior\BuildLiteBehavior [ RunTime:0.000006s ]
INFO: [ app_init ] --END-- [ RunTime:0.000427s ]
ERR: 无法加载模块:Public

[ 2019-10-17T00:06:08+08:00 ] ::1 /dashboard/www/Thinkphp3.2/RollCall/Public/scss/icons/material-design-iconic-font/css/materialdesignicons.min.css
INFO: [ app_init ] --START--
INFO: Run Behavior\BuildLiteBehavior [ RunTime:0.000005s ]
INFO: [ app_init ] --END-- [ RunTime:0.000358s ]
ERR: 无法加载模块:Public

[ 2019-10-17T00:06:38+08:00 ] ::1 /dashboard/www/Thinkphp3.2/RollCall/Public/scss/icons/font-awesome/css/font-awesome.min.css
INFO: [ app_init ] --START--
INFO: Run Behavior\BuildLiteBehavior [ RunTime:0.000007s ]
INFO: [ app_init ] --END-- [ RunTime:0.000405s ]
ERR: 无法加载模块:Public

[ 2019-10-17T00:06:38+08:00 ] ::1 /dashboard/www/Thinkphp3.2/RollCall/Public/scss/icons/simple-line-icons/css/simple-line-icons.css
INFO: [ app_init ] --START--
INFO: Run Behavior\BuildLiteBehavior [ RunTime:0.000033s ]
INFO: [ app_init ] --END-- [ RunTime:0.000957s ]
ERR: 无法加载模块:Public

[ 2019-10-17T00:06:38+08:00 ] ::1 /dashboard/www/Thinkphp3.2/RollCall/Public/scss/icons/weather-icons/css/weather-icons.min.css
INFO: [ app_init ] --START--
INFO: Run Behavior\BuildLiteBehavior [ RunTime:0.000005s ]
INFO: [ app_init ] --END-- [ RunTime:0.000371s ]
ERR: 无法加载模块:Public

[ 2019-10-17T00:06:38+08:00 ] ::1 /dashboard/www/Thinkphp3.2/RollCall/Public/scss/icons/linea-icons/linea.css
INFO: [ app_init ] --START--
INFO: Run Behavior\BuildLiteBehavior [ RunTime:0.000005s ]
INFO: [ app_init ] --END-- [ RunTime:0.000356s ]
ERR: 无法加载模块:Public

[ 2019-10-17T00:06:38+08:00 ] ::1 /dashboard/www/Thinkphp3.2/RollCall/Public/scss/icons/themify-icons/themify-icons.css
INFO: [ app_init ] --START--
INFO: Run Behavior\BuildLiteBehavior [ RunTime:0.000006s ]
INFO: [ app_init ] --END-- [ RunTime:0.000396s ]
ERR: 无法加载模块:Public

[ 2019-10-17T00:06:38+08:00 ] ::1 /dashboard/www/Thinkphp3.2/RollCall/Public/scss/icons/flag-icon-css/flag-icon.min.css
INFO: [ app_init ] --START--
INFO: Run Behavior\BuildLiteBehavior [ RunTime:0.000005s ]
INFO: [ app_init ] --END-- [ RunTime:0.000334s ]
ERR: 无法加载模块:Public

[ 2019-10-17T00:06:38+08:00 ] ::1 /dashboard/www/Thinkphp3.2/RollCall/Public/scss/icons/material-design-iconic-font/css/materialdesignicons.min.css
INFO: [ app_init ] --START--
INFO: Run Behavior\BuildLiteBehavior [ RunTime:0.000008s ]
INFO: [ app_init ] --END-- [ RunTime:0.000408s ]
ERR: 无法加载模块:Public

[ 2019-10-17T00:08:35+08:00 ] ::1 /dashboard/www/Thinkphp3.2/RollCall/Public/scss/icons/font-awesome/css/font-awesome.min.css
INFO: [ app_init ] --START--
INFO: Run Behavior\BuildLiteBehavior [ RunTime:0.000006s ]
INFO: [ app_init ] --END-- [ RunTime:0.000359s ]
ERR: 无法加载模块:Public

[ 2019-10-17T00:08:35+08:00 ] ::1 /dashboard/www/Thinkphp3.2/RollCall/Public/scss/icons/simple-line-icons/css/simple-line-icons.css
INFO: [ app_init ] --START--
INFO: Run Behavior\BuildLiteBehavior [ RunTime:0.000006s ]
INFO: [ app_init ] --END-- [ RunTime:0.000389s ]
ERR: 无法加载模块:Public

[ 2019-10-17T00:08:35+08:00 ] ::1 /dashboard/www/Thinkphp3.2/RollCall/Public/scss/icons/material-design-iconic-font/css/materialdesignicons.min.css
INFO: [ app_init ] --START--
INFO: Run Behavior\BuildLiteBehavior [ RunTime:0.000007s ]
INFO: [ app_init ] --END-- [ RunTime:0.000380s ]
ERR: 无法加载模块:Public

[ 2019-10-17T00:08:35+08:00 ] ::1 /dashboard/www/Thinkphp3.2/RollCall/Public/scss/icons/weather-icons/css/weather-icons.min.css
INFO: [ app_init ] --START--
INFO: Run Behavior\BuildLiteBehavior [ RunTime:0.000005s ]
INFO: [ app_init ] --END-- [ RunTime:0.000415s ]
ERR: 无法加载模块:Public

[ 2019-10-17T00:08:35+08:00 ] ::1 /dashboard/www/Thinkphp3.2/RollCall/Public/scss/icons/flag-icon-css/flag-icon.min.css
INFO: [ app_init ] --START--
INFO: Run Behavior\BuildLiteBehavior [ RunTime:0.000007s ]
INFO: [ app_init ] --END-- [ RunTime:0.001015s ]
ERR: 无法加载模块:Public

[ 2019-10-17T00:08:35+08:00 ] ::1 /dashboard/www/Thinkphp3.2/RollCall/Public/scss/icons/themify-icons/themify-icons.css
INFO: [ app_init ] --START--
INFO: Run Behavior\BuildLiteBehavior [ RunTime:0.000007s ]
INFO: [ app_init ] --END-- [ RunTime:0.000402s ]
ERR: 无法加载模块:Public

[ 2019-10-17T00:08:35+08:00 ] ::1 /dashboard/www/Thinkphp3.2/RollCall/Public/scss/icons/linea-icons/linea.css
INFO: [ app_init ] --START--
INFO: Run Behavior\BuildLiteBehavior [ RunTime:0.000007s ]
INFO: [ app_init ] --END-- [ RunTime:0.000796s ]
ERR: 无法加载模块:Public

[ 2019-10-17T00:08:37+08:00 ] ::1 /dashboard/www/Thinkphp3.2/RollCall/Public/scss/icons/font-awesome/css/font-awesome.min.css
INFO: [ app_init ] --START--
INFO: Run Behavior\BuildLiteBehavior [ RunTime:0.000006s ]
INFO: [ app_init ] --END-- [ RunTime:0.000407s ]
ERR: 无法加载模块:Public




[ 2019-10-17T00:08:37+08:00 ] ::1 /dashboard/www/Thinkphp3.2/RollCall/Public/scss/icons/linea-icons/linea.css
INFO: [ app_init ] --START--
INFO: Run Behavior\BuildLiteBehavior [ RunTime:0.000007s ]
INFO: [ app_init ] --END-- [ RunTime:0.000367s ]
ERR: 无法加载模块:Public

[ 2019-10-17T00:08:37+08:00 ] ::1 /dashboard/www/Thinkphp3.2/RollCall/Public/scss/icons/themify-icons/themify-icons.css
INFO: [ app_init ] --START--
INFO: Run Behavior\BuildLiteBehavior [ RunTime:0.000004s ]
INFO: [ app_init ] --END-- [ RunTime:0.000338s ]
ERR: 无法加载模块:Public

[ 2019-10-17T00:08:37+08:00 ] ::1 /dashboard/www/Thinkphp3.2/RollCall/Public/scss/icons/material-design-iconic-font/css/materialdesignicons.min.css
INFO: [ app_init ] --START--
INFO: Run Behavior\BuildLiteBehavior [ RunTime:0.000007s ]
INFO: [ app_init ] --END-- [ RunTime:0.000441s ]
ERR: 无法加载模块:Public

[ 2019-10-17T00:08:37+08:00 ] ::1 /dashboard/www/Thinkphp3.2/RollCall/Public/scss/icons/flag-icon-css/flag-icon.min.css
INFO: [ app_init ] --START--
INFO: Run Behavior\BuildLiteBehavior [ RunTime:0.000006s ]
INFO: [ app_init ] --END-- [ RunTime:0.000388s ]
ERR: 无法加载模块:Public

[ 2019-10-17T00:08:47+08:00 ] ::1 /dashboard/www/Thinkphp3.2/RollCall/Public/pages-blank.html
INFO: [ app_init ] --START--
INFO: Run Behavior\BuildLiteBehavior [ RunTime:0.000009s ]
INFO: [ app_init ] --END-- [ RunTime:0.000783s ]
ERR: 无法加载模块:Public

[ 2019-10-17T00:08:48+08:00 ] ::1 /dashboard/www/Thinkphp3.2/RollCall/Public/scss/icons/font-awesome/css/font-awesome.min.css
INFO: [ app_init ] --START--
INFO: Run Behavior\BuildLiteBehavior [ RunTime:0.000006s ]
INFO: [ app_init ] --END-- [ RunTime:0.000346s ]
ERR: 无法加载模块:Public

[ 2019-10-17T00:08:48+08:00 ] ::1 /dashboard/www/Thinkphp3.2/RollCall/Public/scss/icons/simple-line-icons/css/simple-line-icons.css
INFO: [ app_init ] --START--
INFO: Run Behavior\BuildLiteBehavior [ RunTime:0.000005s ]
INFO: [ app_init ] --END-- [ RunTime:0.000332s ]
ERR: 无法加载模块:Public

[ 2019-10-17T00:08:48+08:00 ] ::1 /dashboard/www/Thinkphp3.2/RollCall/Public/scss/icons/flag-icon-css/flag-icon.min.css
INFO: [ app_init ] --START--
INFO: Run Behavior\BuildLiteBehavior [ RunTime:0.000006s ]
INFO: [ app_init ] --END-- [ RunTime:0.000336s ]
ERR: 无法加载模块:Public

[ 2019-10-17T00:08:48+08:00 ] ::1 /dashboard/www/Thinkphp3.2/RollCall/Public/scss/icons/linea-icons/linea.css
INFO: [ app_init ] --START--
INFO: Run Behavior\BuildLiteBehavior [ RunTime:0.000005s ]
INFO: [ app_init ] --END-- [ RunTime:0.000353s ]
ERR: 无法加载模块:Public

[ 2019-10-17T00:08:48+08:00 ] ::1 /dashboard/www/Thinkphp3.2/RollCall/Public/scss/icons/themify-icons/themify-icons.css
INFO: [ app_init ] --START--
INFO: Run Behavior\BuildLiteBehavior [ RunTime:0.000004s ]
INFO: [ app_init ] --END-- [ RunTime:0.000360s ]
ERR: 无法加载模块:Public

[ 2019-10-17T00:08:48+08:00 ] ::1 /dashboard/www/Thinkphp3.2/RollCall/Public/scss/icons/weather-icons/css/weather-icons.min.css
INFO: [ app_init ] --START--
INFO: Run Behavior\BuildLiteBehavior [ RunTime:0.000008s ]
INFO: [ app_init ] --END-- [ RunTime:0.000580s ]
ERR: 无法加载模块:Public

[ 2019-10-17T00:08:48+08:00 ] ::1 /dashboard/www/Thinkphp3.2/RollCall/Public/scss/icons/material-design-iconic-font/css/materialdesignicons.min.css
INFO: [ app_init ] --START--
INFO: Run Behavior\BuildLiteBehavior [ RunTime:0.000005s ]
INFO: [ app_init ] --END-- [ RunTime:0.000346s ]
ERR: 无法加载模块:Public

[ 2019-10-17T00:08:49+08:00 ] ::1 /dashboard/www/Thinkphp3.2/RollCall/Public/scss/icons/font-awesome/css/font-awesome.min.css
INFO: [ app_init ] --START--
INFO: Run Behavior\BuildLiteBehavior [ RunTime:0.000006s ]
INFO: [ app_init ] --END-- [ RunTime:0.000332s ]
ERR: 无法加载模块:Public

[ 2019-10-17T00:08:49+08:00 ] ::1 /dashboard/www/Thinkphp3.2/RollCall/Public/scss/icons/flag-icon-css/flag-icon.min.css
INFO: [ app_init ] --START--
INFO: Run Behavior\BuildLiteBehavior [ RunTime:0.000005s ]
INFO: [ app_init ] --END-- [ RunTime:0.000365s ]
ERR: 无法加载模块:Public

[ 2019-10-17T00:08:49+08:00 ] ::1 /dashboard/www/Thinkphp3.2/RollCall/Public/scss/icons/linea-icons/linea.css
INFO: [ app_init ] --START--
INFO: Run Behavior\BuildLiteBehavior [ RunTime:0.000006s ]
INFO: [ app_init ] --END-- [ RunTime:0.000345s ]
ERR: 无法加载模块:Public

[ 2019-10-17T00:08:49+08:00 ] ::1 /dashboard/www/Thinkphp3.2/RollCall/Public/scss/icons/weather-icons/css/weather-icons.min.css
INFO: [ app_init ] --START--
INFO: Run Behavior\BuildLiteBehavior [ RunTime:0.000005s ]
INFO: [ app_init ] --END-- [ RunTime:0.000354s ]
ERR: 无法加载模块:Public

[ 2019-10-17T00:08:49+08:00 ] ::1 /dashboard/www/Thinkphp3.2/RollCall/Public/scss/icons/themify-icons/themify-icons.css
INFO: [ app_init ] --START--
INFO: Run Behavior\BuildLiteBehavior [ RunTime:0.000006s ]
INFO: [ app_init ] --END-- [ RunTime:0.000467s ]
ERR: 无法加载模块:Public

[ 2019-10-17T00:08:49+08:00 ] ::1 /dashboard/www/Thinkphp3.2/RollCall/Public/scss/icons/material-design-iconic-font/css/materialdesignicons.min.css
INFO: [ app_init ] --START--
INFO: Run Behavior\BuildLiteBehavior [ RunTime:0.000005s ]
INFO: [ app_init ] --END-- [ RunTime:0.000501s ]
ERR: 无法加载模块:Public

[ 2019-10-17T00:08:49+08:00 ] ::1 /dashboard/www/Thinkphp3.2/RollCall/Public/scss/icons/simple-line-icons/css/simple-line-icons.css
INFO: [ app_init ] --START--
INFO: Run Behavior\BuildLiteBehavior [ RunTime:0.000006s ]
INFO: [ app_init ] --END-- [ RunTime:0.000452s ]
ERR: 无法加载模块:Public

[ 2019-10-17T00:08:50+08:00 ] ::1 /dashboard/www/Thinkphp3.2/RollCall/Public/index.html
INFO: [ app_init ] --START--
INFO: Run Behavior\BuildLiteBehavior [ RunTime:0.000006s ]
INFO: [ app_init ] --END-- [ RunTime:0.000339s ]
ERR: 无法加载模块:Public

[ 2019-10-17T00:08:51+08:00 ] ::1 /dashboard/www/Thinkphp3.2/RollCall/Public/scss/icons/themify-icons/themify-icons.css
INFO: [ app_init ] --START--
INFO: Run Behavior\BuildLiteBehavior [ RunTime:0.000005s ]
INFO: [ app_init ] --END-- [ RunTime:0.000553s ]
ERR: 无法加载模块:Public

[ 2019-10-17T00:08:51+08:00 ] ::1 /dashboard/www/Thinkphp3.2/RollCall/Public/scss/icons/font-awesome/css/font-awesome.min.css
INFO: [ app_init ] --START--
INFO: Run Behavior\BuildLiteBehavior [ RunTime:0.000005s ]
INFO: [ app_init ] --END-- [ RunTime:0.000425s ]
ERR: 无法加载模块:Public


[ 2019-10-17T00:08:51+08:00 ] ::1 /dashboard/www/Thinkphp3.2/RollCall/Public/scss/icons/linea-icons/linea.css
INFO: [ app_init ] --START--
INFO: Run Behavior\BuildLiteBehavior [ RunTime:0.000005s ]
INFO: [ app_init ] --END-- [ RunTime:0.000414s ]
ERR: 无法加载模块:Public

Public

[ 2019-10-17T00:08:51+08:00 ] ::1 /dashboard/www/Thinkphp3.2/RollCall/Public/scss/icons/material-design-iconic-font/css/materialdesignicons.min.css
INFO: [ app_init ] --START--
INFO: Run Behavior\BuildLiteBehavior [ RunTime:0.000004s ]
INFO: [ app_init ] --END-- [ RunTime:0.000436s ]
ERR: 无法加载模块:Public

[ 2019-10-17T00:08:53+08:00 ] ::1 /dashboard/www/Thinkphp3.2/RollCall/Public/scss/icons/themify-icons/themify-icons.css
INFO: [ app_init ] --START--
INFO: Run Behavior\BuildLiteBehavior [ RunTime:0.000004s ]
INFO: [ app_init ] --END-- [ RunTime:0.000353s ]
ERR: 无法加载模块:Public

[ 2019-10-17T00:08:53+08:00 ] ::1 /dashboard/www/Thinkphp3.2/RollCall/Public/scss/icons/weather-icons/css/weather-icons.min.css
INFO: [ app_init ] --START--
INFO: Run Behavior\BuildLiteBehavior [ RunTime:0.000005s ]
INFO: [ app_init ] --END-- [ RunTime:0.000324s ]
ERR: 无法加载模块:Public

[ 2019-10-17T00:08:53+08:00 ] ::1 /dashboard/www/Thinkphp3.2/RollCall/Public/scss/icons/font-awesome/css/font-awesome.min.css
INFO: [ app_init ] --START--
INFO: Run Behavior\BuildLiteBehavior [ RunTime:0.000004s ]
INFO: [ app_init ] --END-- [ RunTime:0.000366s ]
ERR: 无法加载模块:Public

[ 2019-10-17T00:08:53+08:00 ] ::1 /dashboard/www/Thinkphp3.2/RollCall/Public/scss/icons/simple-line-icons/css/simple-line-icons.css
INFO: [ app_init ] --START--
INFO: Run Behavior\BuildLiteBehavior [ RunTime:0.000006s ]
INFO: [ app_init ] --END-- [ RunTime:0.000354s ]
ERR: 无法加载模块:Public

[ 2019-10-17T00:08:53+08:00 ] ::1 /dashboard/www/Thinkphp3.2/RollCall/Public/scss/icons/flag-icon-css/flag-icon.min.css
INFO: [ app_init ] --START--
INFO: Run Behavior\BuildLiteBehavior [ RunTime:0.000007s ]
INFO: [ app_init ] --END-- [ RunTime:0.000381s ]
ERR: 无法加载模块:Public

[ 2019-10-17T00:08:53+08:00 ] ::1 /dashboard/www/Thinkphp3.2/RollCall/Public/scss/icons/material-design-iconic-font/css/materialdesignicons.min.css
INFO: [ app_init ] --START--
INFO: Run Behavior\BuildLiteBehavior [ RunTime:0.000006s ]
INFO: [ app_init ] --END-- [ RunTime:0.000375s ]
ERR: 无法加载模块:Public

[ 2019-10-17T00:08:53+08:00 ] ::1 /dashboard/www/Thinkphp3.2/RollCall/Public/scss/icons/linea-icons/linea.css
INFO: [ app_init ] --START--
INFO: Run Behavior\BuildLiteBehavior [ RunTime:0.000006s ]
INFO: [ app_init ] --END-- [ RunTime:0.000358s ]
ERR: 无法加载模块:Public

[ 2019-10-17T00:10:52+08:00 ] ::1 /dashboard/www/Thinkphp3.2/RollCall/Public/pages-blank.html
INFO: [ app_init ] --START--
INFO: Run Behavior\BuildLiteBehavior [ RunTime:0.000006s ]
INFO: [ app_init ] --END-- [ RunTime:0.000396s ]
ERR: 无法加载模块:Public

[ 2019-10-17T00:10:53+08:00 ] ::1 /dashboard/www/Thinkphp3.2/RollCall/Public/scss/icons/font-awesome/css/font-awesome.min.css
INFO: [ app_init ] --START--
INFO: Run Behavior\BuildLiteBehavior [ RunTime:0.000006s ]
INFO: [ app_init ] --END-- [ RunTime:0.000359s ]
ERR: 无法加载模块:Public

[ 2019-10-17T00:10:53+08:00 ] ::1 /dashboard/www/Thinkphp3.2/RollCall/Public/scss/icons/simple-line-icons/css/simple-line-icons.css
INFO: [ app_init ] --START--
INFO: Run Behavior\BuildLiteBehavior [ RunTime:0.000007s ]
INFO: [ app_init ] --END-- [ RunTime:0.000417s ]
ERR: 无法加载模块:Public

[ 2019-10-17T00:10:53+08:00 ] ::1 /dashboard/www/Thinkphp3.2/RollCall/Public/scss/icons/weather-icons/css/weather-icons.min.css
INFO: [ app_init ] --START--
INFO: Run Behavior\BuildLiteBehavior [ RunTime:0.000006s ]
INFO: [ app_init ] --END-- [ RunTime:0.000390s ]
ERR: 无法加载模块:Public

[ 2019-10-17T00:10:53+08:00 ] ::1 /dashboard/www/Thinkphp3.2/RollCall/Public/scss/icons/themify-icons/themify-icons.css
INFO: [ app_init ] --START--
INFO: Run Behavior\BuildLiteBehavior [ RunTime:0.000006s ]
INFO: [ app_init ] --END-- [ RunTime:0.000368s ]
ERR: 无法加载模块:Public

[ 2019-10-17T00:10:53+08:00 ] ::1 /dashboard/www/Thinkphp3.2/RollCall/Public/scss/icons/flag-icon-css/flag-icon.min.css
INFO: [ app_init ] --START--
INFO: Run Behavior\BuildLiteBehavior [ RunTime:0.000007s ]
INFO: [ app_init ] --END-- [ RunTime:0.000573s ]
ERR: 无法加载模块:Public

[ 2019-10-17T00:10:53+08:00 ] ::1 /dashboard/www/Thinkphp3.2/RollCall/Public/scss/icons/material-design-iconic-font/css/materialdesignicons.min.css
INFO: [ app_init ] --START--
INFO: Run Behavior\BuildLiteBehavior [ RunTime:0.000007s ]
INFO: [ app_init ] --END-- [ RunTime:0.000415s ]
ERR: 无法加载模块:Public

