#
# There is insufficient memory for the Java Runtime Environment to continue.
# Native memory allocation (malloc) failed to allocate 409616 bytes for Chunk::new
# Possible reasons:
#   The system is out of physical RAM or swap space
#   The process is running with CompressedOops enabled, and the Java Heap may be blocking the growth of the native heap
# Possible solutions:
#   Reduce memory load on the system
#   Increase physical memory or swap space
#   Check if swap backing store is full
#   Decrease Java heap size (-Xmx/-Xms)
#   Decrease number of Java threads
#   Decrease Java thread stack sizes (-Xss)
#   Set larger code cache with -XX:ReservedCodeCacheSize=
#   JVM is running with Unscaled Compressed Oops mode in which the Java heap is
#     placed in the first 4GB address space. The Java Heap base address is the
#     maximum limit for the native heap growth. Please use -XX:HeapBaseMinAddress
#     to set the Java Heap base and to place the Java Heap above 4GB virtual address.
# This output file may be truncated or incomplete.
#
#  Out of Memory Error (allocation.cpp:389), pid=51952, tid=0x0000000000006cc8
#
# JRE version: OpenJDK Runtime Environment (8.0_202-b03) (build 1.8.0_202-release-1483-b03)
# Java VM: OpenJDK 64-Bit Server VM (25.202-b03 mixed mode windows-amd64 compressed oops)
# Failed to write core dump. Minidumps are not enabled by default on client versions of Windows
#

---------------  T H R E A D  ---------------

Current thread (0x00000000158ee000):  JavaThread "C2 CompilerThread0" daemon [_thread_in_native, id=27848, stack(0x0000000017240000,0x0000000017340000)]

Stack: [0x0000000017240000,0x0000000017340000]
[error occurred during error reporting (printing stack bounds), id 0xc0000005]

Native frames: (J=compiled Java code, j=interpreted, Vv=VM code, C=native code)


Current CompileTask:
C2:1060154 12523   !   4       org.gradle.internal.service.DefaultServiceRegistry$DefaultLookupContext::find (72 bytes)


---------------  P R O C E S S  ---------------

Java Threads: ( => current thread )
  0x000000001c23e000 JavaThread "Cache worker for Artifact transforms cache (C:\Users\QQ594\.gradle\caches\transforms-1)" [_thread_blocked, id=38032, stack(0x00000000285c0000,0x00000000286c0000)]
  0x000000001c23c800 JavaThread "Cache worker for file hash cache (E:\git\2019MovieProject2.0\.gradle\4.4\fileHashes)" [_thread_blocked, id=53528, stack(0x00000000284c0000,0x00000000285c0000)]
  0x000000001c23f800 JavaThread "Stdin handler" [_thread_blocked, id=43964, stack(0x00000000283c0000,0x00000000284c0000)]
  0x000000001e202800 JavaThread "Asynchronous log dispatcher for DefaultDaemonConnection: socket connection from /127.0.0.1:58998 to /127.0.0.1:49335" [_thread_blocked, id=12168, stack(0x00000000282c0000,0x00000000283c0000)]
  0x000000001e206800 JavaThread "Daemon worker Thread 3" [_thread_in_native, id=41684, stack(0x00000000281c0000,0x00000000282c0000)]
  0x000000001e203800 JavaThread "Cancel handler" [_thread_blocked, id=43608, stack(0x00000000280c0000,0x00000000281c0000)]
  0x000000001e204000 JavaThread "Handler for socket connection from /127.0.0.1:58998 to /127.0.0.1:49335" [_thread_in_native, id=46004, stack(0x0000000027fc0000,0x00000000280c0000)]
  0x000000001e200800 JavaThread "Daemon Thread 3" [_thread_blocked, id=32672, stack(0x0000000027ec0000,0x0000000027fc0000)]
  0x000000001e202000 JavaThread "Memory manager" [_thread_blocked, id=52040, stack(0x0000000020910000,0x0000000020a10000)]
  0x0000000016ee1800 JavaThread "File lock request listener" [_thread_in_native, id=54508, stack(0x0000000019eb0000,0x0000000019fb0000)]
  0x0000000017ea0800 JavaThread "Cache worker for file hash cache (C:\Users\QQ594\.gradle\caches\4.4\fileHashes)" [_thread_blocked, id=46124, stack(0x0000000019db0000,0x0000000019eb0000)]
  0x0000000017e6b800 JavaThread "Daemon periodic checks" [_thread_blocked, id=46680, stack(0x00000000192b0000,0x00000000193b0000)]
  0x0000000017c59000 JavaThread "Incoming local TCP Connector on port 58998" [_thread_in_native, id=52456, stack(0x0000000019110000,0x0000000019210000)]
  0x0000000016c52000 JavaThread "Service Thread" daemon [_thread_blocked, id=50928, stack(0x0000000017540000,0x0000000017640000)]
  0x000000001593b000 JavaThread "C1 CompilerThread2" daemon [_thread_blocked, id=55260, stack(0x0000000017440000,0x0000000017540000)]
  0x00000000158f2000 JavaThread "C2 CompilerThread1" daemon [_thread_blocked, id=51068, stack(0x0000000017340000,0x0000000017440000)]
=>0x00000000158ee000 JavaThread "C2 CompilerThread0" daemon [_thread_in_native, id=27848, stack(0x0000000017240000,0x0000000017340000)]
  0x0000000015937800 JavaThread "Attach Listener" daemon [_thread_blocked, id=32524, stack(0x0000000017140000,0x0000000017240000)]
  0x0000000016c50800 JavaThread "Signal Dispatcher" daemon [_thread_blocked, id=52840, stack(0x0000000017040000,0x0000000017140000)]
  0x000000000314b000 JavaThread "Finalizer" daemon [_thread_blocked, id=53348, stack(0x0000000016b40000,0x0000000016c40000)]
  0x00000000158c9000 JavaThread "Reference Handler" daemon [_thread_blocked, id=54276, stack(0x0000000016a40000,0x0000000016b40000)]
  0x000000000320e000 JavaThread "main" [_thread_blocked, id=39984, stack(0x0000000002b70000,0x0000000002c70000)]

Other Threads:
  0x00000000158a8800 VMThread [stack: 0x0000000016940000,0x0000000016a40000] [id=55640]
  0x0000000016c55000 WatcherThread [stack: 0x0000000017640000,0x0000000017740000] [id=50968]

VM state:not at safepoint (normal execution)

VM Mutex/Monitor currently owned by a thread: None

heap address: 0x00000000c0000000, size: 1024 MB, Compressed Oops mode: 32-bit
Narrow klass base: 0x0000000000000000, Narrow klass shift: 3
Compressed class space size: 1073741824 Address: 0x0000000100000000

Heap:
 PSYoungGen      total 150528K, used 126619K [0x00000000eab00000, 0x00000000f5b80000, 0x0000000100000000)
  eden space 136704K, 82% used [0x00000000eab00000,0x00000000f194e848,0x00000000f3080000)
  from space 13824K, 98% used [0x00000000f3480000,0x00000000f41d8690,0x00000000f4200000)
  to   space 22016K, 0% used [0x00000000f4600000,0x00000000f4600000,0x00000000f5b80000)
 ParOldGen       total 128512K, used 45178K [0x00000000c0000000, 0x00000000c7d80000, 0x00000000eab00000)
  object space 128512K, 35% used [0x00000000c0000000,0x00000000c2c1eb00,0x00000000c7d80000)
 Metaspace       used 69503K, capacity 72936K, committed 73088K, reserved 1112064K
  class space    used 9119K, capacity 9852K, committed 9856K, reserved 1048576K

Card table byte_map: [0x00000000125d0000,0x00000000127e0000] byte_map_base: 0x0000000011fd0000

Marking Bits: (ParMarkBitMap*) 0x0000000059fb9f30
 Begin Bits: [0x0000000012d40000, 0x0000000013d40000)
 End Bits:   [0x0000000013d40000, 0x0000000014d40000)

Polling page: 0x0000000001520000

CodeCache: size=245760Kb used=36206Kb max_used=36265Kb free=209553Kb
 bounds [0x0000000003210000, 0x00000000055b0000, 0x0000000012210000]
 total_blobs=11406 nmethods=10573 adapters=745
 compilation: enabled

Compilation events (10 events):
Event: 1059.984 Thread 0x00000000158f2000 nmethod 12522 0x0000000003c08390 code [0x0000000003c084c0, 0x0000000003c08538]
Event: 1059.985 Thread 0x000000001593b000 12518       3       com.google.common.util.concurrent.Striped$1::get (8 bytes)
Event: 1059.985 Thread 0x000000001593b000 nmethod 12518 0x00000000055a7690 code [0x00000000055a7840, 0x00000000055a7d70]
Event: 1059.986 Thread 0x00000000158ee000 12523   !   4       org.gradle.internal.service.DefaultServiceRegistry$DefaultLookupContext::find (72 bytes)
Event: 1059.991 Thread 0x000000001593b000 12519   !   3       sun.nio.ch.FileChannelImpl::fileLockTable (101 bytes)
Event: 1059.992 Thread 0x000000001593b000 nmethod 12519 0x00000000040a2290 code [0x00000000040a24c0, 0x00000000040a2f48]
Event: 1059.997 Thread 0x000000001593b000 12521       3       java.util.Random::<init> (53 bytes)
Event: 1059.997 Thread 0x000000001593b000 nmethod 12521 0x000000000412ba10 code [0x000000000412bbc0, 0x000000000412c2c8]
Event: 1060.002 Thread 0x000000001593b000 12520       3       java.util.Random::seedUniquifier (29 bytes)
Event: 1060.002 Thread 0x000000001593b000 nmethod 12520 0x0000000003b0f7d0 code [0x0000000003b0f940, 0x0000000003b0fd30]

GC Heap History (10 events):
Event: 36.005 GC heap before
{Heap before GC invocations=16 (full 2):
 PSYoungGen      total 95744K, used 45361K [0x00000000eab00000, 0x00000000f4100000, 0x0000000100000000)
  eden space 76800K, 35% used [0x00000000eab00000,0x00000000ec5c32e8,0x00000000ef600000)
  from space 18944K, 94% used [0x00000000ef600000,0x00000000f07894f0,0x00000000f0880000)
  to   space 20992K, 0% used [0x00000000f2c80000,0x00000000f2c80000,0x00000000f4100000)
 ParOldGen       total 82944K, used 28888K [0x00000000c0000000, 0x00000000c5100000, 0x00000000eab00000)
  object space 82944K, 34% used [0x00000000c0000000,0x00000000c1c36020,0x00000000c5100000)
 Metaspace       used 56589K, capacity 58762K, committed 59008K, reserved 1099776K
  class space    used 7746K, capacity 8303K, committed 8320K, reserved 1048576K
Event: 36.023 GC heap after
Heap after GC invocations=16 (full 2):
 PSYoungGen      total 130560K, used 20533K [0x00000000eab00000, 0x00000000f4580000, 0x0000000100000000)
  eden space 109568K, 0% used [0x00000000eab00000,0x00000000eab00000,0x00000000f1600000)
  from space 20992K, 97% used [0x00000000f2c80000,0x00000000f408d730,0x00000000f4100000)
  to   space 23040K, 0% used [0x00000000f1600000,0x00000000f1600000,0x00000000f2c80000)
 ParOldGen       total 82944K, used 29717K [0x00000000c0000000, 0x00000000c5100000, 0x00000000eab00000)
  object space 82944K, 35% used [0x00000000c0000000,0x00000000c1d05500,0x00000000c5100000)
 Metaspace       used 56589K, capacity 58762K, committed 59008K, reserved 1099776K
  class space    used 7746K, capacity 8303K, committed 8320K, reserved 1048576K
}
Event: 36.023 GC heap before
{Heap before GC invocations=17 (full 3):
 PSYoungGen      total 130560K, used 20533K [0x00000000eab00000, 0x00000000f4580000, 0x0000000100000000)
  eden space 109568K, 0% used [0x00000000eab00000,0x00000000eab00000,0x00000000f1600000)
  from space 20992K, 97% used [0x00000000f2c80000,0x00000000f408d730,0x00000000f4100000)
  to   space 23040K, 0% used [0x00000000f1600000,0x00000000f1600000,0x00000000f2c80000)
 ParOldGen       total 82944K, used 29717K [0x00000000c0000000, 0x00000000c5100000, 0x00000000eab00000)
  object space 82944K, 35% used [0x00000000c0000000,0x00000000c1d05500,0x00000000c5100000)
 Metaspace       used 56589K, capacity 58762K, committed 59008K, reserved 1099776K
  class space    used 7746K, capacity 8303K, committed 8320K, reserved 1048576K
Event: 36.264 GC heap after
Heap after GC invocations=17 (full 3):
 PSYoungGen      total 130560K, used 0K [0x00000000eab00000, 0x00000000f4580000, 0x0000000100000000)
  eden space 109568K, 0% used [0x00000000eab00000,0x00000000eab00000,0x00000000f1600000)
  from space 20992K, 0% used [0x00000000f2c80000,0x00000000f2c80000,0x00000000f4100000)
  to   space 23040K, 0% used [0x00000000f1600000,0x00000000f1600000,0x00000000f2c80000)
 ParOldGen       total 128512K, used 45154K [0x00000000c0000000, 0x00000000c7d80000, 0x00000000eab00000)
  object space 128512K, 35% used [0x00000000c0000000,0x00000000c2c18b00,0x00000000c7d80000)
 Metaspace       used 56589K, capacity 58762K, committed 59008K, reserved 1099776K
  class space    used 7746K, capacity 8303K, committed 8320K, reserved 1048576K
}
Event: 205.878 GC heap before
{Heap before GC invocations=18 (full 3):
 PSYoungGen      total 130560K, used 109568K [0x00000000eab00000, 0x00000000f4580000, 0x0000000100000000)
  eden space 109568K, 100% used [0x00000000eab00000,0x00000000f1600000,0x00000000f1600000)
  from space 20992K, 0% used [0x00000000f2c80000,0x00000000f2c80000,0x00000000f4100000)
  to   space 23040K, 0% used [0x00000000f1600000,0x00000000f1600000,0x00000000f2c80000)
 ParOldGen       total 128512K, used 45154K [0x00000000c0000000, 0x00000000c7d80000, 0x00000000eab00000)
  object space 128512K, 35% used [0x00000000c0000000,0x00000000c2c18b00,0x00000000c7d80000)
 Metaspace       used 60880K, capacity 63348K, committed 63360K, reserved 1103872K
  class space    used 8241K, capacity 8826K, committed 8832K, reserved 1048576K
Event: 205.891 GC heap after
Heap after GC invocations=18 (full 3):
 PSYoungGen      total 132608K, used 8256K [0x00000000eab00000, 0x00000000f6600000, 0x0000000100000000)
  eden space 109568K, 0% used [0x00000000eab00000,0x00000000eab00000,0x00000000f1600000)
  from space 23040K, 35% used [0x00000000f1600000,0x00000000f1e10020,0x00000000f2c80000)
  to   space 23040K, 0% used [0x00000000f4f80000,0x00000000f4f80000,0x00000000f6600000)
 ParOldGen       total 128512K, used 45162K [0x00000000c0000000, 0x00000000c7d80000, 0x00000000eab00000)
  object space 128512K, 35% used [0x00000000c0000000,0x00000000c2c1ab00,0x00000000c7d80000)
 Metaspace       used 60880K, capacity 63348K, committed 63360K, reserved 1103872K
  class space    used 8241K, capacity 8826K, committed 8832K, reserved 1048576K
}
Event: 290.601 GC heap before
{Heap before GC invocations=19 (full 3):
 PSYoungGen      total 132608K, used 117824K [0x00000000eab00000, 0x00000000f6600000, 0x0000000100000000)
  eden space 109568K, 100% used [0x00000000eab00000,0x00000000f1600000,0x00000000f1600000)
  from space 23040K, 35% used [0x00000000f1600000,0x00000000f1e10020,0x00000000f2c80000)
  to   space 23040K, 0% used [0x00000000f4f80000,0x00000000f4f80000,0x00000000f6600000)
 ParOldGen       total 128512K, used 45162K [0x00000000c0000000, 0x00000000c7d80000, 0x00000000eab00000)
  object space 128512K, 35% used [0x00000000c0000000,0x00000000c2c1ab00,0x00000000c7d80000)
 Metaspace       used 64730K, capacity 67472K, committed 67584K, reserved 1107968K
  class space    used 8528K, capacity 9168K, committed 9216K, reserved 1048576K
Event: 290.613 GC heap after
Heap after GC invocations=19 (full 3):
 PSYoungGen      total 158208K, used 14439K [0x00000000eab00000, 0x00000000f6080000, 0x0000000100000000)
  eden space 140800K, 0% used [0x00000000eab00000,0x00000000eab00000,0x00000000f3480000)
  from space 17408K, 82% used [0x00000000f4f80000,0x00000000f5d99f20,0x00000000f6080000)
  to   space 22528K, 0% used [0x00000000f3480000,0x00000000f3480000,0x00000000f4a80000)
 ParOldGen       total 128512K, used 45170K [0x00000000c0000000, 0x00000000c7d80000, 0x00000000eab00000)
  object space 128512K, 35% used [0x00000000c0000000,0x00000000c2c1cb00,0x00000000c7d80000)
 Metaspace       used 64730K, capacity 67472K, committed 67584K, reserved 1107968K
  class space    used 8528K, capacity 9168K, committed 9216K, reserved 1048576K
}
Event: 619.090 GC heap before
{Heap before GC invocations=20 (full 3):
 PSYoungGen      total 158208K, used 155239K [0x00000000eab00000, 0x00000000f6080000, 0x0000000100000000)
  eden space 140800K, 100% used [0x00000000eab00000,0x00000000f3480000,0x00000000f3480000)
  from space 17408K, 82% used [0x00000000f4f80000,0x00000000f5d99f20,0x00000000f6080000)
  to   space 22528K, 0% used [0x00000000f3480000,0x00000000f3480000,0x00000000f4a80000)
 ParOldGen       total 128512K, used 45170K [0x00000000c0000000, 0x00000000c7d80000, 0x00000000eab00000)
  object space 128512K, 35% used [0x00000000c0000000,0x00000000c2c1cb00,0x00000000c7d80000)
 Metaspace       used 68234K, capacity 71418K, committed 71680K, reserved 1112064K
  class space    used 8966K, capacity 9673K, committed 9728K, reserved 1048576K
Event: 619.100 GC heap after
Heap after GC invocations=20 (full 3):
 PSYoungGen      total 150528K, used 13665K [0x00000000eab00000, 0x00000000f5b80000, 0x0000000100000000)
  eden space 136704K, 0% used [0x00000000eab00000,0x00000000eab00000,0x00000000f3080000)
  from space 13824K, 98% used [0x00000000f3480000,0x00000000f41d8690,0x00000000f4200000)
  to   space 22016K, 0% used [0x00000000f4600000,0x00000000f4600000,0x00000000f5b80000)
 ParOldGen       total 128512K, used 45178K [0x00000000c0000000, 0x00000000c7d80000, 0x00000000eab00000)
  object space 128512K, 35% used [0x00000000c0000000,0x00000000c2c1eb00,0x00000000c7d80000)
 Metaspace       used 68234K, capacity 71418K, committed 71680K, reserved 1112064K
  class space    used 8966K, capacity 9673K, committed 9728K, reserved 1048576K
}

Deoptimization events (10 events):
Event: 650.833 Thread 0x000000001e203800 Uncommon trap: reason=array_check action=maybe_recompile pc=0x00000000054fff94 method=java.util.TimSort.reverseRange([Ljava/lang/Object;II)V @ 20
Event: 650.858 Thread 0x000000001e203800 Uncommon trap: reason=unstable_if action=reinterpret pc=0x0000000003cabfdc method=java.io.WinNTFileSystem.resolve(Ljava/lang/String;Ljava/lang/String;)Ljava/lang/String; @ 36
Event: 651.480 Thread 0x000000001e203800 Uncommon trap: reason=unstable_if action=reinterpret pc=0x0000000003ce6614 method=java.util.concurrent.locks.AbstractQueuedSynchronizer.acquireQueued(Ljava/util/concurrent/locks/AbstractQueuedSynchronizer$Node;I)Z @ 70
Event: 651.480 Thread 0x000000001e203800 Uncommon trap: reason=unstable_if action=reinterpret pc=0x0000000003c95304 method=java.util.concurrent.locks.AbstractQueuedSynchronizer.acquire(I)V @ 20
Event: 651.515 Thread 0x000000001c242000 Uncommon trap: reason=bimorphic action=maybe_recompile pc=0x0000000005482d8c method=com.google.common.cache.LocalCache$Segment.storeLoadedValue(Ljava/lang/Object;ILcom/google/common/cache/LocalCache$LoadingValueReference;Ljava/lang/Object;)Z @ 286
Event: 652.550 Thread 0x000000001c242000 Uncommon trap: reason=unstable_if action=reinterpret pc=0x00000000054e5e98 method=org.apache.commons.lang.StringUtils.splitWorker(Ljava/lang/String;Ljava/lang/String;IZ)[Ljava/lang/String; @ 142
Event: 652.560 Thread 0x000000001c242000 Uncommon trap: reason=array_check action=maybe_recompile pc=0x0000000005176fe0 method=java.util.ComparableTimSort.binarySort([Ljava/lang/Object;III)V @ 183
Event: 652.565 Thread 0x000000001c242000 Uncommon trap: reason=array_check action=maybe_recompile pc=0x0000000005176e54 method=java.util.ComparableTimSort.binarySort([Ljava/lang/Object;III)V @ 215
Event: 652.566 Thread 0x000000001c242000 Uncommon trap: reason=array_check action=maybe_recompile pc=0x0000000005176fe0 method=java.util.ComparableTimSort.binarySort([Ljava/lang/Object;III)V @ 183
Event: 652.620 Thread 0x000000001c244000 Uncommon trap: reason=unstable_if action=reinterpret pc=0x00000000049ab6c0 method=java.util.concurrent.locks.ReentrantLock$Sync.nonfairTryAcquire(I)Z @ 19

Classes redefined (0 events):
No events

Internal exceptions (10 events):
Event: 619.068 Thread 0x000000001c242000 Exception <a 'sun/nio/fs/WindowsException'> (0x00000000f32c81a8) thrown at [D:\src\AOSP-openjdk-cygwin\jdk8u\hotspot\src\share\vm\prims\jni.cpp, line 710]
Event: 619.068 Thread 0x000000001c242000 Exception <a 'sun/nio/fs/WindowsException'> (0x00000000f32c8c38) thrown at [D:\src\AOSP-openjdk-cygwin\jdk8u\hotspot\src\share\vm\prims\jni.cpp, line 710]
Event: 619.068 Thread 0x000000001c242000 Exception <a 'sun/nio/fs/WindowsException'> (0x00000000f32ca710) thrown at [D:\src\AOSP-openjdk-cygwin\jdk8u\hotspot\src\share\vm\prims\jni.cpp, line 710]
Event: 619.068 Thread 0x000000001c242000 Exception <a 'sun/nio/fs/WindowsException'> (0x00000000f32cb1d8) thrown at [D:\src\AOSP-openjdk-cygwin\jdk8u\hotspot\src\share\vm\prims\jni.cpp, line 710]
Event: 619.069 Thread 0x000000001c242000 Exception <a 'sun/nio/fs/WindowsException'> (0x00000000f32cd7d8) thrown at [D:\src\AOSP-openjdk-cygwin\jdk8u\hotspot\src\share\vm\prims\jni.cpp, line 710]
Event: 619.069 Thread 0x000000001c242000 Exception <a 'sun/nio/fs/WindowsException'> (0x00000000f32ce340) thrown at [D:\src\AOSP-openjdk-cygwin\jdk8u\hotspot\src\share\vm\prims\jni.cpp, line 710]
Event: 619.069 Thread 0x000000001c242000 Exception <a 'sun/nio/fs/WindowsException'> (0x00000000f32cfee0) thrown at [D:\src\AOSP-openjdk-cygwin\jdk8u\hotspot\src\share\vm\prims\jni.cpp, line 710]
Event: 619.069 Thread 0x000000001c242000 Exception <a 'sun/nio/fs/WindowsException'> (0x00000000f32d0a88) thrown at [D:\src\AOSP-openjdk-cygwin\jdk8u\hotspot\src\share\vm\prims\jni.cpp, line 710]
Event: 648.184 Thread 0x000000001e202800 Exception <a 'java/lang/NoSuchMethodError': <clinit>> (0x00000000ef333668) thrown at [D:\src\AOSP-openjdk-cygwin\jdk8u\hotspot\src\share\vm\prims\jni.cpp, line 1614]
Event: 652.583 Thread 0x000000001c242000 Exception <a 'sun/nio/fs/WindowsException'> (0x00000000f1028578) thrown at [D:\src\AOSP-openjdk-cygwin\jdk8u\hotspot\src\share\vm\prims\jni.cpp, line 710]

Events (10 events):
Event: 1059.989 Thread 0x000000001593b000 flushing nmethod 0x000000000412ba10
Event: 1059.990 Thread 0x000000001593b000 flushing nmethod 0x0000000004170fd0
Event: 1059.990 Thread 0x000000001593b000 flushing nmethod 0x00000000041cd9d0
Event: 1059.993 Thread 0x000000001593b000 flushing nmethod 0x0000000004273890
Event: 1059.994 Thread 0x000000001593b000 flushing nmethod 0x00000000042bf1d0
Event: 1059.996 Thread 0x000000001593b000 flushing nmethod 0x000000000441c050
Event: 1060.000 Thread 0x000000001593b000 flushing nmethod 0x0000000004565f50
Event: 1060.001 Thread 0x000000001593b000 flushing nmethod 0x00000000046a29d0
Event: 1060.001 Thread 0x000000001593b000 flushing nmethod 0x00000000046a2ed0
Event: 1060.004 Thread 0x000000001593b000 flushing nmethod 0x000000000485fc50


Dynamic libraries:
0x00007ff72bdc0000 - 0x00007ff72bdf1000 	E:\Program Files\Android\Android Studio\jre\bin\java.exe
0x00007ff8b38e0000 - 0x00007ff8b3abb000 	C:\Windows\SYSTEM32\ntdll.dll
0x00007ff8b1010000 - 0x00007ff8b10be000 	C:\Windows\System32\KERNEL32.DLL
0x00007ff8b0380000 - 0x00007ff8b05ca000 	C:\Windows\System32\KERNELBASE.dll
0x00007ff8b11d0000 - 0x00007ff8b1271000 	C:\Windows\System32\ADVAPI32.dll
0x00007ff8b0f10000 - 0x00007ff8b0fad000 	C:\Windows\System32\msvcrt.dll
0x00007ff8b0e40000 - 0x00007ff8b0e99000 	C:\Windows\System32\sechost.dll
0x00007ff8b34b0000 - 0x00007ff8b35d5000 	C:\Windows\System32\RPCRT4.dll
0x00007ff8b35f0000 - 0x00007ff8b373a000 	C:\Windows\System32\USER32.dll
0x00007ff8b0360000 - 0x00007ff8b037e000 	C:\Windows\System32\win32u.dll
0x00007ff8b0ee0000 - 0x00007ff8b0f07000 	C:\Windows\System32\GDI32.dll
0x00007ff8b00d0000 - 0x00007ff8b0258000 	C:\Windows\System32\gdi32full.dll
0x00007ff8afe00000 - 0x00007ff8afe9a000 	C:\Windows\System32\msvcp_win.dll
0x00007ff8b0260000 - 0x00007ff8b0356000 	C:\Windows\System32\ucrtbase.dll
0x00007ff8a2dd0000 - 0x00007ff8a3037000 	C:\Windows\WinSxS\amd64_microsoft.windows.common-controls_6595b64144ccf1df_6.0.15063.1155_none_40c7922129a7722b\COMCTL32.dll
0x00007ff8b29b0000 - 0x00007ff8b2ca9000 	C:\Windows\System32\combase.dll
0x00007ff8b0dd0000 - 0x00007ff8b0e3a000 	C:\Windows\System32\bcryptPrimitives.dll
0x00007ff8b2810000 - 0x00007ff8b283d000 	C:\Windows\System32\IMM32.DLL
0x0000000058690000 - 0x0000000058762000 	E:\Program Files\Android\Android Studio\jre\jre\bin\msvcr100.dll
0x00000000597f0000 - 0x000000005a036000 	E:\Program Files\Android\Android Studio\jre\jre\bin\server\jvm.dll
0x00007ff8b35e0000 - 0x00007ff8b35e8000 	C:\Windows\System32\PSAPI.DLL
0x00007ff8acc10000 - 0x00007ff8acc19000 	C:\Windows\SYSTEM32\WSOCK32.dll
0x00007ff8b33c0000 - 0x00007ff8b342c000 	C:\Windows\System32\WS2_32.dll
0x00007ff8ad050000 - 0x00007ff8ad073000 	C:\Windows\SYSTEM32\WINMM.dll
0x00007ff8abb90000 - 0x00007ff8abb9a000 	C:\Windows\SYSTEM32\VERSION.dll
0x00007ff8acff0000 - 0x00007ff8ad01b000 	C:\Windows\SYSTEM32\winmmbase.dll
0x00007ff8b0cd0000 - 0x00007ff8b0d19000 	C:\Windows\System32\cfgmgr32.dll
0x00007ff8a73f0000 - 0x00007ff8a73ff000 	E:\Program Files\Android\Android Studio\jre\jre\bin\verify.dll
0x00007ff8a7360000 - 0x00007ff8a7389000 	E:\Program Files\Android\Android Studio\jre\jre\bin\java.dll
0x00007ff8a73b0000 - 0x00007ff8a73c6000 	E:\Program Files\Android\Android Studio\jre\jre\bin\zip.dll
0x00007ff8b13d0000 - 0x00007ff8b2808000 	C:\Windows\System32\SHELL32.dll
0x00007ff8b2900000 - 0x00007ff8b29aa000 	C:\Windows\System32\shcore.dll
0x00007ff8b05d0000 - 0x00007ff8b0cc1000 	C:\Windows\System32\windows.storage.dll
0x00007ff8b28a0000 - 0x00007ff8b28f1000 	C:\Windows\System32\shlwapi.dll
0x00007ff8afdc0000 - 0x00007ff8afdd1000 	C:\Windows\System32\kernel.appcore.dll
0x00007ff8afd70000 - 0x00007ff8afdbc000 	C:\Windows\System32\powrprof.dll
0x00007ff8afd50000 - 0x00007ff8afd65000 	C:\Windows\System32\profapi.dll
0x00007ff8a7320000 - 0x00007ff8a733a000 	E:\Program Files\Android\Android Studio\jre\jre\bin\net.dll
0x00007ff8af5d0000 - 0x00007ff8af62c000 	C:\Windows\system32\mswsock.dll
0x00007ff8a72a0000 - 0x00007ff8a72b1000 	E:\Program Files\Android\Android Studio\jre\jre\bin\nio.dll
0x00007ff8a7ad0000 - 0x00007ff8a7aee000 	C:\Users\QQ594\.gradle\native\25\windows-amd64\native-platform.dll
0x00007ff8a73e0000 - 0x00007ff8a73ed000 	E:\Program Files\Android\Android Studio\jre\jre\bin\management.dll
0x00007ff8af770000 - 0x00007ff8af787000 	C:\Windows\SYSTEM32\CRYPTSP.dll
0x00007ff8af1e0000 - 0x00007ff8af214000 	C:\Windows\system32\rsaenh.dll
0x00007ff8af8e0000 - 0x00007ff8af905000 	C:\Windows\SYSTEM32\bcrypt.dll
0x00007ff8afc80000 - 0x00007ff8afca9000 	C:\Windows\SYSTEM32\USERENV.dll
0x00007ff8af790000 - 0x00007ff8af79b000 	C:\Windows\SYSTEM32\CRYPTBASE.dll
0x00007ff8af370000 - 0x00007ff8af3a7000 	C:\Windows\SYSTEM32\IPHLPAPI.DLL
0x00007ff8b0ea0000 - 0x00007ff8b0ea8000 	C:\Windows\System32\NSI.dll
0x00007ff8ab200000 - 0x00007ff8ab216000 	C:\Windows\SYSTEM32\dhcpcsvc6.DLL
0x00007ff8ab940000 - 0x00007ff8ab95a000 	C:\Windows\SYSTEM32\dhcpcsvc.DLL
0x00007ff8a2ad0000 - 0x00007ff8a2af4000 	E:\Program Files\Android\Android Studio\jre\jre\bin\sunec.dll
0x00007ff8af3b0000 - 0x00007ff8af454000 	C:\Windows\SYSTEM32\DNSAPI.dll
0x000000005a6e0000 - 0x000000005a706000 	C:\Program Files\Bonjour\mdnsNSP.dll
0x00007ff8a05c0000 - 0x00007ff8a05ca000 	C:\Windows\SYSTEM32\rasadhlp.dll
0x00007ff8a43a0000 - 0x00007ff8a440b000 	C:\Windows\System32\fwpuclnt.dll
0x00007ff8ad0b0000 - 0x00007ff8ad0bb000 	E:\Program Files\Android\Android Studio\jre\jre\bin\sunmscapi.dll
0x00007ff8afea0000 - 0x00007ff8b0069000 	C:\Windows\System32\CRYPT32.dll
0x00007ff8afde0000 - 0x00007ff8afdf1000 	C:\Windows\System32\MSASN1.dll
0x00007ff8b0070000 - 0x00007ff8b00c7000 	C:\Windows\System32\WINTRUST.dll
0x00007ff8b0eb0000 - 0x00007ff8b0ecd000 	C:\Windows\System32\imagehlp.dll

VM Arguments:
jvm_args: -XX:+HeapDumpOnOutOfMemoryError -Xmx1024m -Dfile.encoding=GBK -Duser.country=CN -Duser.language=zh -Duser.variant 
java_command: org.gradle.launcher.daemon.bootstrap.GradleDaemon 4.4
java_class_path (initial): C:\Users\QQ594\.gradle\wrapper\dists\gradle-4.4-all\9br9xq1tocpiv8o6njlyu5op1\gradle-4.4\lib\gradle-launcher-4.4.jar
Launcher Type: SUN_STANDARD

Environment Variables:
CLASSPATH=.;C:\Program Files (x86)\QuickTime\QTSystem\QTJava.zip
PATH=C:\Program Files (x86)\Common Files\Oracle\Java\javapath;E:\Program Files\Python38\Scripts\;E:\Program Files\Python38\;C:\Windows\system32;C:\Windows;C:\Windows\System32\Wbem;C:\Windows\System32\WindowsPowerShell\v1.0\;E:\Program Files\TortoiseSVN\bin;C:\Program Files\dotnet\;C:\Program Files\Microsoft SQL Server\130\Tools\Binn\;E:\Program Files\OpenVPN\bin;C:\Program Files (x86)\QuickTime\QTSystem\;C:\Program Files\Git\cmd;E:\Program Files\nodejs\;E:\Program Files\Python38\Scripts\;E:\Program Files\Python38\;C:\Users\QQ594\AppData\Local\Microsoft\WindowsApps;;E:\Program Files (x86)\Fiddler;E:\Program Files\JetBrains\WebStorm 2019.3.3\bin;;C:\Users\QQ594\AppData\Roaming\npm
USERNAME=QQ594
OS=Windows_NT
PROCESSOR_IDENTIFIER=Intel64 Family 6 Model 158 Stepping 9, GenuineIntel



---------------  S Y S T E M  ---------------

OS: Windows 10.0 , 64 bit Build 15063 (10.0.15063.1058)

CPU:total 4 (initial active 4) (4 cores per cpu, 1 threads per core) family 6 model 158 stepping 9, cmov, cx8, fxsr, mmx, sse, sse2, sse3, ssse3, sse4.1, sse4.2, popcnt, avx, avx2, aes, clmul, erms, rtm, 3dnowpref, lzcnt, tsc, tscinvbit, bmi1, bmi2, adx

Memory: 4k page, physical 16666828k(8328140k free), swap 29774856k(5396k free)

vm_info: OpenJDK 64-Bit Server VM (25.202-b03) for windows-amd64 JRE (1.8.0_202-release-1483-b03), built by "builder" with MS VC++ 10.0 (VS2010)

time: Sun Apr 12 16:11:39 2020
timezone: 中国标准时间
elapsed time: 1060 seconds (0d 0h 17m 40s)

