[ 2018-01-16T23:22:52+08:00 ] 127.0.0.1 /dashboard/www/thinkphp3.2/machine/home/index/index/repairOrder
INFO: [ app_init ] --START--
INFO: Run Behavior\BuildLiteBehavior [ RunTime:0.000011s ]
INFO: [ app_init ] --END-- [ RunTime:0.006851s ]
INFO: [ app_begin ] --START--
INFO: Run Behavior\ReadHtmlCacheBehavior [ RunTime:0.001074s ]
INFO: [ app_begin ] --END-- [ RunTime:0.001106s ]
INFO: [ view_parse ] --START--
INFO: Run Behavior\ParseTemplateBehavior [ RunTime:0.012722s ]
INFO: [ view_parse ] --END-- [ RunTime:0.012769s ]
INFO: [ view_filter ] --START--
INFO: Run Behavior\WriteHtmlCacheBehavior [ RunTime:0.000748s ]
INFO: [ view_filter ] --END-- [ RunTime:0.000773s ]
INFO: [ app_end ] --START--
INFO: Run Behavior\ShowPageTraceBehavior [ RunTime:0.007352s ]
INFO: [ app_end ] --END-- [ RunTime:0.007381s ]

[ 2018-01-16T23:23:07+08:00 ] 127.0.0.1 /dashboard/www/thinkphp3.2/machine/home/index/getDataCalc
INFO: [ app_init ] --START--
INFO: Run Behavior\BuildLiteBehavior [ RunTime:0.000009s ]
INFO: [ app_init ] --END-- [ RunTime:0.000274s ]
INFO: [ app_begin ] --START--
INFO: Run Behavior\ReadHtmlCacheBehavior [ RunTime:0.000508s ]
INFO: [ app_begin ] --END-- [ RunTime:0.000542s ]
SQL: SHOW COLUMNS FROM `borrow` [ RunTime:0.0373s ]
SQL: SELECT COUNT(*) AS tp_count FROM `borrow` LIMIT 1   [ RunTime:0.0022s ]
SQL: SHOW COLUMNS FROM `dump` [ RunTime:0.0516s ]
SQL: SELECT COUNT(*) AS tp_count FROM `dump` LIMIT 1   [ RunTime:0.0011s ]
SQL: SHOW COLUMNS FROM `hitch` [ RunTime:0.0655s ]
SQL: SELECT COUNT(*) AS tp_count FROM `hitch` LIMIT 1   [ RunTime:0.0003s ]
SQL: SHOW COLUMNS FROM `purchase` [ RunTime:0.0381s ]
SQL: SELECT COUNT(*) AS tp_count FROM `purchase` LIMIT 1   [ RunTime:0.0018s ]
SQL: SHOW COLUMNS FROM `repair` [ RunTime:0.0472s ]
SQL: SELECT COUNT(*) AS tp_count FROM `repair` LIMIT 1   [ RunTime:0.0003s ]
SQL: SHOW COLUMNS FROM `mymachine` [ RunTime:0.0324s ]
SQL: SELECT COUNT(*) AS tp_count FROM `mymachine` LIMIT 1   [ RunTime:0.0040s ]
INFO: [ app_end ] --START--
INFO: Run Behavior\ShowPageTraceBehavior [ RunTime:0.000645s ]
INFO: [ app_end ] --END-- [ RunTime:0.000677s ]

[ 2018-01-16T23:23:52+08:00 ] 127.0.0.1 /dashboard/www/thinkphp3.2/machine/home/index/allMachine
INFO: [ app_init ] --START--
INFO: Run Behavior\BuildLiteBehavior [ RunTime:0.000008s ]
INFO: [ app_init ] --END-- [ RunTime:0.000241s ]
INFO: [ app_begin ] --START--
INFO: Run Behavior\ReadHtmlCacheBehavior [ RunTime:0.000405s ]
INFO: [ app_begin ] --END-- [ RunTime:0.000434s ]
ERR: 1146:Table 'machine.machine_list' doesn't exist
 [ SQL语句 ] : SHOW COLUMNS FROM `machine_list`
ERR: 1146:Table 'machine.machine_list' doesn't exist
 [ SQL语句 ] : SHOW COLUMNS FROM `machine_list`

[ 2018-01-16T23:24:08+08:00 ] 127.0.0.1 /dashboard/www/thinkphp3.2/machine/home/index/allMachine
INFO: [ app_init ] --START--
INFO: Run Behavior\BuildLiteBehavior [ RunTime:0.000022s ]
INFO: [ app_init ] --END-- [ RunTime:0.000407s ]
INFO: [ app_begin ] --START--
INFO: Run Behavior\ReadHtmlCacheBehavior [ RunTime:0.000447s ]
INFO: [ app_begin ] --END-- [ RunTime:0.000478s ]
SQL: SHOW COLUMNS FROM `machinelist` [ RunTime:0.0081s ]
SQL: SELECT * FROM `machinelist`  [ RunTime:0.0002s ]
INFO: [ app_end ] --START--
INFO: Run Behavior\ShowPageTraceBehavior [ RunTime:0.000537s ]
INFO: [ app_end ] --END-- [ RunTime:0.000562s ]

[ 2018-01-16T23:24:23+08:00 ] 127.0.0.1 /dashboard/www/thinkphp3.2/machine/home/index/myMachine
INFO: [ app_init ] --START--
INFO: Run Behavior\BuildLiteBehavior [ RunTime:0.000061s ]
INFO: [ app_init ] --END-- [ RunTime:0.000779s ]
INFO: [ app_begin ] --START--
INFO: Run Behavior\ReadHtmlCacheBehavior [ RunTime:0.002290s ]
INFO: [ app_begin ] --END-- [ RunTime:0.002497s ]
SQL: SHOW COLUMNS FROM `mymachine` [ RunTime:0.0415s ]
SQL: SELECT * FROM `mymachine`  [ RunTime:0.0028s ]
INFO: [ app_end ] --START--
INFO: Run Behavior\ShowPageTraceBehavior [ RunTime:0.002503s ]
INFO: [ app_end ] --END-- [ RunTime:0.002738s ]

[ 2018-01-16T23:24:34+08:00 ] 127.0.0.1 /dashboard/www/thinkphp3.2/machine/home/index/getAllOrder
INFO: [ app_init ] --START--
INFO: Run Behavior\BuildLiteBehavior [ RunTime:0.000008s ]
INFO: [ app_init ] --END-- [ RunTime:0.000251s ]
INFO: [ app_begin ] --START--
INFO: Run Behavior\ReadHtmlCacheBehavior [ RunTime:0.000444s ]
INFO: [ app_begin ] --END-- [ RunTime:0.000473s ]
SQL: SHOW COLUMNS FROM `borrow` [ RunTime:0.0103s ]
SQL: SELECT * FROM borrow as a INNER JOIN repair as b  WHERE ( a.id = 1 )  [ RunTime:0.0004s ]
INFO: [ app_end ] --START--
INFO: Run Behavior\ShowPageTraceBehavior [ RunTime:0.000634s ]
INFO: [ app_end ] --END-- [ RunTime:0.000685s ]

[ 2018-01-16T23:31:03+08:00 ] 127.0.0.1 /dashboard/www/thinkphp3.2/machine/home/index/myMachine
INFO: [ app_init ] --START--
INFO: Run Behavior\BuildLiteBehavior [ RunTime:0.000013s ]
INFO: [ app_init ] --END-- [ RunTime:0.000524s ]
INFO: [ app_begin ] --START--
INFO: Run Behavior\ReadHtmlCacheBehavior [ RunTime:0.000693s ]
INFO: [ app_begin ] --END-- [ RunTime:0.000742s ]
SQL: SHOW COLUMNS FROM `mymachine` [ RunTime:0.0658s ]
SQL: SELECT * FROM `mymachine`  [ RunTime:0.0005s ]
INFO: [ app_end ] --START--
INFO: Run Behavior\ShowPageTraceBehavior [ RunTime:0.001183s ]
INFO: [ app_end ] --END-- [ RunTime:0.001261s ]

[ 2018-01-16T23:45:57+08:00 ] 192.168.1.35 /dashboard/www/thinkphp3.2/machine/home/index/myMachine?=
INFO: [ app_init ] --START--
INFO: Run Behavior\BuildLiteBehavior [ RunTime:0.000020s ]
INFO: [ app_init ] --END-- [ RunTime:0.008034s ]
INFO: [ app_begin ] --START--
INFO: Run Behavior\ReadHtmlCacheBehavior [ RunTime:0.031332s ]
INFO: [ app_begin ] --END-- [ RunTime:0.031397s ]
SQL: SHOW COLUMNS FROM `mymachine` [ RunTime:0.1754s ]
SQL: SELECT * FROM `mymachine`  [ RunTime:0.4921s ]
INFO: [ app_end ] --START--
INFO: Run Behavior\ShowPageTraceBehavior [ RunTime:0.061647s ]
INFO: [ app_end ] --END-- [ RunTime:0.061684s ]

[ 2018-01-16T23:56:17+08:00 ] 192.168.1.35 /dashboard/www/thinkphp3.2/machine/home/index/myMachine?=
INFO: [ app_init ] --START--
INFO: Run Behavior\BuildLiteBehavior [ RunTime:0.000014s ]
INFO: [ app_init ] --END-- [ RunTime:0.007738s ]
INFO: [ app_begin ] --START--
INFO: Run Behavior\ReadHtmlCacheBehavior [ RunTime:0.000936s ]
INFO: [ app_begin ] --END-- [ RunTime:0.000985s ]
SQL: SHOW COLUMNS FROM `mymachine` [ RunTime:0.0976s ]
SQL: SELECT * FROM `mymachine`  [ RunTime:0.0025s ]
INFO: [ app_end ] --START--
INFO: Run Behavior\ShowPageTraceBehavior [ RunTime:0.007023s ]
INFO: [ app_end ] --END-- [ RunTime:0.007082s ]

[ 2018-01-16T23:58:18+08:00 ] 192.168.1.35 /dashboard/www/thinkphp3.2/machine/home/index/myMachine?=
INFO: [ app_init ] --START--
INFO: Run Behavior\BuildLiteBehavior [ RunTime:0.000111s ]
INFO: [ app_init ] --END-- [ RunTime:0.001142s ]
INFO: [ app_begin ] --START--
INFO: Run Behavior\ReadHtmlCacheBehavior [ RunTime:0.000597s ]
INFO: [ app_begin ] --END-- [ RunTime:0.000663s ]
SQL: SHOW COLUMNS FROM `mymachine` [ RunTime:0.0122s ]
SQL: SELECT * FROM `mymachine`  [ RunTime:0.0003s ]
INFO: [ app_end ] --START--
INFO: Run Behavior\ShowPageTraceBehavior [ RunTime:0.000778s ]
INFO: [ app_end ] --END-- [ RunTime:0.000816s ]

[ 2018-01-16T23:58:23+08:00 ] 192.168.1.35 /dashboard/www/thinkphp3.2/machine/home/index/getAllOrder?=
INFO: [ app_init ] --START--
INFO: Run Behavior\BuildLiteBehavior [ RunTime:0.000012s ]
INFO: [ app_init ] --END-- [ RunTime:0.000363s ]
INFO: [ app_begin ] --START--
INFO: Run Behavior\ReadHtmlCacheBehavior [ RunTime:0.000416s ]
INFO: [ app_begin ] --END-- [ RunTime:0.000451s ]
SQL: SHOW COLUMNS FROM `borrow` [ RunTime:0.0550s ]
SQL: SELECT * FROM borrow as a INNER JOIN repair as b  WHERE ( a.id = 1 )  [ RunTime:0.0637s ]
INFO: [ app_end ] --START--
INFO: Run Behavior\ShowPageTraceBehavior [ RunTime:0.000578s ]
INFO: [ app_end ] --END-- [ RunTime:0.000613s ]

[ 2018-01-16T23:58:34+08:00 ] 192.168.1.35 /dashboard/www/thinkphp3.2/machine/home/index/getAllOrder?=
INFO: [ app_init ] --START--
INFO: Run Behavior\BuildLiteBehavior [ RunTime:0.000007s ]
INFO: [ app_init ] --END-- [ RunTime:0.000242s ]
INFO: [ app_begin ] --START--
INFO: Run Behavior\ReadHtmlCacheBehavior [ RunTime:0.000458s ]
INFO: [ app_begin ] --END-- [ RunTime:0.000503s ]
SQL: SHOW COLUMNS FROM `borrow` [ RunTime:0.0095s ]
SQL: SELECT * FROM borrow as a INNER JOIN repair as b  WHERE ( a.id = 1 )  [ RunTime:0.0003s ]
INFO: [ app_end ] --START--
INFO: Run Behavior\ShowPageTraceBehavior [ RunTime:0.000516s ]
INFO: [ app_end ] --END-- [ RunTime:0.000545s ]

