[ 2018-02-16T18:37:21+08:00 ] 192.168.1.35 /dashboard/www/thinkphp3.2/machine/home/index/getDataCalc?=
INFO: [ app_init ] --START--
INFO: Run Behavior\BuildLiteBehavior [ RunTime:0.000009s ]
INFO: [ app_init ] --END-- [ RunTime:0.082406s ]
INFO: [ app_begin ] --START--
INFO: Run Behavior\ReadHtmlCacheBehavior [ RunTime:0.042882s ]
INFO: [ app_begin ] --END-- [ RunTime:0.042948s ]
SQL: SHOW COLUMNS FROM `borrow` [ RunTime:0.5984s ]
SQL: SELECT COUNT(*) AS tp_count FROM `borrow` LIMIT 1   [ RunTime:0.0809s ]
SQL: SHOW COLUMNS FROM `dump` [ RunTime:0.1168s ]
SQL: SELECT COUNT(*) AS tp_count FROM `dump` LIMIT 1   [ RunTime:0.0002s ]
SQL: SHOW COLUMNS FROM `hitch` [ RunTime:0.0393s ]
SQL: SELECT COUNT(*) AS tp_count FROM `hitch` LIMIT 1   [ RunTime:0.0002s ]
SQL: SHOW COLUMNS FROM `purchase` [ RunTime:0.0257s ]
SQL: SELECT COUNT(*) AS tp_count FROM `purchase` LIMIT 1   [ RunTime:0.0003s ]
SQL: SHOW COLUMNS FROM `repair` [ RunTime:0.0728s ]
SQL: SELECT COUNT(*) AS tp_count FROM `repair` LIMIT 1   [ RunTime:0.0007s ]
SQL: SHOW COLUMNS FROM `mymachine` [ RunTime:0.1056s ]
SQL: SELECT COUNT(*) AS tp_count FROM `mymachine` LIMIT 1   [ RunTime:0.0003s ]
INFO: [ app_end ] --START--
INFO: Run Behavior\ShowPageTraceBehavior [ RunTime:0.000403s ]
INFO: [ app_end ] --END-- [ RunTime:0.000429s ]

[ 2018-02-16T18:37:21+08:00 ] 192.168.1.35 /dashboard/www/thinkphp3.2/machine/home/index/getAllOrder?=
INFO: [ app_init ] --START--
INFO: Run Behavior\BuildLiteBehavior [ RunTime:0.000011s ]
INFO: [ app_init ] --END-- [ RunTime:0.082371s ]
INFO: [ app_begin ] --START--
INFO: Run Behavior\ReadHtmlCacheBehavior [ RunTime:0.042931s ]
INFO: [ app_begin ] --END-- [ RunTime:0.042984s ]
SQL: SHOW COLUMNS FROM `borrow` [ RunTime:0.5981s ]
SQL: SELECT * FROM `borrow`  [ RunTime:0.0146s ]
SQL: SHOW COLUMNS FROM `purchase` [ RunTime:0.1566s ]
SQL: SELECT * FROM `purchase`  [ RunTime:0.0003s ]
SQL: SHOW COLUMNS FROM `dump` [ RunTime:0.0263s ]
SQL: SELECT * FROM `dump`  [ RunTime:0.0001s ]
SQL: SHOW COLUMNS FROM `hitch` [ RunTime:0.0151s ]
SQL: SELECT * FROM `hitch`  [ RunTime:0.0002s ]
SQL: SHOW COLUMNS FROM `repair` [ RunTime:0.0581s ]
SQL: SELECT * FROM `repair`  [ RunTime:0.0002s ]
INFO: [ app_end ] --START--
INFO: Run Behavior\ShowPageTraceBehavior [ RunTime:0.041915s ]
INFO: [ app_end ] --END-- [ RunTime:0.041969s ]

[ 2018-02-16T18:37:38+08:00 ] 192.168.1.35 /dashboard/www/thinkphp3.2/machine/home/index/allMachine?=
INFO: [ app_init ] --START--
INFO: Run Behavior\BuildLiteBehavior [ RunTime:0.000030s ]
INFO: [ app_init ] --END-- [ RunTime:0.001094s ]
INFO: [ app_begin ] --START--
INFO: Run Behavior\ReadHtmlCacheBehavior [ RunTime:0.000621s ]
INFO: [ app_begin ] --END-- [ RunTime:0.000677s ]
SQL: SHOW COLUMNS FROM `machinelist` [ RunTime:0.0638s ]
SQL: SELECT * FROM `machinelist`  [ RunTime:0.0002s ]
INFO: [ app_end ] --START--
INFO: Run Behavior\ShowPageTraceBehavior [ RunTime:0.000619s ]
INFO: [ app_end ] --END-- [ RunTime:0.000652s ]

[ 2018-02-16T18:37:46+08:00 ] 192.168.1.35 /dashboard/www/thinkphp3.2/machine/home/index/getPurchaseOrder
INFO: [ app_init ] --START--
INFO: Run Behavior\BuildLiteBehavior [ RunTime:0.000032s ]
INFO: [ app_init ] --END-- [ RunTime:0.000638s ]
INFO: [ app_begin ] --START--
INFO: Run Behavior\ReadHtmlCacheBehavior [ RunTime:0.001368s ]
INFO: [ app_begin ] --END-- [ RunTime:0.001470s ]
SQL: SHOW COLUMNS FROM `purchase` [ RunTime:0.0850s ]
SQL: SELECT * FROM `purchase`  [ RunTime:0.0082s ]
INFO: [ app_end ] --START--
INFO: Run Behavior\ShowPageTraceBehavior [ RunTime:0.002753s ]
INFO: [ app_end ] --END-- [ RunTime:0.002892s ]

[ 2018-02-16T18:37:59+08:00 ] 192.168.1.35 /dashboard/www/thinkphp3.2/machine/home/index/getHitchOrder
INFO: [ app_init ] --START--
INFO: Run Behavior\BuildLiteBehavior [ RunTime:0.000010s ]
INFO: [ app_init ] --END-- [ RunTime:0.000308s ]
INFO: [ app_begin ] --START--
INFO: Run Behavior\ReadHtmlCacheBehavior [ RunTime:0.004294s ]
INFO: [ app_begin ] --END-- [ RunTime:0.004349s ]
SQL: SHOW COLUMNS FROM `hitch` [ RunTime:0.0192s ]
SQL: SELECT * FROM `hitch`  [ RunTime:0.0011s ]
INFO: [ app_end ] --START--
INFO: Run Behavior\ShowPageTraceBehavior [ RunTime:0.001609s ]
INFO: [ app_end ] --END-- [ RunTime:0.001978s ]

[ 2018-02-16T18:38:03+08:00 ] 192.168.1.35 /dashboard/www/thinkphp3.2/machine/home/index/getBorrowOrder
INFO: [ app_init ] --START--
INFO: Run Behavior\BuildLiteBehavior [ RunTime:0.000021s ]
INFO: [ app_init ] --END-- [ RunTime:0.003477s ]
INFO: [ app_begin ] --START--
INFO: Run Behavior\ReadHtmlCacheBehavior [ RunTime:0.005829s ]
INFO: [ app_begin ] --END-- [ RunTime:0.005899s ]
SQL: SHOW COLUMNS FROM `borrow` [ RunTime:0.0136s ]
SQL: SELECT * FROM `borrow`  [ RunTime:0.0004s ]
INFO: [ app_end ] --START--
INFO: Run Behavior\ShowPageTraceBehavior [ RunTime:0.001721s ]
INFO: [ app_end ] --END-- [ RunTime:0.001763s ]

[ 2018-02-16T18:38:07+08:00 ] 192.168.1.35 /dashboard/www/thinkphp3.2/machine/home/index/getDumpOrder
INFO: [ app_init ] --START--
INFO: Run Behavior\BuildLiteBehavior [ RunTime:0.000087s ]
INFO: [ app_init ] --END-- [ RunTime:0.005168s ]
INFO: [ app_begin ] --START--
INFO: Run Behavior\ReadHtmlCacheBehavior [ RunTime:0.000740s ]
INFO: [ app_begin ] --END-- [ RunTime:0.000790s ]
SQL: SHOW COLUMNS FROM `dump` [ RunTime:0.0742s ]
SQL: SELECT * FROM `dump`  [ RunTime:0.0007s ]
INFO: [ app_end ] --START--
INFO: Run Behavior\ShowPageTraceBehavior [ RunTime:0.001530s ]
INFO: [ app_end ] --END-- [ RunTime:0.001722s ]

[ 2018-02-16T18:40:52+08:00 ] 192.168.1.35 /dashboard/www/thinkphp3.2/machine/home/index/getAllOrder?=
INFO: [ app_init ] --START--
INFO: Run Behavior\BuildLiteBehavior [ RunTime:0.000011s ]
INFO: [ app_init ] --END-- [ RunTime:0.057736s ]
INFO: [ app_begin ] --START--
INFO: Run Behavior\ReadHtmlCacheBehavior [ RunTime:0.018624s ]
INFO: [ app_begin ] --END-- [ RunTime:0.018671s ]
SQL: SHOW COLUMNS FROM `borrow` [ RunTime:0.1088s ]
SQL: SELECT * FROM `borrow`  [ RunTime:0.0006s ]
SQL: SHOW COLUMNS FROM `purchase` [ RunTime:0.0306s ]
SQL: SELECT * FROM `purchase`  [ RunTime:0.0003s ]
SQL: SHOW COLUMNS FROM `dump` [ RunTime:0.0093s ]
SQL: SELECT * FROM `dump`  [ RunTime:0.0003s ]
SQL: SHOW COLUMNS FROM `hitch` [ RunTime:0.0093s ]
SQL: SELECT * FROM `hitch`  [ RunTime:0.0002s ]
SQL: SHOW COLUMNS FROM `repair` [ RunTime:0.0161s ]
SQL: SELECT * FROM `repair`  [ RunTime:0.0002s ]
INFO: [ app_end ] --START--
INFO: Run Behavior\ShowPageTraceBehavior [ RunTime:0.025871s ]
INFO: [ app_end ] --END-- [ RunTime:0.025911s ]

[ 2018-02-16T18:48:30+08:00 ] 127.0.0.1 /dashboard/www/thinkphp3.2/machine/home/index/index/repairOrder
INFO: [ app_init ] --START--
INFO: Run Behavior\BuildLiteBehavior [ RunTime:0.000015s ]
INFO: [ app_init ] --END-- [ RunTime:0.000776s ]
INFO: [ app_begin ] --START--
INFO: Run Behavior\ReadHtmlCacheBehavior [ RunTime:0.001385s ]
INFO: [ app_begin ] --END-- [ RunTime:0.001428s ]
INFO: [ view_parse ] --START--
INFO: Run Behavior\ParseTemplateBehavior [ RunTime:0.009701s ]
INFO: [ view_parse ] --END-- [ RunTime:0.009752s ]
INFO: [ view_filter ] --START--
INFO: Run Behavior\WriteHtmlCacheBehavior [ RunTime:0.001345s ]
INFO: [ view_filter ] --END-- [ RunTime:0.001405s ]
INFO: [ app_end ] --START--
INFO: Run Behavior\ShowPageTraceBehavior [ RunTime:0.006734s ]
INFO: [ app_end ] --END-- [ RunTime:0.006784s ]

[ 2018-02-16T18:48:36+08:00 ] 127.0.0.1 /dashboard/www/thinkphp3.2/machine/home/index/getAllOrder
INFO: [ app_init ] --START--
INFO: Run Behavior\BuildLiteBehavior [ RunTime:0.000008s ]
INFO: [ app_init ] --END-- [ RunTime:0.000439s ]
INFO: [ app_begin ] --START--
INFO: Run Behavior\ReadHtmlCacheBehavior [ RunTime:0.001062s ]
INFO: [ app_begin ] --END-- [ RunTime:0.001092s ]
SQL: SHOW COLUMNS FROM `borrow` [ RunTime:0.0338s ]
SQL: SELECT * FROM `borrow`  [ RunTime:0.0002s ]
SQL: SHOW COLUMNS FROM `purchase` [ RunTime:0.0128s ]
SQL: SELECT * FROM `purchase`  [ RunTime:0.0003s ]
SQL: SHOW COLUMNS FROM `dump` [ RunTime:0.0174s ]
SQL: SELECT * FROM `dump`  [ RunTime:0.0002s ]
SQL: SHOW COLUMNS FROM `hitch` [ RunTime:0.0167s ]
SQL: SELECT * FROM `hitch`  [ RunTime:0.0002s ]
SQL: SHOW COLUMNS FROM `repair` [ RunTime:0.0164s ]
SQL: SELECT * FROM `repair`  [ RunTime:0.0002s ]
INFO: [ app_end ] --START--
INFO: Run Behavior\ShowPageTraceBehavior [ RunTime:0.001226s ]
INFO: [ app_end ] --END-- [ RunTime:0.001256s ]

[ 2018-02-16T20:21:45+08:00 ] 127.0.0.1 /dashboard/www/thinkphp3.2/machine/home/index/getAllOrder
INFO: [ app_init ] --START--
INFO: Run Behavior\BuildLiteBehavior [ RunTime:0.000010s ]
INFO: [ app_init ] --END-- [ RunTime:0.007695s ]
INFO: [ app_begin ] --START--
INFO: Run Behavior\ReadHtmlCacheBehavior [ RunTime:0.001022s ]
INFO: [ app_begin ] --END-- [ RunTime:0.001068s ]
SQL: SHOW COLUMNS FROM `borrow` [ RunTime:0.0211s ]
SQL: SELECT * FROM `borrow`  [ RunTime:0.0005s ]
SQL: SHOW COLUMNS FROM `purchase` [ RunTime:0.0124s ]
SQL: SELECT * FROM `purchase`  [ RunTime:0.0002s ]
SQL: SHOW COLUMNS FROM `dump` [ RunTime:0.0149s ]
SQL: SELECT * FROM `dump`  [ RunTime:0.0003s ]
SQL: SHOW COLUMNS FROM `hitch` [ RunTime:0.0140s ]
SQL: SELECT * FROM `hitch`  [ RunTime:0.0002s ]
SQL: SHOW COLUMNS FROM `repair` [ RunTime:0.0120s ]
SQL: SELECT * FROM `repair`  [ RunTime:0.0004s ]
INFO: [ app_end ] --START--
INFO: Run Behavior\ShowPageTraceBehavior [ RunTime:0.001340s ]
INFO: [ app_end ] --END-- [ RunTime:0.001374s ]

[ 2018-02-16T20:42:14+08:00 ] 192.168.1.35 /dashboard/www/thinkphp3.2/machine/home/index/getAllOrder?=
INFO: [ app_init ] --START--
INFO: Run Behavior\BuildLiteBehavior [ RunTime:0.000013s ]
INFO: [ app_init ] --END-- [ RunTime:0.054084s ]
INFO: [ app_begin ] --START--
INFO: Run Behavior\ReadHtmlCacheBehavior [ RunTime:0.000971s ]
INFO: [ app_begin ] --END-- [ RunTime:0.001019s ]
SQL: SHOW COLUMNS FROM `borrow` [ RunTime:0.5043s ]
SQL: SELECT * FROM `borrow`  [ RunTime:0.0092s ]
SQL: SHOW COLUMNS FROM `purchase` [ RunTime:0.0222s ]
SQL: SELECT * FROM `purchase`  [ RunTime:0.0003s ]
SQL: SHOW COLUMNS FROM `dump` [ RunTime:0.0766s ]
SQL: SELECT * FROM `dump`  [ RunTime:0.0003s ]
SQL: SHOW COLUMNS FROM `hitch` [ RunTime:0.0179s ]
SQL: SELECT * FROM `hitch`  [ RunTime:0.0003s ]
SQL: SHOW COLUMNS FROM `repair` [ RunTime:0.0253s ]
SQL: SELECT * FROM `repair`  [ RunTime:0.0003s ]
INFO: [ app_end ] --START--
INFO: Run Behavior\ShowPageTraceBehavior [ RunTime:0.040642s ]
INFO: [ app_end ] --END-- [ RunTime:0.040700s ]

[ 2018-02-16T20:44:06+08:00 ] 192.168.1.35 /dashboard/www/thinkphp3.2/machine/home/index/getPurchaseOrder
INFO: [ app_init ] --START--
INFO: Run Behavior\BuildLiteBehavior [ RunTime:0.000013s ]
INFO: [ app_init ] --END-- [ RunTime:0.007745s ]
INFO: [ app_begin ] --START--
INFO: Run Behavior\ReadHtmlCacheBehavior [ RunTime:0.000668s ]
INFO: [ app_begin ] --END-- [ RunTime:0.000709s ]
SQL: SHOW COLUMNS FROM `purchase` [ RunTime:0.0349s ]
SQL: SELECT * FROM `purchase`  [ RunTime:0.0003s ]
INFO: [ app_end ] --START--
INFO: Run Behavior\ShowPageTraceBehavior [ RunTime:0.017494s ]
INFO: [ app_end ] --END-- [ RunTime:0.017539s ]

[ 2018-02-16T20:53:06+08:00 ] 192.168.1.35 /dashboard/www/thinkphp3.2/machine/home/index/allMachine?=
INFO: [ app_init ] --START--
INFO: Run Behavior\BuildLiteBehavior [ RunTime:0.000013s ]
INFO: [ app_init ] --END-- [ RunTime:0.000701s ]
INFO: [ app_begin ] --START--
INFO: Run Behavior\ReadHtmlCacheBehavior [ RunTime:0.005913s ]
INFO: [ app_begin ] --END-- [ RunTime:0.006057s ]
SQL: SHOW COLUMNS FROM `machinelist` [ RunTime:0.1363s ]
SQL: SELECT * FROM `machinelist`  [ RunTime:0.1714s ]
INFO: [ app_end ] --START--
INFO: Run Behavior\ShowPageTraceBehavior [ RunTime:0.029971s ]
INFO: [ app_end ] --END-- [ RunTime:0.030011s ]

[ 2018-02-16T20:53:06+08:00 ] 192.168.1.35 /dashboard/www/thinkphp3.2/machine/home/index/getPurchaseOrder
INFO: [ app_init ] --START--
INFO: Run Behavior\BuildLiteBehavior [ RunTime:0.000013s ]
INFO: [ app_init ] --END-- [ RunTime:0.000622s ]
INFO: [ app_begin ] --START--
INFO: Run Behavior\ReadHtmlCacheBehavior [ RunTime:0.005827s ]
INFO: [ app_begin ] --END-- [ RunTime:0.005969s ]
SQL: SHOW COLUMNS FROM `purchase` [ RunTime:0.1323s ]
SQL: SELECT * FROM `purchase`  [ RunTime:0.1714s ]
INFO: [ app_end ] --START--
INFO: Run Behavior\ShowPageTraceBehavior [ RunTime:0.029986s ]
INFO: [ app_end ] --END-- [ RunTime:0.030019s ]

[ 2018-02-16T20:53:09+08:00 ] 192.168.1.35 /dashboard/www/thinkphp3.2/machine/home/index/getRepairOrder
INFO: [ app_init ] --START--
INFO: Run Behavior\BuildLiteBehavior [ RunTime:0.000026s ]
INFO: [ app_init ] --END-- [ RunTime:0.000942s ]
INFO: [ app_begin ] --START--
INFO: Run Behavior\ReadHtmlCacheBehavior [ RunTime:0.002909s ]
INFO: [ app_begin ] --END-- [ RunTime:0.003080s ]
SQL: SHOW COLUMNS FROM `repair` [ RunTime:0.0552s ]
SQL: SELECT * FROM `repair`  [ RunTime:0.0005s ]
INFO: [ app_end ] --START--
INFO: Run Behavior\ShowPageTraceBehavior [ RunTime:0.002157s ]
INFO: [ app_end ] --END-- [ RunTime:0.002434s ]

[ 2018-02-16T20:53:12+08:00 ] 192.168.1.35 /dashboard/www/thinkphp3.2/machine/home/index/getHitchOrder
INFO: [ app_init ] --START--
INFO: Run Behavior\BuildLiteBehavior [ RunTime:0.000013s ]
INFO: [ app_init ] --END-- [ RunTime:0.000662s ]
INFO: [ app_begin ] --START--
INFO: Run Behavior\ReadHtmlCacheBehavior [ RunTime:0.000902s ]
INFO: [ app_begin ] --END-- [ RunTime:0.001061s ]
SQL: SHOW COLUMNS FROM `hitch` [ RunTime:0.0913s ]
SQL: SELECT * FROM `hitch`  [ RunTime:0.0005s ]
INFO: [ app_end ] --START--
INFO: Run Behavior\ShowPageTraceBehavior [ RunTime:0.003480s ]
INFO: [ app_end ] --END-- [ RunTime:0.003543s ]

[ 2018-02-16T20:53:15+08:00 ] 192.168.1.35 /dashboard/www/thinkphp3.2/machine/home/index/allMachine?=
INFO: [ app_init ] --START--
INFO: Run Behavior\BuildLiteBehavior [ RunTime:0.000011s ]
INFO: [ app_init ] --END-- [ RunTime:0.000437s ]
INFO: [ app_begin ] --START--
INFO: Run Behavior\ReadHtmlCacheBehavior [ RunTime:0.007611s ]
INFO: [ app_begin ] --END-- [ RunTime:0.007829s ]
SQL: SHOW COLUMNS FROM `machinelist` [ RunTime:0.0479s ]
SQL: SELECT * FROM `machinelist`  [ RunTime:0.0004s ]
INFO: [ app_end ] --START--
INFO: Run Behavior\ShowPageTraceBehavior [ RunTime:0.001006s ]
INFO: [ app_end ] --END-- [ RunTime:0.001151s ]

[ 2018-02-16T20:53:24+08:00 ] 192.168.1.35 /dashboard/www/thinkphp3.2/machine/home/index/getAllOrder?=
INFO: [ app_init ] --START--
INFO: Run Behavior\BuildLiteBehavior [ RunTime:0.000009s ]
INFO: [ app_init ] --END-- [ RunTime:0.000284s ]
INFO: [ app_begin ] --START--
INFO: Run Behavior\ReadHtmlCacheBehavior [ RunTime:0.000499s ]
INFO: [ app_begin ] --END-- [ RunTime:0.000537s ]
SQL: SHOW COLUMNS FROM `borrow` [ RunTime:0.0126s ]
SQL: SELECT * FROM `borrow`  [ RunTime:0.0002s ]
SQL: SHOW COLUMNS FROM `purchase` [ RunTime:0.0117s ]
SQL: SELECT * FROM `purchase`  [ RunTime:0.0002s ]
SQL: SHOW COLUMNS FROM `dump` [ RunTime:0.0111s ]
SQL: SELECT * FROM `dump`  [ RunTime:0.0005s ]
SQL: SHOW COLUMNS FROM `hitch` [ RunTime:0.0106s ]
SQL: SELECT * FROM `hitch`  [ RunTime:0.0002s ]
SQL: SHOW COLUMNS FROM `repair` [ RunTime:0.0121s ]
SQL: SELECT * FROM `repair`  [ RunTime:0.0002s ]
INFO: [ app_end ] --START--
INFO: Run Behavior\ShowPageTraceBehavior [ RunTime:0.000581s ]
INFO: [ app_end ] --END-- [ RunTime:0.000612s ]

