[ 2018-08-24T00:04:40+08:00 ] ::1 /dashboard/www/Thinkphp3.2/test/Home/index
INFO: [ app_init ] --START--
INFO: Run Behavior\BuildLiteBehavior [ RunTime:0.000006s ]
INFO: [ app_init ] --END-- [ RunTime:0.000376s ]
INFO: [ app_begin ] --START--
INFO: Run Behavior\ReadHtmlCacheBehavior [ RunTime:0.000543s ]
INFO: [ app_begin ] --END-- [ RunTime:0.000561s ]
INFO: [ view_parse ] --START--
INFO: [ template_filter ] --START--
INFO: Run Behavior\ContentReplaceBehavior [ RunTime:0.000025s ]
INFO: [ template_filter ] --END-- [ RunTime:0.000041s ]
INFO: Run Behavior\ParseTemplateBehavior [ RunTime:0.005344s ]
INFO: [ view_parse ] --END-- [ RunTime:0.005364s ]
INFO: [ view_filter ] --START--
INFO: Run Behavior\WriteHtmlCacheBehavior [ RunTime:0.000416s ]
INFO: [ view_filter ] --END-- [ RunTime:0.000433s ]
INFO: [ app_end ] --START--
INFO: Run Behavior\ShowPageTraceBehavior [ RunTime:0.000759s ]
INFO: [ app_end ] --END-- [ RunTime:0.000776s ]

[ 2018-08-24T00:04:40+08:00 ] ::1 /dashboard/www/Thinkphp3.2/test/Home/assets/js/jquery.min.js
INFO: [ app_init ] --START--
INFO: Run Behavior\BuildLiteBehavior [ RunTime:0.000005s ]
INFO: [ app_init ] --END-- [ RunTime:0.000341s ]
INFO: [ app_begin ] --START--
INFO: Run Behavior\ReadHtmlCacheBehavior [ RunTime:0.000523s ]
INFO: [ app_begin ] --END-- [ RunTime:0.000541s ]
ERR: 无法加载控制器:Assets

[ 2018-08-24T00:04:40+08:00 ] ::1 /dashboard/www/Thinkphp3.2/test/Home/assets/js/amazeui.min.js
INFO: [ app_init ] --START--
INFO: Run Behavior\BuildLiteBehavior [ RunTime:0.000004s ]
INFO: [ app_init ] --END-- [ RunTime:0.000386s ]
INFO: [ app_begin ] --START--
INFO: Run Behavior\ReadHtmlCacheBehavior [ RunTime:0.000740s ]
INFO: [ app_begin ] --END-- [ RunTime:0.000763s ]
ERR: 无法加载控制器:Assets

[ 2018-08-24T00:04:40+08:00 ] ::1 /dashboard/www/Thinkphp3.2/test/Home/assets/js/app.js
INFO: [ app_init ] --START--
INFO: Run Behavior\BuildLiteBehavior [ RunTime:0.000005s ]
INFO: [ app_init ] --END-- [ RunTime:0.000387s ]
INFO: [ app_begin ] --START--
INFO: Run Behavior\ReadHtmlCacheBehavior [ RunTime:0.000550s ]
INFO: [ app_begin ] --END-- [ RunTime:0.000567s ]
ERR: 无法加载控制器:Assets

[ 2018-08-24T00:04:40+08:00 ] ::1 /dashboard/www/Thinkphp3.2/test/Home/assets/i/favicon.png
INFO: [ app_init ] --START--
INFO: Run Behavior\BuildLiteBehavior [ RunTime:0.000004s ]
INFO: [ app_init ] --END-- [ RunTime:0.000301s ]

[ 2018-08-24T00:04:41+08:00 ] ::1 /dashboard/www/Thinkphp3.2/test/Home/index
INFO: [ app_init ] --START--
INFO: Run Behavior\BuildLiteBehavior [ RunTime:0.000005s ]
INFO: [ app_init ] --END-- [ RunTime:0.000337s ]
INFO: [ app_begin ] --START--
INFO: Run Behavior\ReadHtmlCacheBehavior [ RunTime:0.000546s ]
INFO: [ app_begin ] --END-- [ RunTime:0.000564s ]
INFO: [ view_parse ] --START--
INFO: [ template_filter ] --START--
INFO: Run Behavior\ContentReplaceBehavior [ RunTime:0.000021s ]
INFO: [ template_filter ] --END-- [ RunTime:0.000037s ]
INFO: Run Behavior\ParseTemplateBehavior [ RunTime:0.005354s ]
INFO: [ view_parse ] --END-- [ RunTime:0.005374s ]
INFO: [ view_filter ] --START--
INFO: Run Behavior\WriteHtmlCacheBehavior [ RunTime:0.000428s ]
INFO: [ view_filter ] --END-- [ RunTime:0.000443s ]
INFO: [ app_end ] --START--
INFO: Run Behavior\ShowPageTraceBehavior [ RunTime:0.000705s ]
INFO: [ app_end ] --END-- [ RunTime:0.000721s ]

[ 2018-08-24T00:04:41+08:00 ] ::1 /dashboard/www/Thinkphp3.2/test/Home/assets/js/jquery.min.js
INFO: [ app_init ] --START--
INFO: Run Behavior\BuildLiteBehavior [ RunTime:0.000005s ]
INFO: [ app_init ] --END-- [ RunTime:0.000360s ]
INFO: [ app_begin ] --START--
INFO: Run Behavior\ReadHtmlCacheBehavior [ RunTime:0.000511s ]
INFO: [ app_begin ] --END-- [ RunTime:0.000529s ]
ERR: 无法加载控制器:Assets

[ 2018-08-24T00:04:41+08:00 ] ::1 /dashboard/www/Thinkphp3.2/test/Home/assets/js/amazeui.min.js
INFO: [ app_init ] --START--
INFO: Run Behavior\BuildLiteBehavior [ RunTime:0.000004s ]
INFO: [ app_init ] --END-- [ RunTime:0.000299s ]
INFO: [ app_begin ] --START--
INFO: Run Behavior\ReadHtmlCacheBehavior [ RunTime:0.000468s ]
INFO: [ app_begin ] --END-- [ RunTime:0.000485s ]
ERR: 无法加载控制器:Assets

[ 2018-08-24T00:04:41+08:00 ] ::1 /dashboard/www/Thinkphp3.2/test/Home/assets/js/app.js
INFO: [ app_init ] --START--
INFO: Run Behavior\BuildLiteBehavior [ RunTime:0.000005s ]
INFO: [ app_init ] --END-- [ RunTime:0.000280s ]
INFO: [ app_begin ] --START--
INFO: Run Behavior\ReadHtmlCacheBehavior [ RunTime:0.000410s ]
INFO: [ app_begin ] --END-- [ RunTime:0.000428s ]
ERR: 无法加载控制器:Assets

[ 2018-08-24T00:04:41+08:00 ] ::1 /dashboard/www/Thinkphp3.2/test/Home/assets/i/favicon.png
INFO: [ app_init ] --START--
INFO: Run Behavior\BuildLiteBehavior [ RunTime:0.000007s ]
INFO: [ app_init ] --END-- [ RunTime:0.000424s ]

[ 2018-08-24T00:17:52+08:00 ] ::1 /dashboard/www/Thinkphp3.2/test/Home/index
INFO: [ app_init ] --START--
INFO: Run Behavior\BuildLiteBehavior [ RunTime:0.000005s ]
INFO: [ app_init ] --END-- [ RunTime:0.000367s ]
INFO: [ app_begin ] --START--
INFO: Run Behavior\ReadHtmlCacheBehavior [ RunTime:0.000605s ]
INFO: [ app_begin ] --END-- [ RunTime:0.000623s ]
INFO: [ view_parse ] --START--
INFO: [ template_filter ] --START--
INFO: Run Behavior\ContentReplaceBehavior [ RunTime:0.000048s ]
INFO: [ template_filter ] --END-- [ RunTime:0.000068s ]
INFO: Run Behavior\ParseTemplateBehavior [ RunTime:0.006727s ]
INFO: [ view_parse ] --END-- [ RunTime:0.006770s ]
INFO: [ view_filter ] --START--
INFO: Run Behavior\WriteHtmlCacheBehavior [ RunTime:0.000547s ]
INFO: [ view_filter ] --END-- [ RunTime:0.000569s ]
INFO: [ app_end ] --START--
INFO: Run Behavior\ShowPageTraceBehavior [ RunTime:0.000759s ]
INFO: [ app_end ] --END-- [ RunTime:0.000776s ]

[ 2018-08-24T00:17:52+08:00 ] ::1 /dashboard/www/Thinkphp3.2/test/Home/assets/i/favicon.png
INFO: [ app_init ] --START--
INFO: Run Behavior\BuildLiteBehavior [ RunTime:0.000005s ]
INFO: [ app_init ] --END-- [ RunTime:0.000307s ]

[ 2018-08-24T00:17:53+08:00 ] ::1 /dashboard/www/Thinkphp3.2/test/Home/index
INFO: [ app_init ] --START--
INFO: Run Behavior\BuildLiteBehavior [ RunTime:0.000006s ]
INFO: [ app_init ] --END-- [ RunTime:0.000462s ]
INFO: [ app_begin ] --START--
INFO: Run Behavior\ReadHtmlCacheBehavior [ RunTime:0.001012s ]
INFO: [ app_begin ] --END-- [ RunTime:0.001047s ]
INFO: [ view_parse ] --START--
INFO: [ template_filter ] --START--
INFO: Run Behavior\ContentReplaceBehavior [ RunTime:0.000026s ]
INFO: [ template_filter ] --END-- [ RunTime:0.000048s ]
INFO: Run Behavior\ParseTemplateBehavior [ RunTime:0.004812s ]
INFO: [ view_parse ] --END-- [ RunTime:0.004835s ]
INFO: [ view_filter ] --START--
INFO: Run Behavior\WriteHtmlCacheBehavior [ RunTime:0.000357s ]
INFO: [ view_filter ] --END-- [ RunTime:0.000372s ]
INFO: [ app_end ] --START--
INFO: Run Behavior\ShowPageTraceBehavior [ RunTime:0.000525s ]
INFO: [ app_end ] --END-- [ RunTime:0.000540s ]

[ 2018-08-24T00:17:53+08:00 ] ::1 /dashboard/www/Thinkphp3.2/test/Home/assets/i/favicon.png
INFO: [ app_init ] --START--
INFO: Run Behavior\BuildLiteBehavior [ RunTime:0.000007s ]
INFO: [ app_init ] --END-- [ RunTime:0.000334s ]

[ 2018-08-24T00:17:53+08:00 ] ::1 /dashboard/www/Thinkphp3.2/test/Home/index
INFO: [ app_init ] --START--
INFO: Run Behavior\BuildLiteBehavior [ RunTime:0.000006s ]
INFO: [ app_init ] --END-- [ RunTime:0.000461s ]
INFO: [ app_begin ] --START--
INFO: Run Behavior\ReadHtmlCacheBehavior [ RunTime:0.000964s ]
INFO: [ app_begin ] --END-- [ RunTime:0.001048s ]
INFO: [ view_parse ] --START--
INFO: [ template_filter ] --START--
INFO: Run Behavior\ContentReplaceBehavior [ RunTime:0.000027s ]
INFO: [ template_filter ] --END-- [ RunTime:0.000049s ]
INFO: Run Behavior\ParseTemplateBehavior [ RunTime:0.004901s ]
INFO: [ view_parse ] --END-- [ RunTime:0.004923s ]
INFO: [ view_filter ] --START--
INFO: Run Behavior\WriteHtmlCacheBehavior [ RunTime:0.000377s ]
INFO: [ view_filter ] --END-- [ RunTime:0.000393s ]
INFO: [ app_end ] --START--
INFO: Run Behavior\ShowPageTraceBehavior [ RunTime:0.000534s ]
INFO: [ app_end ] --END-- [ RunTime:0.000550s ]

[ 2018-08-24T00:17:53+08:00 ] ::1 /dashboard/www/Thinkphp3.2/test/Home/assets/i/favicon.png
INFO: [ app_init ] --START--
INFO: Run Behavior\BuildLiteBehavior [ RunTime:0.000005s ]
INFO: [ app_init ] --END-- [ RunTime:0.000290s ]

[ 2018-08-24T00:17:53+08:00 ] ::1 /dashboard/www/Thinkphp3.2/test/Home/index
INFO: [ app_init ] --START--
INFO: Run Behavior\BuildLiteBehavior [ RunTime:0.000005s ]
INFO: [ app_init ] --END-- [ RunTime:0.000399s ]
INFO: [ app_begin ] --START--
INFO: Run Behavior\ReadHtmlCacheBehavior [ RunTime:0.001313s ]
INFO: [ app_begin ] --END-- [ RunTime:0.001364s ]
INFO: [ view_parse ] --START--
INFO: [ template_filter ] --START--
INFO: Run Behavior\ContentReplaceBehavior [ RunTime:0.000027s ]
INFO: [ template_filter ] --END-- [ RunTime:0.000047s ]
INFO: Run Behavior\ParseTemplateBehavior [ RunTime:0.005326s ]
INFO: [ view_parse ] --END-- [ RunTime:0.005350s ]
INFO: [ view_filter ] --START--
INFO: Run Behavior\WriteHtmlCacheBehavior [ RunTime:0.000413s ]
INFO: [ view_filter ] --END-- [ RunTime:0.000428s ]
INFO: [ app_end ] --START--
INFO: Run Behavior\ShowPageTraceBehavior [ RunTime:0.000631s ]
INFO: [ app_end ] --END-- [ RunTime:0.000646s ]

[ 2018-08-24T00:17:54+08:00 ] ::1 /dashboard/www/Thinkphp3.2/test/Home/assets/i/favicon.png
INFO: [ app_init ] --START--
INFO: Run Behavior\BuildLiteBehavior [ RunTime:0.000008s ]
INFO: [ app_init ] --END-- [ RunTime:0.000767s ]

[ 2018-08-24T00:17:58+08:00 ] ::1 /dashboard/www/Thinkphp3.2/test/Home/index
INFO: [ app_init ] --START--
INFO: Run Behavior\BuildLiteBehavior [ RunTime:0.000005s ]
INFO: [ app_init ] --END-- [ RunTime:0.000319s ]
INFO: [ app_begin ] --START--
INFO: Run Behavior\ReadHtmlCacheBehavior [ RunTime:0.000445s ]
INFO: [ app_begin ] --END-- [ RunTime:0.000462s ]
INFO: [ view_parse ] --START--
INFO: [ template_filter ] --START--
INFO: Run Behavior\ContentReplaceBehavior [ RunTime:0.000024s ]
INFO: [ template_filter ] --END-- [ RunTime:0.000041s ]
INFO: Run Behavior\ParseTemplateBehavior [ RunTime:0.004511s ]
INFO: [ view_parse ] --END-- [ RunTime:0.004531s ]
INFO: [ view_filter ] --START--
INFO: Run Behavior\WriteHtmlCacheBehavior [ RunTime:0.000401s ]
INFO: [ view_filter ] --END-- [ RunTime:0.000418s ]
INFO: [ app_end ] --START--
INFO: Run Behavior\ShowPageTraceBehavior [ RunTime:0.000628s ]
INFO: [ app_end ] --END-- [ RunTime:0.000666s ]

[ 2018-08-24T00:17:58+08:00 ] ::1 /dashboard/www/Thinkphp3.2/test/Home/assets/i/favicon.png
INFO: [ app_init ] --START--
INFO: Run Behavior\BuildLiteBehavior [ RunTime:0.000005s ]
INFO: [ app_init ] --END-- [ RunTime:0.000313s ]

[ 2018-08-24T00:18:52+08:00 ] ::1 /dashboard/www/Thinkphp3.2/test/Home/index
INFO: [ app_init ] --START--
INFO: Run Behavior\BuildLiteBehavior [ RunTime:0.000006s ]
INFO: [ app_init ] --END-- [ RunTime:0.000352s ]
INFO: [ app_begin ] --START--
INFO: Run Behavior\ReadHtmlCacheBehavior [ RunTime:0.000535s ]
INFO: [ app_begin ] --END-- [ RunTime:0.000554s ]
INFO: [ view_parse ] --START--
INFO: [ template_filter ] --START--
INFO: Run Behavior\ContentReplaceBehavior [ RunTime:0.000025s ]
INFO: [ template_filter ] --END-- [ RunTime:0.000042s ]
INFO: Run Behavior\ParseTemplateBehavior [ RunTime:0.004221s ]
INFO: [ view_parse ] --END-- [ RunTime:0.004240s ]
INFO: [ view_filter ] --START--
INFO: Run Behavior\WriteHtmlCacheBehavior [ RunTime:0.000285s ]
INFO: [ view_filter ] --END-- [ RunTime:0.000299s ]
INFO: [ app_end ] --START--
INFO: Run Behavior\ShowPageTraceBehavior [ RunTime:0.000458s ]
INFO: [ app_end ] --END-- [ RunTime:0.000473s ]

[ 2018-08-24T00:18:53+08:00 ] ::1 /dashboard/www/Thinkphp3.2/test/Home/assets/i/favicon.png
INFO: [ app_init ] --START--
INFO: Run Behavior\BuildLiteBehavior [ RunTime:0.000006s ]
INFO: [ app_init ] --END-- [ RunTime:0.000294s ]

[ 2018-08-24T00:18:53+08:00 ] ::1 /dashboard/www/Thinkphp3.2/test/Home/index
INFO: [ app_init ] --START--
INFO: Run Behavior\BuildLiteBehavior [ RunTime:0.000007s ]
INFO: [ app_init ] --END-- [ RunTime:0.000376s ]
INFO: [ app_begin ] --START--
INFO: Run Behavior\ReadHtmlCacheBehavior [ RunTime:0.000466s ]
INFO: [ app_begin ] --END-- [ RunTime:0.000487s ]
INFO: [ view_parse ] --START--
INFO: [ template_filter ] --START--
INFO: Run Behavior\ContentReplaceBehavior [ RunTime:0.000041s ]
INFO: [ template_filter ] --END-- [ RunTime:0.000066s ]
INFO: Run Behavior\ParseTemplateBehavior [ RunTime:0.005324s ]
INFO: [ view_parse ] --END-- [ RunTime:0.005358s ]
INFO: [ view_filter ] --START--
INFO: Run Behavior\WriteHtmlCacheBehavior [ RunTime:0.001212s ]
INFO: [ view_filter ] --END-- [ RunTime:0.001308s ]
INFO: [ app_end ] --START--
INFO: Run Behavior\ShowPageTraceBehavior [ RunTime:0.001522s ]
INFO: [ app_end ] --END-- [ RunTime:0.001588s ]

[ 2018-08-24T00:18:53+08:00 ] ::1 /dashboard/www/Thinkphp3.2/test/Home/assets/i/favicon.png
INFO: [ app_init ] --START--
INFO: Run Behavior\BuildLiteBehavior [ RunTime:0.000012s ]
INFO: [ app_init ] --END-- [ RunTime:0.000827s ]

[ 2018-08-24T00:18:54+08:00 ] ::1 /dashboard/www/Thinkphp3.2/test/Home/index
INFO: [ app_init ] --START--
INFO: Run Behavior\BuildLiteBehavior [ RunTime:0.000007s ]
INFO: [ app_init ] --END-- [ RunTime:0.000352s ]
INFO: [ app_begin ] --START--
INFO: Run Behavior\ReadHtmlCacheBehavior [ RunTime:0.000548s ]
INFO: [ app_begin ] --END-- [ RunTime:0.000576s ]
INFO: [ view_parse ] --START--
INFO: [ template_filter ] --START--
INFO: Run Behavior\ContentReplaceBehavior [ RunTime:0.000029s ]
INFO: [ template_filter ] --END-- [ RunTime:0.000055s ]
INFO: Run Behavior\ParseTemplateBehavior [ RunTime:0.005489s ]
INFO: [ view_parse ] --END-- [ RunTime:0.005521s ]
INFO: [ view_filter ] --START--
INFO: Run Behavior\WriteHtmlCacheBehavior [ RunTime:0.000348s ]
INFO: [ view_filter ] --END-- [ RunTime:0.000366s ]
INFO: [ app_end ] --START--
INFO: Run Behavior\ShowPageTraceBehavior [ RunTime:0.000636s ]
INFO: [ app_end ] --END-- [ RunTime:0.000659s ]

[ 2018-08-24T00:18:54+08:00 ] ::1 /dashboard/www/Thinkphp3.2/test/Home/assets/i/favicon.png
INFO: [ app_init ] --START--
INFO: Run Behavior\BuildLiteBehavior [ RunTime:0.000006s ]
INFO: [ app_init ] --END-- [ RunTime:0.000306s ]

[ 2018-08-24T00:18:54+08:00 ] ::1 /dashboard/www/Thinkphp3.2/test/Home/index
INFO: [ app_init ] --START--
INFO: Run Behavior\BuildLiteBehavior [ RunTime:0.000007s ]
INFO: [ app_init ] --END-- [ RunTime:0.000370s ]
INFO: [ app_begin ] --START--
INFO: Run Behavior\ReadHtmlCacheBehavior [ RunTime:0.001110s ]
INFO: [ app_begin ] --END-- [ RunTime:0.001147s ]
INFO: [ view_parse ] --START--
INFO: [ template_filter ] --START--
INFO: Run Behavior\ContentReplaceBehavior [ RunTime:0.000030s ]
INFO: [ template_filter ] --END-- [ RunTime:0.000064s ]
INFO: Run Behavior\ParseTemplateBehavior [ RunTime:0.007448s ]
INFO: [ view_parse ] --END-- [ RunTime:0.007496s ]
INFO: [ view_filter ] --START--
INFO: Run Behavior\WriteHtmlCacheBehavior [ RunTime:0.000461s ]
INFO: [ view_filter ] --END-- [ RunTime:0.000479s ]
INFO: [ app_end ] --START--
INFO: Run Behavior\ShowPageTraceBehavior [ RunTime:0.000609s ]
INFO: [ app_end ] --END-- [ RunTime:0.000639s ]

[ 2018-08-24T00:18:54+08:00 ] ::1 /dashboard/www/Thinkphp3.2/test/Home/assets/i/favicon.png
INFO: [ app_init ] --START--
INFO: Run Behavior\BuildLiteBehavior [ RunTime:0.000008s ]
INFO: [ app_init ] --END-- [ RunTime:0.000343s ]

[ 2018-08-24T00:18:55+08:00 ] ::1 /dashboard/www/Thinkphp3.2/test/Home/index
INFO: [ app_init ] --START--
INFO: Run Behavior\BuildLiteBehavior [ RunTime:0.000007s ]
INFO: [ app_init ] --END-- [ RunTime:0.000345s ]
INFO: [ app_begin ] --START--
INFO: Run Behavior\ReadHtmlCacheBehavior [ RunTime:0.001601s ]
INFO: [ app_begin ] --END-- [ RunTime:0.001637s ]
INFO: [ view_parse ] --START--
INFO: [ template_filter ] --START--
INFO: Run Behavior\ContentReplaceBehavior [ RunTime:0.000029s ]
INFO: [ template_filter ] --END-- [ RunTime:0.000056s ]
INFO: Run Behavior\ParseTemplateBehavior [ RunTime:0.005345s ]
INFO: [ view_parse ] --END-- [ RunTime:0.005380s ]
INFO: [ view_filter ] --START--
INFO: Run Behavior\WriteHtmlCacheBehavior [ RunTime:0.000368s ]
INFO: [ view_filter ] --END-- [ RunTime:0.000385s ]
INFO: [ app_end ] --START--
INFO: Run Behavior\ShowPageTraceBehavior [ RunTime:0.000494s ]
INFO: [ app_end ] --END-- [ RunTime:0.000510s ]

[ 2018-08-24T00:18:55+08:00 ] ::1 /dashboard/www/Thinkphp3.2/test/Home/assets/i/favicon.png
INFO: [ app_init ] --START--
INFO: Run Behavior\BuildLiteBehavior [ RunTime:0.000009s ]
INFO: [ app_init ] --END-- [ RunTime:0.000402s ]

[ 2018-08-24T00:19:51+08:00 ] ::1 /dashboard/www/Thinkphp3.2/test/Home/assets/i/app-icon72x72@2x.png
INFO: [ app_init ] --START--
INFO: Run Behavior\BuildLiteBehavior [ RunTime:0.000007s ]
INFO: [ app_init ] --END-- [ RunTime:0.000392s ]

[ 2018-08-24T00:20:13+08:00 ] ::1 /dashboard/www/Thinkphp3.2/test/Home/assets/css/amazeui.min.css
INFO: [ app_init ] --START--
INFO: Run Behavior\BuildLiteBehavior [ RunTime:0.000005s ]
INFO: [ app_init ] --END-- [ RunTime:0.000400s ]
INFO: [ app_begin ] --START--
INFO: Run Behavior\ReadHtmlCacheBehavior [ RunTime:0.000549s ]
INFO: [ app_begin ] --END-- [ RunTime:0.000568s ]
ERR: 无法加载控制器:Assets

[ 2018-08-24T00:21:08+08:00 ] ::1 /dashboard/www/Thinkphp3.2/test/Home/index
INFO: [ app_init ] --START--
INFO: Run Behavior\BuildLiteBehavior [ RunTime:0.000006s ]
INFO: [ app_init ] --END-- [ RunTime:0.000379s ]
INFO: [ app_begin ] --START--
INFO: Run Behavior\ReadHtmlCacheBehavior [ RunTime:0.000541s ]
INFO: [ app_begin ] --END-- [ RunTime:0.000558s ]
INFO: [ view_parse ] --START--
INFO: [ template_filter ] --START--
INFO: Run Behavior\ContentReplaceBehavior [ RunTime:0.000032s ]
INFO: [ template_filter ] --END-- [ RunTime:0.000053s ]
INFO: Run Behavior\ParseTemplateBehavior [ RunTime:0.007332s ]
INFO: [ view_parse ] --END-- [ RunTime:0.007364s ]
INFO: [ view_filter ] --START--
INFO: Run Behavior\WriteHtmlCacheBehavior [ RunTime:0.000443s ]
INFO: [ view_filter ] --END-- [ RunTime:0.000461s ]
INFO: [ app_end ] --START--
INFO: Run Behavior\ShowPageTraceBehavior [ RunTime:0.000631s ]
INFO: [ app_end ] --END-- [ RunTime:0.000654s ]

[ 2018-08-24T00:21:09+08:00 ] ::1 /dashboard/www/Thinkphp3.2/test/Home/Public/assets/i/favicon.png
INFO: [ app_init ] --START--
INFO: Run Behavior\BuildLiteBehavior [ RunTime:0.000007s ]
INFO: [ app_init ] --END-- [ RunTime:0.000369s ]

[ 2018-08-24T00:21:09+08:00 ] ::1 /dashboard/www/Thinkphp3.2/test/Home/index
INFO: [ app_init ] --START--
INFO: Run Behavior\BuildLiteBehavior [ RunTime:0.000006s ]
INFO: [ app_init ] --END-- [ RunTime:0.000443s ]
INFO: [ app_begin ] --START--
INFO: Run Behavior\ReadHtmlCacheBehavior [ RunTime:0.000545s ]
INFO: [ app_begin ] --END-- [ RunTime:0.000565s ]
INFO: [ view_parse ] --START--
INFO: [ template_filter ] --START--
INFO: Run Behavior\ContentReplaceBehavior [ RunTime:0.000028s ]
INFO: [ template_filter ] --END-- [ RunTime:0.000051s ]
INFO: Run Behavior\ParseTemplateBehavior [ RunTime:0.007510s ]
INFO: [ view_parse ] --END-- [ RunTime:0.007537s ]
INFO: [ view_filter ] --START--
INFO: Run Behavior\WriteHtmlCacheBehavior [ RunTime:0.000395s ]
INFO: [ view_filter ] --END-- [ RunTime:0.000411s ]
INFO: [ app_end ] --START--
INFO: Run Behavior\ShowPageTraceBehavior [ RunTime:0.000610s ]
INFO: [ app_end ] --END-- [ RunTime:0.000625s ]

[ 2018-08-24T00:21:09+08:00 ] ::1 /dashboard/www/Thinkphp3.2/test/Home/Public/assets/i/favicon.png
INFO: [ app_init ] --START--
INFO: Run Behavior\BuildLiteBehavior [ RunTime:0.000007s ]
INFO: [ app_init ] --END-- [ RunTime:0.000349s ]

[ 2018-08-24T00:21:10+08:00 ] ::1 /dashboard/www/Thinkphp3.2/test/Home/index
INFO: [ app_init ] --START--
INFO: Run Behavior\BuildLiteBehavior [ RunTime:0.000006s ]
INFO: [ app_init ] --END-- [ RunTime:0.000379s ]
INFO: [ app_begin ] --START--
INFO: Run Behavior\ReadHtmlCacheBehavior [ RunTime:0.000488s ]
INFO: [ app_begin ] --END-- [ RunTime:0.000506s ]
INFO: [ view_parse ] --START--
INFO: [ template_filter ] --START--
INFO: Run Behavior\ContentReplaceBehavior [ RunTime:0.000031s ]
INFO: [ template_filter ] --END-- [ RunTime:0.000059s ]
INFO: Run Behavior\ParseTemplateBehavior [ RunTime:0.006697s ]
INFO: [ view_parse ] --END-- [ RunTime:0.006816s ]
INFO: [ view_filter ] --START--
INFO: Run Behavior\WriteHtmlCacheBehavior [ RunTime:0.000419s ]
INFO: [ view_filter ] --END-- [ RunTime:0.000443s ]
INFO: [ app_end ] --START--
INFO: Run Behavior\ShowPageTraceBehavior [ RunTime:0.000578s ]
INFO: [ app_end ] --END-- [ RunTime:0.000601s ]

[ 2018-08-24T00:21:10+08:00 ] ::1 /dashboard/www/Thinkphp3.2/test/Home/Public/assets/i/favicon.png
INFO: [ app_init ] --START--
INFO: Run Behavior\BuildLiteBehavior [ RunTime:0.000006s ]
INFO: [ app_init ] --END-- [ RunTime:0.000357s ]

[ 2018-08-24T00:21:10+08:00 ] ::1 /dashboard/www/Thinkphp3.2/test/Home/index
INFO: [ app_init ] --START--
INFO: Run Behavior\BuildLiteBehavior [ RunTime:0.000006s ]
INFO: [ app_init ] --END-- [ RunTime:0.000361s ]
INFO: [ app_begin ] --START--
INFO: Run Behavior\ReadHtmlCacheBehavior [ RunTime:0.000469s ]
INFO: [ app_begin ] --END-- [ RunTime:0.000489s ]
INFO: [ view_parse ] --START--
INFO: [ template_filter ] --START--
INFO: Run Behavior\ContentReplaceBehavior [ RunTime:0.000034s ]
INFO: [ template_filter ] --END-- [ RunTime:0.000089s ]
INFO: Run Behavior\ParseTemplateBehavior [ RunTime:0.006840s ]
INFO: [ view_parse ] --END-- [ RunTime:0.006922s ]
INFO: [ view_filter ] --START--
INFO: Run Behavior\WriteHtmlCacheBehavior [ RunTime:0.000976s ]
INFO: [ view_filter ] --END-- [ RunTime:0.001013s ]
INFO: [ app_end ] --START--
INFO: Run Behavior\ShowPageTraceBehavior [ RunTime:0.000712s ]
INFO: [ app_end ] --END-- [ RunTime:0.000741s ]

[ 2018-08-24T00:21:10+08:00 ] ::1 /dashboard/www/Thinkphp3.2/test/Home/Public/assets/i/favicon.png
INFO: [ app_init ] --START--
INFO: Run Behavior\BuildLiteBehavior [ RunTime:0.000007s ]
INFO: [ app_init ] --END-- [ RunTime:0.000385s ]

[ 2018-08-24T00:21:11+08:00 ] ::1 /dashboard/www/Thinkphp3.2/test/Home/index
INFO: [ app_init ] --START--
INFO: Run Behavior\BuildLiteBehavior [ RunTime:0.000009s ]
INFO: [ app_init ] --END-- [ RunTime:0.000354s ]
INFO: [ app_begin ] --START--
INFO: Run Behavior\ReadHtmlCacheBehavior [ RunTime:0.000546s ]
INFO: [ app_begin ] --END-- [ RunTime:0.000584s ]
INFO: [ view_parse ] --START--
INFO: [ template_filter ] --START--
INFO: Run Behavior\ContentReplaceBehavior [ RunTime:0.000026s ]
INFO: [ template_filter ] --END-- [ RunTime:0.000049s ]
INFO: Run Behavior\ParseTemplateBehavior [ RunTime:0.004753s ]
INFO: [ view_parse ] --END-- [ RunTime:0.004775s ]
INFO: [ view_filter ] --START--
INFO: Run Behavior\WriteHtmlCacheBehavior [ RunTime:0.000488s ]
INFO: [ view_filter ] --END-- [ RunTime:0.000505s ]
INFO: [ app_end ] --START--
INFO: Run Behavior\ShowPageTraceBehavior [ RunTime:0.001037s ]
INFO: [ app_end ] --END-- [ RunTime:0.001134s ]

[ 2018-08-24T00:21:11+08:00 ] ::1 /dashboard/www/Thinkphp3.2/test/Home/Public/assets/i/favicon.png
INFO: [ app_init ] --START--
INFO: Run Behavior\BuildLiteBehavior [ RunTime:0.000008s ]
INFO: [ app_init ] --END-- [ RunTime:0.000452s ]

[ 2018-08-24T00:21:21+08:00 ] ::1 /dashboard/www/Thinkphp3.2/test/Home/Public/assets/css/amazeui.min.css
INFO: [ app_init ] --START--
INFO: Run Behavior\BuildLiteBehavior [ RunTime:0.000006s ]
INFO: [ app_init ] --END-- [ RunTime:0.000309s ]
INFO: [ app_begin ] --START--
INFO: Run Behavior\ReadHtmlCacheBehavior [ RunTime:0.000459s ]
INFO: [ app_begin ] --END-- [ RunTime:0.000477s ]
ERR: 无法加载控制器:Public

[ 2018-08-24T00:22:23+08:00 ] ::1 /dashboard/www/Thinkphp3.2/test/Home/Public/assets/css/amazeui.min.css
INFO: [ app_init ] --START--
INFO: Run Behavior\BuildLiteBehavior [ RunTime:0.000005s ]
INFO: [ app_init ] --END-- [ RunTime:0.000292s ]
INFO: [ app_begin ] --START--
INFO: Run Behavior\ReadHtmlCacheBehavior [ RunTime:0.000418s ]
INFO: [ app_begin ] --END-- [ RunTime:0.000436s ]
ERR: 无法加载控制器:Public

[ 2018-08-24T00:25:15+08:00 ] ::1 /dashboard/www/Thinkphp3.2/test/Home/index
INFO: [ app_init ] --START--
INFO: Run Behavior\BuildLiteBehavior [ RunTime:0.000006s ]
INFO: [ app_init ] --END-- [ RunTime:0.000406s ]
INFO: [ app_begin ] --START--
INFO: Run Behavior\ReadHtmlCacheBehavior [ RunTime:0.000551s ]
INFO: [ app_begin ] --END-- [ RunTime:0.000569s ]
INFO: [ view_parse ] --START--
INFO: [ template_filter ] --START--
INFO: Run Behavior\ContentReplaceBehavior [ RunTime:0.000033s ]
INFO: [ template_filter ] --END-- [ RunTime:0.000058s ]
INFO: Run Behavior\ParseTemplateBehavior [ RunTime:0.007510s ]
INFO: [ view_parse ] --END-- [ RunTime:0.007536s ]
INFO: [ view_filter ] --START--
INFO: Run Behavior\WriteHtmlCacheBehavior [ RunTime:0.000455s ]
INFO: [ view_filter ] --END-- [ RunTime:0.000473s ]
INFO: [ app_end ] --START--
INFO: Run Behavior\ShowPageTraceBehavior [ RunTime:0.000615s ]
INFO: [ app_end ] --END-- [ RunTime:0.000631s ]

[ 2018-08-24T00:25:15+08:00 ] ::1 /dashboard/www/Thinkphp3.2/test/Home/Public/assets/i/favicon.png
INFO: [ app_init ] --START--
INFO: Run Behavior\BuildLiteBehavior [ RunTime:0.000006s ]
INFO: [ app_init ] --END-- [ RunTime:0.000305s ]

[ 2018-08-24T00:25:15+08:00 ] ::1 /dashboard/www/Thinkphp3.2/test/Home/index
INFO: [ app_init ] --START--
INFO: Run Behavior\BuildLiteBehavior [ RunTime:0.000007s ]
INFO: [ app_init ] --END-- [ RunTime:0.000431s ]
INFO: [ app_begin ] --START--
INFO: Run Behavior\ReadHtmlCacheBehavior [ RunTime:0.000567s ]
INFO: [ app_begin ] --END-- [ RunTime:0.000599s ]
INFO: [ view_parse ] --START--
INFO: [ template_filter ] --START--
INFO: Run Behavior\ContentReplaceBehavior [ RunTime:0.000029s ]
INFO: [ template_filter ] --END-- [ RunTime:0.000056s ]
INFO: Run Behavior\ParseTemplateBehavior [ RunTime:0.005073s ]
INFO: [ view_parse ] --END-- [ RunTime:0.005112s ]
INFO: [ view_filter ] --START--
INFO: Run Behavior\WriteHtmlCacheBehavior [ RunTime:0.000380s ]
INFO: [ view_filter ] --END-- [ RunTime:0.000400s ]
INFO: [ app_end ] --START--
INFO: Run Behavior\ShowPageTraceBehavior [ RunTime:0.000598s ]
INFO: [ app_end ] --END-- [ RunTime:0.000622s ]

[ 2018-08-24T00:25:16+08:00 ] ::1 /dashboard/www/Thinkphp3.2/test/Home/Public/assets/i/favicon.png
INFO: [ app_init ] --START--
INFO: Run Behavior\BuildLiteBehavior [ RunTime:0.000010s ]
INFO: [ app_init ] --END-- [ RunTime:0.000430s ]

[ 2018-08-24T22:44:34+08:00 ] ::1 /dashboard/www/Thinkphp3.2/test/Home/Public/assets/i/favicon.png
INFO: [ app_init ] --START--
INFO: Run Behavior\BuildLiteBehavior [ RunTime:0.000005s ]
INFO: [ app_init ] --END-- [ RunTime:0.000433s ]

[ 2018-08-24T22:44:46+08:00 ] ::1 /dashboard/www/Thinkphp3.2/test/Home/Public/assets/css/amazeui.min.css
INFO: [ app_init ] --START--
INFO: Run Behavior\BuildLiteBehavior [ RunTime:0.000005s ]
INFO: [ app_init ] --END-- [ RunTime:0.000347s ]
INFO: [ app_begin ] --START--
INFO: Run Behavior\ReadHtmlCacheBehavior [ RunTime:0.000552s ]
INFO: [ app_begin ] --END-- [ RunTime:0.000571s ]
ERR: 无法加载控制器:Public

[ 2018-08-24T22:52:42+08:00 ] ::1 /dashboard/www/Thinkphp3.2/test/Home/index
INFO: [ app_init ] --START--
INFO: Run Behavior\BuildLiteBehavior [ RunTime:0.000009s ]
INFO: [ app_init ] --END-- [ RunTime:0.000571s ]
INFO: [ app_begin ] --START--
INFO: Run Behavior\ReadHtmlCacheBehavior [ RunTime:0.001030s ]
INFO: [ app_begin ] --END-- [ RunTime:0.001089s ]
INFO: [ view_parse ] --START--
INFO: [ template_filter ] --START--
INFO: Run Behavior\ContentReplaceBehavior [ RunTime:0.000036s ]
INFO: [ template_filter ] --END-- [ RunTime:0.000057s ]
INFO: Run Behavior\ParseTemplateBehavior [ RunTime:0.006058s ]
INFO: [ view_parse ] --END-- [ RunTime:0.006085s ]
INFO: [ view_filter ] --START--
INFO: Run Behavior\WriteHtmlCacheBehavior [ RunTime:0.000494s ]
INFO: [ view_filter ] --END-- [ RunTime:0.000510s ]
INFO: [ app_end ] --START--
INFO: Run Behavior\ShowPageTraceBehavior [ RunTime:0.000706s ]
INFO: [ app_end ] --END-- [ RunTime:0.000724s ]

[ 2018-08-24T22:52:42+08:00 ] ::1 /dashboard/www/Thinkphp3.2/test/Home/assets/i/favicon.png
INFO: [ app_init ] --START--
INFO: Run Behavior\BuildLiteBehavior [ RunTime:0.000007s ]
INFO: [ app_init ] --END-- [ RunTime:0.000379s ]

[ 2018-08-24T22:52:50+08:00 ] ::1 /dashboard/www/Thinkphp3.2/test/Home/index
INFO: [ app_init ] --START--
INFO: Run Behavior\BuildLiteBehavior [ RunTime:0.000007s ]
INFO: [ app_init ] --END-- [ RunTime:0.000486s ]
INFO: [ app_begin ] --START--
INFO: Run Behavior\ReadHtmlCacheBehavior [ RunTime:0.000495s ]
INFO: [ app_begin ] --END-- [ RunTime:0.000525s ]
INFO: [ view_parse ] --START--
INFO: [ template_filter ] --START--
INFO: Run Behavior\ContentReplaceBehavior [ RunTime:0.000028s ]
INFO: [ template_filter ] --END-- [ RunTime:0.000050s ]
INFO: Run Behavior\ParseTemplateBehavior [ RunTime:0.005062s ]
INFO: [ view_parse ] --END-- [ RunTime:0.005112s ]
INFO: [ view_filter ] --START--
INFO: Run Behavior\WriteHtmlCacheBehavior [ RunTime:0.000419s ]
INFO: [ view_filter ] --END-- [ RunTime:0.000435s ]
INFO: [ app_end ] --START--
INFO: Run Behavior\ShowPageTraceBehavior [ RunTime:0.000535s ]
INFO: [ app_end ] --END-- [ RunTime:0.000552s ]

[ 2018-08-24T22:52:50+08:00 ] ::1 /dashboard/www/Thinkphp3.2/test/Home/assets/i/favicon.png
INFO: [ app_init ] --START--
INFO: Run Behavior\BuildLiteBehavior [ RunTime:0.000006s ]
INFO: [ app_init ] --END-- [ RunTime:0.000327s ]

[ 2018-08-24T22:52:51+08:00 ] ::1 /dashboard/www/Thinkphp3.2/test/Home/index
INFO: [ app_init ] --START--
INFO: Run Behavior\BuildLiteBehavior [ RunTime:0.000009s ]
INFO: [ app_init ] --END-- [ RunTime:0.000341s ]
INFO: [ app_begin ] --START--
INFO: Run Behavior\ReadHtmlCacheBehavior [ RunTime:0.000498s ]
INFO: [ app_begin ] --END-- [ RunTime:0.000521s ]
INFO: [ view_parse ] --START--
INFO: [ template_filter ] --START--
INFO: Run Behavior\ContentReplaceBehavior [ RunTime:0.000032s ]
INFO: [ template_filter ] --END-- [ RunTime:0.000064s ]
INFO: Run Behavior\ParseTemplateBehavior [ RunTime:0.006056s ]
INFO: [ view_parse ] --END-- [ RunTime:0.006093s ]
INFO: [ view_filter ] --START--
INFO: Run Behavior\WriteHtmlCacheBehavior [ RunTime:0.000403s ]
INFO: [ view_filter ] --END-- [ RunTime:0.000425s ]
INFO: [ app_end ] --START--
INFO: Run Behavior\ShowPageTraceBehavior [ RunTime:0.000746s ]
INFO: [ app_end ] --END-- [ RunTime:0.000780s ]

[ 2018-08-24T22:52:51+08:00 ] ::1 /dashboard/www/Thinkphp3.2/test/Home/assets/i/favicon.png
INFO: [ app_init ] --START--
INFO: Run Behavior\BuildLiteBehavior [ RunTime:0.000010s ]
INFO: [ app_init ] --END-- [ RunTime:0.000988s ]

[ 2018-08-24T22:52:52+08:00 ] ::1 /dashboard/www/Thinkphp3.2/test/Home/index
INFO: [ app_init ] --START--
INFO: Run Behavior\BuildLiteBehavior [ RunTime:0.000006s ]
INFO: [ app_init ] --END-- [ RunTime:0.000379s ]
INFO: [ app_begin ] --START--
INFO: Run Behavior\ReadHtmlCacheBehavior [ RunTime:0.000707s ]
INFO: [ app_begin ] --END-- [ RunTime:0.000728s ]
INFO: [ view_parse ] --START--
INFO: [ template_filter ] --START--
INFO: Run Behavior\ContentReplaceBehavior [ RunTime:0.000034s ]
INFO: [ template_filter ] --END-- [ RunTime:0.000065s ]
INFO: Run Behavior\ParseTemplateBehavior [ RunTime:0.006295s ]
INFO: [ view_parse ] --END-- [ RunTime:0.006331s ]
INFO: [ view_filter ] --START--
INFO: Run Behavior\WriteHtmlCacheBehavior [ RunTime:0.000527s ]
INFO: [ view_filter ] --END-- [ RunTime:0.000549s ]
INFO: [ app_end ] --START--
INFO: Run Behavior\ShowPageTraceBehavior [ RunTime:0.000705s ]
INFO: [ app_end ] --END-- [ RunTime:0.000733s ]

[ 2018-08-24T22:52:52+08:00 ] ::1 /dashboard/www/Thinkphp3.2/test/Home/assets/i/favicon.png
INFO: [ app_init ] --START--
INFO: Run Behavior\BuildLiteBehavior [ RunTime:0.000008s ]
INFO: [ app_init ] --END-- [ RunTime:0.000408s ]

[ 2018-08-24T22:52:54+08:00 ] ::1 /dashboard/www/Thinkphp3.2/test/Home/index
INFO: [ app_init ] --START--
INFO: Run Behavior\BuildLiteBehavior [ RunTime:0.000007s ]
INFO: [ app_init ] --END-- [ RunTime:0.000464s ]
INFO: [ app_begin ] --START--
INFO: Run Behavior\ReadHtmlCacheBehavior [ RunTime:0.000617s ]
INFO: [ app_begin ] --END-- [ RunTime:0.000655s ]
INFO: [ view_parse ] --START--
INFO: [ template_filter ] --START--
INFO: Run Behavior\ContentReplaceBehavior [ RunTime:0.000028s ]
INFO: [ template_filter ] --END-- [ RunTime:0.000050s ]
INFO: Run Behavior\ParseTemplateBehavior [ RunTime:0.005122s ]
INFO: [ view_parse ] --END-- [ RunTime:0.005145s ]
INFO: [ view_filter ] --START--
INFO: Run Behavior\WriteHtmlCacheBehavior [ RunTime:0.000360s ]
INFO: [ view_filter ] --END-- [ RunTime:0.000375s ]
INFO: [ app_end ] --START--
INFO: Run Behavior\ShowPageTraceBehavior [ RunTime:0.000479s ]
INFO: [ app_end ] --END-- [ RunTime:0.000494s ]

[ 2018-08-24T22:52:54+08:00 ] ::1 /dashboard/www/Thinkphp3.2/test/Home/assets/i/favicon.png
INFO: [ app_init ] --START--
INFO: Run Behavior\BuildLiteBehavior [ RunTime:0.000007s ]
INFO: [ app_init ] --END-- [ RunTime:0.000350s ]

[ 2018-08-24T23:04:33+08:00 ] ::1 /dashboard/www/Thinkphp3.2/test/Home/assets/i/favicon.png
INFO: [ app_init ] --START--
INFO: Run Behavior\BuildLiteBehavior [ RunTime:0.000008s ]
INFO: [ app_init ] --END-- [ RunTime:0.000604s ]

[ 2018-08-24T23:24:30+08:00 ] ::1 /dashboard/www/Thinkphp3.2/test/Home/index
INFO: [ app_init ] --START--
INFO: Run Behavior\BuildLiteBehavior [ RunTime:0.000006s ]
INFO: [ app_init ] --END-- [ RunTime:0.000376s ]
INFO: [ app_begin ] --START--
INFO: Run Behavior\ReadHtmlCacheBehavior [ RunTime:0.000562s ]
INFO: [ app_begin ] --END-- [ RunTime:0.000581s ]
INFO: [ view_parse ] --START--
INFO: [ template_filter ] --START--
INFO: Run Behavior\ContentReplaceBehavior [ RunTime:0.000029s ]
INFO: [ template_filter ] --END-- [ RunTime:0.000048s ]
INFO: Run Behavior\ParseTemplateBehavior [ RunTime:0.004890s ]
INFO: [ view_parse ] --END-- [ RunTime:0.004913s ]
INFO: [ view_filter ] --START--
INFO: Run Behavior\WriteHtmlCacheBehavior [ RunTime:0.000432s ]
INFO: [ view_filter ] --END-- [ RunTime:0.000447s ]
INFO: [ app_end ] --START--
INFO: Run Behavior\ShowPageTraceBehavior [ RunTime:0.000577s ]
INFO: [ app_end ] --END-- [ RunTime:0.000665s ]

[ 2018-08-24T23:24:30+08:00 ] ::1 /dashboard/www/Thinkphp3.2/test/Home/assets/i/favicon.png
INFO: [ app_init ] --START--
INFO: Run Behavior\BuildLiteBehavior [ RunTime:0.000007s ]
INFO: [ app_init ] --END-- [ RunTime:0.000322s ]

[ 2018-08-24T23:24:31+08:00 ] ::1 /dashboard/www/Thinkphp3.2/test/Home/index
INFO: [ app_init ] --START--
INFO: Run Behavior\BuildLiteBehavior [ RunTime:0.000006s ]
INFO: [ app_init ] --END-- [ RunTime:0.000396s ]
INFO: [ app_begin ] --START--
INFO: Run Behavior\ReadHtmlCacheBehavior [ RunTime:0.000571s ]
INFO: [ app_begin ] --END-- [ RunTime:0.000593s ]
INFO: [ view_parse ] --START--
INFO: [ template_filter ] --START--
INFO: Run Behavior\ContentReplaceBehavior [ RunTime:0.000026s ]
INFO: [ template_filter ] --END-- [ RunTime:0.000043s ]
INFO: Run Behavior\ParseTemplateBehavior [ RunTime:0.004719s ]
INFO: [ view_parse ] --END-- [ RunTime:0.004741s ]
INFO: [ view_filter ] --START--
INFO: Run Behavior\WriteHtmlCacheBehavior [ RunTime:0.000443s ]
INFO: [ view_filter ] --END-- [ RunTime:0.000461s ]
INFO: [ app_end ] --START--
INFO: Run Behavior\ShowPageTraceBehavior [ RunTime:0.000627s ]
INFO: [ app_end ] --END-- [ RunTime:0.000646s ]

[ 2018-08-24T23:24:32+08:00 ] ::1 /dashboard/www/Thinkphp3.2/test/Home/assets/i/favicon.png
INFO: [ app_init ] --START--
INFO: Run Behavior\BuildLiteBehavior [ RunTime:0.000007s ]
INFO: [ app_init ] --END-- [ RunTime:0.000344s ]

[ 2018-08-24T23:24:32+08:00 ] ::1 /dashboard/www/Thinkphp3.2/test/Home/index
INFO: [ app_init ] --START--
INFO: Run Behavior\BuildLiteBehavior [ RunTime:0.000006s ]
INFO: [ app_init ] --END-- [ RunTime:0.000410s ]
INFO: [ app_begin ] --START--
INFO: Run Behavior\ReadHtmlCacheBehavior [ RunTime:0.000528s ]
INFO: [ app_begin ] --END-- [ RunTime:0.000553s ]
INFO: [ view_parse ] --START--
INFO: [ template_filter ] --START--
INFO: Run Behavior\ContentReplaceBehavior [ RunTime:0.000026s ]
INFO: [ template_filter ] --END-- [ RunTime:0.000048s ]
INFO: Run Behavior\ParseTemplateBehavior [ RunTime:0.005460s ]
INFO: [ view_parse ] --END-- [ RunTime:0.005483s ]
INFO: [ view_filter ] --START--
INFO: Run Behavior\WriteHtmlCacheBehavior [ RunTime:0.000429s ]
INFO: [ view_filter ] --END-- [ RunTime:0.000445s ]
INFO: [ app_end ] --START--
INFO: Run Behavior\ShowPageTraceBehavior [ RunTime:0.000556s ]
INFO: [ app_end ] --END-- [ RunTime:0.000571s ]

[ 2018-08-24T23:24:32+08:00 ] ::1 /dashboard/www/Thinkphp3.2/test/Home/assets/i/favicon.png
INFO: [ app_init ] --START--
INFO: Run Behavior\BuildLiteBehavior [ RunTime:0.000008s ]
INFO: [ app_init ] --END-- [ RunTime:0.000376s ]

[ 2018-08-24T23:24:33+08:00 ] ::1 /dashboard/www/Thinkphp3.2/test/Home/index
INFO: [ app_init ] --START--
INFO: Run Behavior\BuildLiteBehavior [ RunTime:0.000007s ]
INFO: [ app_init ] --END-- [ RunTime:0.000338s ]
INFO: [ app_begin ] --START--
INFO: Run Behavior\ReadHtmlCacheBehavior [ RunTime:0.000548s ]
INFO: [ app_begin ] --END-- [ RunTime:0.000578s ]
INFO: [ view_parse ] --START--
INFO: [ template_filter ] --START--
INFO: Run Behavior\ContentReplaceBehavior [ RunTime:0.000063s ]
INFO: [ template_filter ] --END-- [ RunTime:0.000090s ]
INFO: Run Behavior\ParseTemplateBehavior [ RunTime:0.005063s ]
INFO: [ view_parse ] --END-- [ RunTime:0.005097s ]
INFO: [ view_filter ] --START--
INFO: Run Behavior\WriteHtmlCacheBehavior [ RunTime:0.000450s ]
INFO: [ view_filter ] --END-- [ RunTime:0.000482s ]
INFO: [ app_end ] --START--
INFO: Run Behavior\ShowPageTraceBehavior [ RunTime:0.000663s ]
INFO: [ app_end ] --END-- [ RunTime:0.000696s ]

[ 2018-08-24T23:24:33+08:00 ] ::1 /dashboard/www/Thinkphp3.2/test/Home/assets/i/favicon.png
INFO: [ app_init ] --START--
INFO: Run Behavior\BuildLiteBehavior [ RunTime:0.000008s ]
INFO: [ app_init ] --END-- [ RunTime:0.000354s ]

[ 2018-08-24T23:24:33+08:00 ] ::1 /dashboard/www/Thinkphp3.2/test/Home/index
INFO: [ app_init ] --START--
INFO: Run Behavior\BuildLiteBehavior [ RunTime:0.000009s ]
INFO: [ app_init ] --END-- [ RunTime:0.000495s ]
INFO: [ app_begin ] --START--
INFO: Run Behavior\ReadHtmlCacheBehavior [ RunTime:0.000507s ]
INFO: [ app_begin ] --END-- [ RunTime:0.000530s ]
INFO: [ view_parse ] --START--
INFO: [ template_filter ] --START--
INFO: Run Behavior\ContentReplaceBehavior [ RunTime:0.000027s ]
INFO: [ template_filter ] --END-- [ RunTime:0.000049s ]
INFO: Run Behavior\ParseTemplateBehavior [ RunTime:0.004939s ]
INFO: [ view_parse ] --END-- [ RunTime:0.004961s ]
INFO: [ view_filter ] --START--
INFO: Run Behavior\WriteHtmlCacheBehavior [ RunTime:0.000354s ]
INFO: [ view_filter ] --END-- [ RunTime:0.000368s ]
INFO: [ app_end ] --START--
INFO: Run Behavior\ShowPageTraceBehavior [ RunTime:0.000526s ]
INFO: [ app_end ] --END-- [ RunTime:0.000541s ]

[ 2018-08-24T23:24:33+08:00 ] ::1 /dashboard/www/Thinkphp3.2/test/Home/assets/i/favicon.png
INFO: [ app_init ] --START--
INFO: Run Behavior\BuildLiteBehavior [ RunTime:0.000008s ]
INFO: [ app_init ] --END-- [ RunTime:0.000331s ]

[ 2018-08-24T23:24:34+08:00 ] ::1 /dashboard/www/Thinkphp3.2/test/Home/index
INFO: [ app_init ] --START--
INFO: Run Behavior\BuildLiteBehavior [ RunTime:0.000007s ]
INFO: [ app_init ] --END-- [ RunTime:0.000334s ]
INFO: [ app_begin ] --START--
INFO: Run Behavior\ReadHtmlCacheBehavior [ RunTime:0.000531s ]
INFO: [ app_begin ] --END-- [ RunTime:0.000560s ]
INFO: [ view_parse ] --START--
INFO: [ template_filter ] --START--
INFO: Run Behavior\ContentReplaceBehavior [ RunTime:0.000032s ]
INFO: [ template_filter ] --END-- [ RunTime:0.000062s ]
INFO: Run Behavior\ParseTemplateBehavior [ RunTime:0.005356s ]
INFO: [ view_parse ] --END-- [ RunTime:0.005385s ]
INFO: [ view_filter ] --START--
INFO: Run Behavior\WriteHtmlCacheBehavior [ RunTime:0.000398s ]
INFO: [ view_filter ] --END-- [ RunTime:0.000415s ]
INFO: [ app_end ] --START--
INFO: Run Behavior\ShowPageTraceBehavior [ RunTime:0.000535s ]
INFO: [ app_end ] --END-- [ RunTime:0.000552s ]

[ 2018-08-24T23:24:34+08:00 ] ::1 /dashboard/www/Thinkphp3.2/test/Home/assets/i/favicon.png
INFO: [ app_init ] --START--
INFO: Run Behavior\BuildLiteBehavior [ RunTime:0.000007s ]
INFO: [ app_init ] --END-- [ RunTime:0.000357s ]

[ 2018-08-24T23:29:57+08:00 ] ::1 /dashboard/www/Thinkphp3.2/test/Home/index
INFO: [ app_init ] --START--
INFO: Run Behavior\BuildLiteBehavior [ RunTime:0.000006s ]
INFO: [ app_init ] --END-- [ RunTime:0.000372s ]
INFO: [ app_begin ] --START--
INFO: Run Behavior\ReadHtmlCacheBehavior [ RunTime:0.000548s ]
INFO: [ app_begin ] --END-- [ RunTime:0.000566s ]
INFO: [ view_parse ] --START--
INFO: [ template_filter ] --START--
INFO: Run Behavior\ContentReplaceBehavior [ RunTime:0.000027s ]
INFO: [ template_filter ] --END-- [ RunTime:0.000044s ]
INFO: Run Behavior\ParseTemplateBehavior [ RunTime:0.004745s ]
INFO: [ view_parse ] --END-- [ RunTime:0.004765s ]
INFO: [ view_filter ] --START--
INFO: Run Behavior\WriteHtmlCacheBehavior [ RunTime:0.000368s ]
INFO: [ view_filter ] --END-- [ RunTime:0.000382s ]
INFO: [ app_end ] --START--
INFO: Run Behavior\ShowPageTraceBehavior [ RunTime:0.000562s ]
INFO: [ app_end ] --END-- [ RunTime:0.000577s ]

[ 2018-08-24T23:29:57+08:00 ] ::1 /dashboard/www/Thinkphp3.2/test/Home/assets/i/favicon.png
INFO: [ app_init ] --START--
INFO: Run Behavior\BuildLiteBehavior [ RunTime:0.000004s ]
INFO: [ app_init ] --END-- [ RunTime:0.000277s ]

[ 2018-08-24T23:29:58+08:00 ] ::1 /dashboard/www/Thinkphp3.2/test/Home/index
INFO: [ app_init ] --START--
INFO: Run Behavior\BuildLiteBehavior [ RunTime:0.000005s ]
INFO: [ app_init ] --END-- [ RunTime:0.000344s ]
INFO: [ app_begin ] --START--
INFO: Run Behavior\ReadHtmlCacheBehavior [ RunTime:0.000499s ]
INFO: [ app_begin ] --END-- [ RunTime:0.000517s ]
INFO: [ view_parse ] --START--
INFO: [ template_filter ] --START--
INFO: Run Behavior\ContentReplaceBehavior [ RunTime:0.000024s ]
INFO: [ template_filter ] --END-- [ RunTime:0.000040s ]
INFO: Run Behavior\ParseTemplateBehavior [ RunTime:0.004368s ]
INFO: [ view_parse ] --END-- [ RunTime:0.004387s ]
INFO: [ view_filter ] --START--
INFO: Run Behavior\WriteHtmlCacheBehavior [ RunTime:0.000341s ]
INFO: [ view_filter ] --END-- [ RunTime:0.000354s ]
INFO: [ app_end ] --START--
INFO: Run Behavior\ShowPageTraceBehavior [ RunTime:0.000521s ]
INFO: [ app_end ] --END-- [ RunTime:0.000536s ]

[ 2018-08-24T23:29:58+08:00 ] ::1 /dashboard/www/Thinkphp3.2/test/Home/assets/i/favicon.png
INFO: [ app_init ] --START--
INFO: Run Behavior\BuildLiteBehavior [ RunTime:0.000007s ]
INFO: [ app_init ] --END-- [ RunTime:0.000350s ]

[ 2018-08-24T23:29:58+08:00 ] ::1 /dashboard/www/Thinkphp3.2/test/Home/index
INFO: [ app_init ] --START--
INFO: Run Behavior\BuildLiteBehavior [ RunTime:0.000005s ]
INFO: [ app_init ] --END-- [ RunTime:0.000308s ]
INFO: [ app_begin ] --START--
INFO: Run Behavior\ReadHtmlCacheBehavior [ RunTime:0.000490s ]
INFO: [ app_begin ] --END-- [ RunTime:0.000513s ]
INFO: [ view_parse ] --START--
INFO: [ template_filter ] --START--
INFO: Run Behavior\ContentReplaceBehavior [ RunTime:0.000031s ]
INFO: [ template_filter ] --END-- [ RunTime:0.000058s ]
INFO: Run Behavior\ParseTemplateBehavior [ RunTime:0.005144s ]
INFO: [ view_parse ] --END-- [ RunTime:0.005169s ]
INFO: [ view_filter ] --START--
INFO: Run Behavior\WriteHtmlCacheBehavior [ RunTime:0.000378s ]
INFO: [ view_filter ] --END-- [ RunTime:0.000395s ]
INFO: [ app_end ] --START--
INFO: Run Behavior\ShowPageTraceBehavior [ RunTime:0.000605s ]
INFO: [ app_end ] --END-- [ RunTime:0.000623s ]

[ 2018-08-24T23:29:58+08:00 ] ::1 /dashboard/www/Thinkphp3.2/test/Home/assets/i/favicon.png
INFO: [ app_init ] --START--
INFO: Run Behavior\BuildLiteBehavior [ RunTime:0.000006s ]
INFO: [ app_init ] --END-- [ RunTime:0.000319s ]

[ 2018-08-24T23:30:13+08:00 ] ::1 /dashboard/www/Thinkphp3.2/test/Home/index
INFO: [ app_init ] --START--
INFO: Run Behavior\BuildLiteBehavior [ RunTime:0.000006s ]
INFO: [ app_init ] --END-- [ RunTime:0.000354s ]
INFO: [ app_begin ] --START--
INFO: Run Behavior\ReadHtmlCacheBehavior [ RunTime:0.000480s ]
INFO: [ app_begin ] --END-- [ RunTime:0.000498s ]
INFO: [ view_parse ] --START--
INFO: [ template_filter ] --START--
INFO: Run Behavior\ContentReplaceBehavior [ RunTime:0.000025s ]
INFO: [ template_filter ] --END-- [ RunTime:0.000042s ]
INFO: Run Behavior\ParseTemplateBehavior [ RunTime:0.004405s ]
INFO: [ view_parse ] --END-- [ RunTime:0.004426s ]
INFO: [ view_filter ] --START--
INFO: Run Behavior\WriteHtmlCacheBehavior [ RunTime:0.000355s ]
INFO: [ view_filter ] --END-- [ RunTime:0.000369s ]
INFO: [ app_end ] --START--
INFO: Run Behavior\ShowPageTraceBehavior [ RunTime:0.000525s ]
INFO: [ app_end ] --END-- [ RunTime:0.000540s ]

[ 2018-08-24T23:30:13+08:00 ] ::1 /dashboard/www/Thinkphp3.2/test/Home/assets/i/favicon.png
INFO: [ app_init ] --START--
INFO: Run Behavior\BuildLiteBehavior [ RunTime:0.000015s ]
INFO: [ app_init ] --END-- [ RunTime:0.000659s ]

[ 2018-08-24T23:30:13+08:00 ] ::1 /dashboard/www/Thinkphp3.2/test/Home/index
INFO: [ app_init ] --START--
INFO: Run Behavior\BuildLiteBehavior [ RunTime:0.000005s ]
INFO: [ app_init ] --END-- [ RunTime:0.000347s ]
INFO: [ app_begin ] --START--
INFO: Run Behavior\ReadHtmlCacheBehavior [ RunTime:0.000476s ]
INFO: [ app_begin ] --END-- [ RunTime:0.000493s ]
INFO: [ view_parse ] --START--
INFO: [ template_filter ] --START--
INFO: Run Behavior\ContentReplaceBehavior [ RunTime:0.000025s ]
INFO: [ template_filter ] --END-- [ RunTime:0.000043s ]
INFO: Run Behavior\ParseTemplateBehavior [ RunTime:0.004436s ]
INFO: [ view_parse ] --END-- [ RunTime:0.004457s ]
INFO: [ view_filter ] --START--
INFO: Run Behavior\WriteHtmlCacheBehavior [ RunTime:0.000355s ]
INFO: [ view_filter ] --END-- [ RunTime:0.000370s ]
INFO: [ app_end ] --START--
INFO: Run Behavior\ShowPageTraceBehavior [ RunTime:0.000533s ]
INFO: [ app_end ] --END-- [ RunTime:0.000548s ]

[ 2018-08-24T23:30:13+08:00 ] ::1 /dashboard/www/Thinkphp3.2/test/Home/assets/i/favicon.png
INFO: [ app_init ] --START--
INFO: Run Behavior\BuildLiteBehavior [ RunTime:0.000008s ]
INFO: [ app_init ] --END-- [ RunTime:0.000389s ]

[ 2018-08-24T23:30:14+08:00 ] ::1 /dashboard/www/Thinkphp3.2/test/Home/index
INFO: [ app_init ] --START--
INFO: Run Behavior\BuildLiteBehavior [ RunTime:0.000017s ]
INFO: [ app_init ] --END-- [ RunTime:0.000542s ]
INFO: [ app_begin ] --START--
INFO: Run Behavior\ReadHtmlCacheBehavior [ RunTime:0.000533s ]
INFO: [ app_begin ] --END-- [ RunTime:0.000552s ]
INFO: [ view_parse ] --START--
INFO: [ template_filter ] --START--
INFO: Run Behavior\ContentReplaceBehavior [ RunTime:0.000028s ]
INFO: [ template_filter ] --END-- [ RunTime:0.000050s ]
INFO: Run Behavior\ParseTemplateBehavior [ RunTime:0.005072s ]
INFO: [ view_parse ] --END-- [ RunTime:0.005097s ]
INFO: [ view_filter ] --START--
INFO: Run Behavior\WriteHtmlCacheBehavior [ RunTime:0.000370s ]
INFO: [ view_filter ] --END-- [ RunTime:0.000387s ]
INFO: [ app_end ] --START--
INFO: Run Behavior\ShowPageTraceBehavior [ RunTime:0.000542s ]
INFO: [ app_end ] --END-- [ RunTime:0.000558s ]

[ 2018-08-24T23:30:14+08:00 ] ::1 /dashboard/www/Thinkphp3.2/test/Home/assets/i/favicon.png
INFO: [ app_init ] --START--
INFO: Run Behavior\BuildLiteBehavior [ RunTime:0.000005s ]
INFO: [ app_init ] --END-- [ RunTime:0.000274s ]

[ 2018-08-24T23:30:14+08:00 ] ::1 /dashboard/www/Thinkphp3.2/test/Home/index
INFO: [ app_init ] --START--
INFO: Run Behavior\BuildLiteBehavior [ RunTime:0.000004s ]
INFO: [ app_init ] --END-- [ RunTime:0.000360s ]
INFO: [ app_begin ] --START--
INFO: Run Behavior\ReadHtmlCacheBehavior [ RunTime:0.000493s ]
INFO: [ app_begin ] --END-- [ RunTime:0.000511s ]
INFO: [ view_parse ] --START--
INFO: [ template_filter ] --START--
INFO: Run Behavior\ContentReplaceBehavior [ RunTime:0.000025s ]
INFO: [ template_filter ] --END-- [ RunTime:0.000044s ]
INFO: Run Behavior\ParseTemplateBehavior [ RunTime:0.004412s ]
INFO: [ view_parse ] --END-- [ RunTime:0.004432s ]
INFO: [ view_filter ] --START--
INFO: Run Behavior\WriteHtmlCacheBehavior [ RunTime:0.000356s ]
INFO: [ view_filter ] --END-- [ RunTime:0.000371s ]
INFO: [ app_end ] --START--
INFO: Run Behavior\ShowPageTraceBehavior [ RunTime:0.000564s ]
INFO: [ app_end ] --END-- [ RunTime:0.000579s ]

[ 2018-08-24T23:30:14+08:00 ] ::1 /dashboard/www/Thinkphp3.2/test/Home/assets/i/favicon.png
INFO: [ app_init ] --START--
INFO: Run Behavior\BuildLiteBehavior [ RunTime:0.000006s ]
INFO: [ app_init ] --END-- [ RunTime:0.000451s ]

[ 2018-08-24T23:30:14+08:00 ] ::1 /dashboard/www/Thinkphp3.2/test/Home/index
INFO: [ app_init ] --START--
INFO: Run Behavior\BuildLiteBehavior [ RunTime:0.000006s ]
INFO: [ app_init ] --END-- [ RunTime:0.000415s ]
INFO: [ app_begin ] --START--
INFO: Run Behavior\ReadHtmlCacheBehavior [ RunTime:0.000568s ]
INFO: [ app_begin ] --END-- [ RunTime:0.000590s ]
INFO: [ view_parse ] --START--
INFO: [ template_filter ] --START--
INFO: Run Behavior\ContentReplaceBehavior [ RunTime:0.000045s ]
INFO: [ template_filter ] --END-- [ RunTime:0.000072s ]
INFO: Run Behavior\ParseTemplateBehavior [ RunTime:0.005713s ]
INFO: [ view_parse ] --END-- [ RunTime:0.005742s ]
INFO: [ view_filter ] --START--
INFO: Run Behavior\WriteHtmlCacheBehavior [ RunTime:0.000381s ]
INFO: [ view_filter ] --END-- [ RunTime:0.000397s ]
INFO: [ app_end ] --START--
INFO: Run Behavior\ShowPageTraceBehavior [ RunTime:0.000617s ]
INFO: [ app_end ] --END-- [ RunTime:0.000635s ]

[ 2018-08-24T23:30:14+08:00 ] ::1 /dashboard/www/Thinkphp3.2/test/Home/assets/i/favicon.png
INFO: [ app_init ] --START--
INFO: Run Behavior\BuildLiteBehavior [ RunTime:0.000007s ]
INFO: [ app_init ] --END-- [ RunTime:0.000308s ]

[ 2018-08-24T23:30:15+08:00 ] ::1 /dashboard/www/Thinkphp3.2/test/Home/index
INFO: [ app_init ] --START--
INFO: Run Behavior\BuildLiteBehavior [ RunTime:0.000007s ]
INFO: [ app_init ] --END-- [ RunTime:0.000487s ]
INFO: [ app_begin ] --START--
INFO: Run Behavior\ReadHtmlCacheBehavior [ RunTime:0.000867s ]
INFO: [ app_begin ] --END-- [ RunTime:0.000895s ]
INFO: [ view_parse ] --START--
INFO: [ template_filter ] --START--
INFO: Run Behavior\ContentReplaceBehavior [ RunTime:0.000042s ]
INFO: [ template_filter ] --END-- [ RunTime:0.000066s ]
INFO: Run Behavior\ParseTemplateBehavior [ RunTime:0.005256s ]
INFO: [ view_parse ] --END-- [ RunTime:0.005287s ]
INFO: [ view_filter ] --START--
INFO: Run Behavior\WriteHtmlCacheBehavior [ RunTime:0.000440s ]
INFO: [ view_filter ] --END-- [ RunTime:0.000458s ]
INFO: [ app_end ] --START--
INFO: Run Behavior\ShowPageTraceBehavior [ RunTime:0.000617s ]
INFO: [ app_end ] --END-- [ RunTime:0.000635s ]

[ 2018-08-24T23:30:15+08:00 ] ::1 /dashboard/www/Thinkphp3.2/test/Home/assets/i/favicon.png
INFO: [ app_init ] --START--
INFO: Run Behavior\BuildLiteBehavior [ RunTime:0.000007s ]
INFO: [ app_init ] --END-- [ RunTime:0.000350s ]

[ 2018-08-24T23:30:16+08:00 ] ::1 /dashboard/www/Thinkphp3.2/test/Home/index
INFO: [ app_init ] --START--
INFO: Run Behavior\BuildLiteBehavior [ RunTime:0.000005s ]
INFO: [ app_init ] --END-- [ RunTime:0.000376s ]
INFO: [ app_begin ] --START--
INFO: Run Behavior\ReadHtmlCacheBehavior [ RunTime:0.000497s ]
INFO: [ app_begin ] --END-- [ RunTime:0.000517s ]
INFO: [ view_parse ] --START--
INFO: [ template_filter ] --START--
INFO: Run Behavior\ContentReplaceBehavior [ RunTime:0.000026s ]
INFO: [ template_filter ] --END-- [ RunTime:0.000061s ]
INFO: Run Behavior\ParseTemplateBehavior [ RunTime:0.004645s ]
INFO: [ view_parse ] --END-- [ RunTime:0.004667s ]
INFO: [ view_filter ] --START--
INFO: Run Behavior\WriteHtmlCacheBehavior [ RunTime:0.000373s ]
INFO: [ view_filter ] --END-- [ RunTime:0.000387s ]
INFO: [ app_end ] --START--
INFO: Run Behavior\ShowPageTraceBehavior [ RunTime:0.000548s ]
INFO: [ app_end ] --END-- [ RunTime:0.000564s ]

[ 2018-08-24T23:30:16+08:00 ] ::1 /dashboard/www/Thinkphp3.2/test/Home/assets/i/favicon.png
INFO: [ app_init ] --START--
INFO: Run Behavior\BuildLiteBehavior [ RunTime:0.000006s ]
INFO: [ app_init ] --END-- [ RunTime:0.000285s ]

[ 2018-08-24T23:30:18+08:00 ] ::1 /dashboard/www/Thinkphp3.2/test/Home/index
INFO: [ app_init ] --START--
INFO: Run Behavior\BuildLiteBehavior [ RunTime:0.000005s ]
INFO: [ app_init ] --END-- [ RunTime:0.000343s ]
INFO: [ app_begin ] --START--
INFO: Run Behavior\ReadHtmlCacheBehavior [ RunTime:0.000479s ]
INFO: [ app_begin ] --END-- [ RunTime:0.000497s ]
INFO: [ view_parse ] --START--
INFO: [ template_filter ] --START--
INFO: Run Behavior\ContentReplaceBehavior [ RunTime:0.000024s ]
INFO: [ template_filter ] --END-- [ RunTime:0.000040s ]
INFO: Run Behavior\ParseTemplateBehavior [ RunTime:0.004346s ]
INFO: [ view_parse ] --END-- [ RunTime:0.004366s ]
INFO: [ view_filter ] --START--
INFO: Run Behavior\WriteHtmlCacheBehavior [ RunTime:0.000359s ]
INFO: [ view_filter ] --END-- [ RunTime:0.000373s ]
INFO: [ app_end ] --START--
INFO: Run Behavior\ShowPageTraceBehavior [ RunTime:0.000557s ]
INFO: [ app_end ] --END-- [ RunTime:0.000572s ]

[ 2018-08-24T23:30:18+08:00 ] ::1 /dashboard/www/Thinkphp3.2/test/Home/assets/i/favicon.png
INFO: [ app_init ] --START--
INFO: Run Behavior\BuildLiteBehavior [ RunTime:0.000007s ]
INFO: [ app_init ] --END-- [ RunTime:0.000320s ]

