[ 2019-12-02T20:56:25+08:00 ] 192.168.1.8 /dashboard/www/Thinkphp3.2/MovieAdministration/Home/index/login?cellphone=123&password=123
INFO: [ app_init ] --START--
INFO: Run Behavior\BuildLiteBehavior [ RunTime:0.000014s ]
INFO: [ app_init ] --END-- [ RunTime:0.010914s ]
INFO: [ app_begin ] --START--
INFO: Run Behavior\ReadHtmlCacheBehavior [ RunTime:0.001494s ]
INFO: [ app_begin ] --END-- [ RunTime:0.001603s ]
SQL: SHOW COLUMNS FROM `people_info` [ RunTime:0.0350s ]
SQL: SELECT * FROM `people_info` WHERE `cell_phone` = '123' AND `password` = '123'  [ RunTime:0.0009s ]
INFO: [ app_end ] --START--
INFO: Run Behavior\ShowPageTraceBehavior [ RunTime:0.001592s ]
INFO: [ app_end ] --END-- [ RunTime:0.001630s ]

[ 2019-12-02T20:56:25+08:00 ] 192.168.1.8 /dashboard/www/Thinkphp3.2/MovieAdministration/Home/index/getMovieInfos?id=1
INFO: [ app_init ] --START--
INFO: Run Behavior\BuildLiteBehavior [ RunTime:0.000021s ]
INFO: [ app_init ] --END-- [ RunTime:0.000768s ]
INFO: [ app_begin ] --START--
INFO: Run Behavior\ReadHtmlCacheBehavior [ RunTime:0.000721s ]
INFO: [ app_begin ] --END-- [ RunTime:0.000762s ]
SQL: SHOW COLUMNS FROM `people_info` [ RunTime:0.0612s ]
SQL: SELECT * FROM `people_info` WHERE ( p_id=1 )  [ RunTime:0.0007s ]
SQL: SHOW COLUMNS FROM `movie_info` [ RunTime:0.0173s ]
SQL: SELECT * FROM movie_info t left join people_info as o on t.author_id = o.p_id  ORDER BY t.id desc  [ RunTime:0.0004s ]
INFO: [ app_end ] --START--
INFO: Run Behavior\ShowPageTraceBehavior [ RunTime:0.000741s ]
INFO: [ app_end ] --END-- [ RunTime:0.000762s ]

[ 2019-12-02T20:56:33+08:00 ] 192.168.1.8 /dashboard/www/Thinkphp3.2/MovieAdministration/Home/index/getPeopleComments?comment_id=6
INFO: [ app_init ] --START--
INFO: Run Behavior\BuildLiteBehavior [ RunTime:0.000016s ]
INFO: [ app_init ] --END-- [ RunTime:0.000529s ]
INFO: [ app_begin ] --START--
INFO: Run Behavior\ReadHtmlCacheBehavior [ RunTime:0.000515s ]
INFO: [ app_begin ] --END-- [ RunTime:0.000539s ]
SQL: SHOW COLUMNS FROM `movie_comment` [ RunTime:0.0508s ]
SQL: SELECT * FROM movie_comment t left join people_info as o on t.author_id = o.p_id  WHERE `info_id` = '6'  [ RunTime:0.0003s ]
INFO: [ app_end ] --START--
INFO: Run Behavior\ShowPageTraceBehavior [ RunTime:0.000639s ]
INFO: [ app_end ] --END-- [ RunTime:0.000659s ]

[ 2019-12-02T20:56:39+08:00 ] 192.168.1.8 /dashboard/www/Thinkphp3.2/MovieAdministration/Home/index/getPeopleComments?comment_id=7
INFO: [ app_init ] --START--
INFO: Run Behavior\BuildLiteBehavior [ RunTime:0.000006s ]
INFO: [ app_init ] --END-- [ RunTime:0.000382s ]
INFO: [ app_begin ] --START--
INFO: Run Behavior\ReadHtmlCacheBehavior [ RunTime:0.000515s ]
INFO: [ app_begin ] --END-- [ RunTime:0.000539s ]
SQL: SHOW COLUMNS FROM `movie_comment` [ RunTime:0.0058s ]
SQL: SELECT * FROM movie_comment t left join people_info as o on t.author_id = o.p_id  WHERE `info_id` = '7'  [ RunTime:0.0008s ]
INFO: [ app_end ] --START--
INFO: Run Behavior\ShowPageTraceBehavior [ RunTime:0.001006s ]
INFO: [ app_end ] --END-- [ RunTime:0.001033s ]

