[ 2019-12-03T20:53:45+08:00 ] 192.168.1.8 /dashboard/www/Thinkphp3.2/MovieAdministration/Home/index/login?cellphone=123&password=123
INFO: [ app_init ] --START--
INFO: Run Behavior\BuildLiteBehavior [ RunTime:0.000011s ]
INFO: [ app_init ] --END-- [ RunTime:0.001741s ]
INFO: [ app_begin ] --START--
INFO: Run Behavior\ReadHtmlCacheBehavior [ RunTime:0.012407s ]
INFO: [ app_begin ] --END-- [ RunTime:0.012446s ]
SQL: SHOW COLUMNS FROM `people_info` [ RunTime:0.1711s ]
SQL: SELECT * FROM `people_info` WHERE `cell_phone` = '123' AND `password` = '123'  [ RunTime:0.0265s ]
INFO: [ app_end ] --START--
INFO: Run Behavior\ShowPageTraceBehavior [ RunTime:0.014016s ]
INFO: [ app_end ] --END-- [ RunTime:0.014079s ]

[ 2019-12-03T20:53:46+08:00 ] 192.168.1.8 /dashboard/www/Thinkphp3.2/MovieAdministration/Home/index/getMovieInfos?id=1
INFO: [ app_init ] --START--
INFO: Run Behavior\BuildLiteBehavior [ RunTime:0.000011s ]
INFO: [ app_init ] --END-- [ RunTime:0.000876s ]
INFO: [ app_begin ] --START--
INFO: Run Behavior\ReadHtmlCacheBehavior [ RunTime:0.000931s ]
INFO: [ app_begin ] --END-- [ RunTime:0.000975s ]
SQL: SHOW COLUMNS FROM `people_info` [ RunTime:0.0022s ]
SQL: SELECT * FROM `people_info` WHERE ( p_id=1 )  [ RunTime:0.0070s ]
SQL: SHOW COLUMNS FROM `movie_info` [ RunTime:0.0023s ]
SQL: SELECT * FROM movie_info t left join people_info as o on t.author_id = o.p_id  ORDER BY t.id desc  [ RunTime:0.0008s ]
INFO: [ app_end ] --START--
INFO: Run Behavior\ShowPageTraceBehavior [ RunTime:0.000775s ]
INFO: [ app_end ] --END-- [ RunTime:0.000799s ]

[ 2019-12-03T20:53:49+08:00 ] 192.168.1.8 /dashboard/www/Thinkphp3.2/MovieAdministration/Home/index/getPeopleComments?comment_id=6
INFO: [ app_init ] --START--
INFO: Run Behavior\BuildLiteBehavior [ RunTime:0.000009s ]
INFO: [ app_init ] --END-- [ RunTime:0.000405s ]
INFO: [ app_begin ] --START--
INFO: Run Behavior\ReadHtmlCacheBehavior [ RunTime:0.000683s ]
INFO: [ app_begin ] --END-- [ RunTime:0.000712s ]
SQL: SHOW COLUMNS FROM `movie_comment` [ RunTime:0.0054s ]
SQL: SELECT * FROM movie_comment t left join people_info as o on t.author_id = o.p_id  WHERE `info_id` = '6'  [ RunTime:0.0452s ]
INFO: [ app_end ] --START--
INFO: Run Behavior\ShowPageTraceBehavior [ RunTime:0.001577s ]
INFO: [ app_end ] --END-- [ RunTime:0.001628s ]

[ 2019-12-03T20:54:02+08:00 ] 192.168.1.8 /dashboard/www/Thinkphp3.2/MovieAdministration/Home/index/getPeopleComments?comment_id=7
INFO: [ app_init ] --START--
INFO: Run Behavior\BuildLiteBehavior [ RunTime:0.000006s ]
INFO: [ app_init ] --END-- [ RunTime:0.000331s ]
INFO: [ app_begin ] --START--
INFO: Run Behavior\ReadHtmlCacheBehavior [ RunTime:0.000488s ]
INFO: [ app_begin ] --END-- [ RunTime:0.000519s ]
SQL: SHOW COLUMNS FROM `movie_comment` [ RunTime:0.0186s ]
SQL: SELECT * FROM movie_comment t left join people_info as o on t.author_id = o.p_id  WHERE `info_id` = '7'  [ RunTime:0.0003s ]
INFO: [ app_end ] --START--
INFO: Run Behavior\ShowPageTraceBehavior [ RunTime:0.000644s ]
INFO: [ app_end ] --END-- [ RunTime:0.000665s ]

[ 2019-12-03T20:57:37+08:00 ] 192.168.1.8 /dashboard/www/Thinkphp3.2/MovieAdministration/Home/index/getPeopleComments?comment_id=7
INFO: [ app_init ] --START--
INFO: Run Behavior\BuildLiteBehavior [ RunTime:0.000010s ]
INFO: [ app_init ] --END-- [ RunTime:0.000758s ]
INFO: [ app_begin ] --START--
INFO: Run Behavior\ReadHtmlCacheBehavior [ RunTime:0.000870s ]
INFO: [ app_begin ] --END-- [ RunTime:0.000920s ]
SQL: SHOW COLUMNS FROM `movie_comment` [ RunTime:0.0264s ]
SQL: SELECT * FROM movie_comment t left join people_info as o on t.author_id = o.p_id  WHERE `info_id` = '7'  [ RunTime:0.0003s ]
INFO: [ app_end ] --START--
INFO: Run Behavior\ShowPageTraceBehavior [ RunTime:0.000728s ]
INFO: [ app_end ] --END-- [ RunTime:0.000748s ]

[ 2019-12-03T22:15:51+08:00 ] 192.168.1.8 /dashboard/www/Thinkphp3.2/MovieAdministration/Home/index/login?cellphone=123&password=123
INFO: [ app_init ] --START--
INFO: Run Behavior\BuildLiteBehavior [ RunTime:0.000008s ]
INFO: [ app_init ] --END-- [ RunTime:0.000640s ]
INFO: [ app_begin ] --START--
INFO: Run Behavior\ReadHtmlCacheBehavior [ RunTime:0.001387s ]
INFO: [ app_begin ] --END-- [ RunTime:0.001424s ]
SQL: SHOW COLUMNS FROM `people_info` [ RunTime:0.0152s ]
SQL: SELECT * FROM `people_info` WHERE `cell_phone` = '123' AND `password` = '123'  [ RunTime:0.0089s ]
INFO: [ app_end ] --START--
INFO: Run Behavior\ShowPageTraceBehavior [ RunTime:0.001360s ]
INFO: [ app_end ] --END-- [ RunTime:0.001400s ]

[ 2019-12-03T22:15:52+08:00 ] 192.168.1.8 /dashboard/www/Thinkphp3.2/MovieAdministration/Home/index/getMovieInfos?id=1
INFO: [ app_init ] --START--
INFO: Run Behavior\BuildLiteBehavior [ RunTime:0.000010s ]
INFO: [ app_init ] --END-- [ RunTime:0.000826s ]
INFO: [ app_begin ] --START--
INFO: Run Behavior\ReadHtmlCacheBehavior [ RunTime:0.000707s ]
INFO: [ app_begin ] --END-- [ RunTime:0.000730s ]
SQL: SHOW COLUMNS FROM `people_info` [ RunTime:0.0226s ]
SQL: SELECT * FROM `people_info` WHERE ( p_id=1 )  [ RunTime:0.0102s ]
SQL: SHOW COLUMNS FROM `movie_info` [ RunTime:0.0027s ]
SQL: SELECT * FROM movie_info t left join people_info as o on t.author_id = o.p_id  ORDER BY t.id desc  [ RunTime:0.0098s ]
INFO: [ app_end ] --START--
INFO: Run Behavior\ShowPageTraceBehavior [ RunTime:0.000886s ]
INFO: [ app_end ] --END-- [ RunTime:0.000908s ]

[ 2019-12-03T22:26:50+08:00 ] 192.168.1.8 /dashboard/www/Thinkphp3.2/MovieAdministration/Home/index/login?cellphone=123&password=123
INFO: [ app_init ] --START--
INFO: Run Behavior\BuildLiteBehavior [ RunTime:0.000007s ]
INFO: [ app_init ] --END-- [ RunTime:0.000600s ]
INFO: [ app_begin ] --START--
INFO: Run Behavior\ReadHtmlCacheBehavior [ RunTime:0.001357s ]
INFO: [ app_begin ] --END-- [ RunTime:0.001399s ]
SQL: SHOW COLUMNS FROM `people_info` [ RunTime:0.3588s ]
SQL: SELECT * FROM `people_info` WHERE `cell_phone` = '123' AND `password` = '123'  [ RunTime:0.0207s ]
INFO: [ app_end ] --START--
INFO: Run Behavior\ShowPageTraceBehavior [ RunTime:0.000866s ]
INFO: [ app_end ] --END-- [ RunTime:0.000887s ]

[ 2019-12-03T22:26:51+08:00 ] 192.168.1.8 /dashboard/www/Thinkphp3.2/MovieAdministration/Home/index/getMovieInfos?id=1
INFO: [ app_init ] --START--
INFO: Run Behavior\BuildLiteBehavior [ RunTime:0.000008s ]
INFO: [ app_init ] --END-- [ RunTime:0.000637s ]
INFO: [ app_begin ] --START--
INFO: Run Behavior\ReadHtmlCacheBehavior [ RunTime:0.007495s ]
INFO: [ app_begin ] --END-- [ RunTime:0.007546s ]
SQL: SHOW COLUMNS FROM `people_info` [ RunTime:0.0031s ]
SQL: SELECT * FROM `people_info` WHERE ( p_id=1 )  [ RunTime:0.0003s ]
SQL: SHOW COLUMNS FROM `movie_info` [ RunTime:0.0058s ]
SQL: SELECT * FROM movie_info t left join people_info as o on t.author_id = o.p_id  ORDER BY t.id desc  [ RunTime:0.0062s ]
INFO: [ app_end ] --START--
INFO: Run Behavior\ShowPageTraceBehavior [ RunTime:0.000870s ]
INFO: [ app_end ] --END-- [ RunTime:0.000913s ]

[ 2019-12-03T22:27:15+08:00 ] 192.168.1.8 /dashboard/www/Thinkphp3.2/MovieAdministration/Home/index/login?cellphone=123&password=123
INFO: [ app_init ] --START--
INFO: Run Behavior\BuildLiteBehavior [ RunTime:0.000006s ]
INFO: [ app_init ] --END-- [ RunTime:0.000378s ]
INFO: [ app_begin ] --START--
INFO: Run Behavior\ReadHtmlCacheBehavior [ RunTime:0.000537s ]
INFO: [ app_begin ] --END-- [ RunTime:0.000561s ]
SQL: SHOW COLUMNS FROM `people_info` [ RunTime:0.0132s ]
SQL: SELECT * FROM `people_info` WHERE `cell_phone` = '123' AND `password` = '123'  [ RunTime:0.0005s ]
INFO: [ app_end ] --START--
INFO: Run Behavior\ShowPageTraceBehavior [ RunTime:0.000647s ]
INFO: [ app_end ] --END-- [ RunTime:0.000666s ]

[ 2019-12-03T22:27:16+08:00 ] 192.168.1.8 /dashboard/www/Thinkphp3.2/MovieAdministration/Home/index/getMovieInfos?id=1
INFO: [ app_init ] --START--
INFO: Run Behavior\BuildLiteBehavior [ RunTime:0.000007s ]
INFO: [ app_init ] --END-- [ RunTime:0.000368s ]
INFO: [ app_begin ] --START--
INFO: Run Behavior\ReadHtmlCacheBehavior [ RunTime:0.000504s ]
INFO: [ app_begin ] --END-- [ RunTime:0.000526s ]
SQL: SHOW COLUMNS FROM `people_info` [ RunTime:0.0209s ]
SQL: SELECT * FROM `people_info` WHERE ( p_id=1 )  [ RunTime:0.0014s ]
SQL: SHOW COLUMNS FROM `movie_info` [ RunTime:0.0109s ]
SQL: SELECT * FROM movie_info t left join people_info as o on t.author_id = o.p_id  ORDER BY t.id desc  [ RunTime:0.0004s ]
INFO: [ app_end ] --START--
INFO: Run Behavior\ShowPageTraceBehavior [ RunTime:0.000697s ]
INFO: [ app_end ] --END-- [ RunTime:0.000716s ]

[ 2019-12-03T22:36:31+08:00 ] 192.168.1.8 /dashboard/www/Thinkphp3.2/MovieAdministration/Home/index/login?cellphone=123&password=123
INFO: [ app_init ] --START--
INFO: Run Behavior\BuildLiteBehavior [ RunTime:0.000012s ]
INFO: [ app_init ] --END-- [ RunTime:0.000825s ]
INFO: [ app_begin ] --START--
INFO: Run Behavior\ReadHtmlCacheBehavior [ RunTime:0.001135s ]
INFO: [ app_begin ] --END-- [ RunTime:0.001312s ]
SQL: SHOW COLUMNS FROM `people_info` [ RunTime:0.0392s ]
SQL: SELECT * FROM `people_info` WHERE `cell_phone` = '123' AND `password` = '123'  [ RunTime:0.0156s ]
INFO: [ app_end ] --START--
INFO: Run Behavior\ShowPageTraceBehavior [ RunTime:0.001478s ]
INFO: [ app_end ] --END-- [ RunTime:0.001528s ]

[ 2019-12-03T22:36:31+08:00 ] 192.168.1.8 /dashboard/www/Thinkphp3.2/MovieAdministration/Home/index/getMovieInfos?id=1
INFO: [ app_init ] --START--
INFO: Run Behavior\BuildLiteBehavior [ RunTime:0.000137s ]
INFO: [ app_init ] --END-- [ RunTime:0.001509s ]
INFO: [ app_begin ] --START--
INFO: Run Behavior\ReadHtmlCacheBehavior [ RunTime:0.000784s ]
INFO: [ app_begin ] --END-- [ RunTime:0.000817s ]
SQL: SHOW COLUMNS FROM `people_info` [ RunTime:0.0081s ]
SQL: SELECT * FROM `people_info` WHERE ( p_id=1 )  [ RunTime:0.0077s ]
SQL: SHOW COLUMNS FROM `movie_info` [ RunTime:0.0036s ]
SQL: SELECT * FROM movie_info t left join people_info as o on t.author_id = o.p_id  ORDER BY t.id desc  [ RunTime:0.0076s ]
INFO: [ app_end ] --START--
INFO: Run Behavior\ShowPageTraceBehavior [ RunTime:0.000923s ]
INFO: [ app_end ] --END-- [ RunTime:0.000951s ]

[ 2019-12-03T22:36:33+08:00 ] 192.168.1.8 /dashboard/www/Thinkphp3.2/MovieAdministration/Home/index/getPeopleComments?comment_id=7
INFO: [ app_init ] --START--
INFO: Run Behavior\BuildLiteBehavior [ RunTime:0.000027s ]
INFO: [ app_init ] --END-- [ RunTime:0.001241s ]
INFO: [ app_begin ] --START--
INFO: Run Behavior\ReadHtmlCacheBehavior [ RunTime:0.001173s ]
INFO: [ app_begin ] --END-- [ RunTime:0.001204s ]
SQL: SHOW COLUMNS FROM `movie_comment` [ RunTime:0.0074s ]
SQL: SELECT * FROM movie_comment t left join people_info as o on t.author_id = o.p_id  WHERE `info_id` = '7'  [ RunTime:0.0059s ]
INFO: [ app_end ] --START--
INFO: Run Behavior\ShowPageTraceBehavior [ RunTime:0.001473s ]
INFO: [ app_end ] --END-- [ RunTime:0.001524s ]

[ 2019-12-03T22:38:07+08:00 ] 192.168.1.8 /dashboard/www/Thinkphp3.2/MovieAdministration/Home/index/login?cellphone=123&password=123
INFO: [ app_init ] --START--
INFO: Run Behavior\BuildLiteBehavior [ RunTime:0.000012s ]
INFO: [ app_init ] --END-- [ RunTime:0.002997s ]
INFO: [ app_begin ] --START--
INFO: Run Behavior\ReadHtmlCacheBehavior [ RunTime:0.000626s ]
INFO: [ app_begin ] --END-- [ RunTime:0.000663s ]
SQL: SHOW COLUMNS FROM `people_info` [ RunTime:0.0207s ]
SQL: SELECT * FROM `people_info` WHERE `cell_phone` = '123' AND `password` = '123'  [ RunTime:0.0004s ]
INFO: [ app_end ] --START--
INFO: Run Behavior\ShowPageTraceBehavior [ RunTime:0.000695s ]
INFO: [ app_end ] --END-- [ RunTime:0.000719s ]

[ 2019-12-03T22:38:09+08:00 ] 192.168.1.8 /dashboard/www/Thinkphp3.2/MovieAdministration/Home/index/getMovieInfos?id=1
INFO: [ app_init ] --START--
INFO: Run Behavior\BuildLiteBehavior [ RunTime:0.000007s ]
INFO: [ app_init ] --END-- [ RunTime:0.000342s ]
INFO: [ app_begin ] --START--
INFO: Run Behavior\ReadHtmlCacheBehavior [ RunTime:0.000620s ]
INFO: [ app_begin ] --END-- [ RunTime:0.000643s ]
SQL: SHOW COLUMNS FROM `people_info` [ RunTime:0.0238s ]
SQL: SELECT * FROM `people_info` WHERE ( p_id=1 )  [ RunTime:0.0003s ]
SQL: SHOW COLUMNS FROM `movie_info` [ RunTime:0.0029s ]
SQL: SELECT * FROM movie_info t left join people_info as o on t.author_id = o.p_id  ORDER BY t.id desc  [ RunTime:0.0005s ]
INFO: [ app_end ] --START--
INFO: Run Behavior\ShowPageTraceBehavior [ RunTime:0.000692s ]
INFO: [ app_end ] --END-- [ RunTime:0.000712s ]

[ 2019-12-03T22:38:24+08:00 ] 192.168.1.8 /dashboard/www/Thinkphp3.2/MovieAdministration/Home/index/getPeopleComments?comment_id=7
INFO: [ app_init ] --START--
INFO: Run Behavior\BuildLiteBehavior [ RunTime:0.000008s ]
INFO: [ app_init ] --END-- [ RunTime:0.000415s ]
INFO: [ app_begin ] --START--
INFO: Run Behavior\ReadHtmlCacheBehavior [ RunTime:0.000577s ]
INFO: [ app_begin ] --END-- [ RunTime:0.000605s ]
SQL: SHOW COLUMNS FROM `movie_comment` [ RunTime:0.0025s ]
SQL: SELECT * FROM movie_comment t left join people_info as o on t.author_id = o.p_id  WHERE `info_id` = '7'  [ RunTime:0.0006s ]
INFO: [ app_end ] --START--
INFO: Run Behavior\ShowPageTraceBehavior [ RunTime:0.000648s ]
INFO: [ app_end ] --END-- [ RunTime:0.000668s ]

[ 2019-12-03T22:47:10+08:00 ] ::1 /dashboard/www/Thinkphp3.2/MovieAdministration/
INFO: [ app_init ] --START--
INFO: Run Behavior\BuildLiteBehavior [ RunTime:0.000009s ]
INFO: [ app_init ] --END-- [ RunTime:0.000697s ]
INFO: [ app_begin ] --START--
INFO: Run Behavior\ReadHtmlCacheBehavior [ RunTime:0.000913s ]
INFO: [ app_begin ] --END-- [ RunTime:0.000933s ]
INFO: [ view_parse ] --START--
INFO: [ template_filter ] --START--
INFO: Run Behavior\ContentReplaceBehavior [ RunTime:0.000572s ]
INFO: [ template_filter ] --END-- [ RunTime:0.000600s ]
INFO: Run Behavior\ParseTemplateBehavior [ RunTime:0.154681s ]
INFO: [ view_parse ] --END-- [ RunTime:0.154709s ]
INFO: [ view_filter ] --START--
INFO: Run Behavior\WriteHtmlCacheBehavior [ RunTime:0.000815s ]
INFO: [ view_filter ] --END-- [ RunTime:0.000834s ]
INFO: [ app_end ] --START--
INFO: Run Behavior\ShowPageTraceBehavior [ RunTime:0.001888s ]
INFO: [ app_end ] --END-- [ RunTime:0.001930s ]

[ 2019-12-03T22:47:30+08:00 ] ::1 /dashboard/www/Thinkphp3.2/MovieAdministration/Home/index/getPeopleComments?comment_id=1
INFO: [ app_init ] --START--
INFO: Run Behavior\BuildLiteBehavior [ RunTime:0.000006s ]
INFO: [ app_init ] --END-- [ RunTime:0.000435s ]
INFO: [ app_begin ] --START--
INFO: Run Behavior\ReadHtmlCacheBehavior [ RunTime:0.000507s ]
INFO: [ app_begin ] --END-- [ RunTime:0.000526s ]
SQL: SHOW COLUMNS FROM `movie_comment` [ RunTime:0.0078s ]
SQL: SELECT * FROM movie_comment t left join people_info as o on t.author_id = o.p_id  WHERE `info_id` = '1'  [ RunTime:0.0098s ]
INFO: [ app_end ] --START--
INFO: Run Behavior\ShowPageTraceBehavior [ RunTime:0.000696s ]
INFO: [ app_end ] --END-- [ RunTime:0.000718s ]

[ 2019-12-03T22:50:53+08:00 ] 192.168.1.8 /dashboard/www/Thinkphp3.2/MovieAdministration/Home/index/getPeopleComments?comment_id=7
INFO: [ app_init ] --START--
INFO: Run Behavior\BuildLiteBehavior [ RunTime:0.000008s ]
INFO: [ app_init ] --END-- [ RunTime:0.000422s ]
INFO: [ app_begin ] --START--
INFO: Run Behavior\ReadHtmlCacheBehavior [ RunTime:0.000638s ]
INFO: [ app_begin ] --END-- [ RunTime:0.000661s ]
SQL: SHOW COLUMNS FROM `movie_comment` [ RunTime:0.0948s ]
SQL: SELECT * FROM movie_comment t left join people_info as o on t.author_id = o.p_id  WHERE `info_id` = '7'  [ RunTime:0.0006s ]
INFO: [ app_end ] --START--
INFO: Run Behavior\ShowPageTraceBehavior [ RunTime:0.000783s ]
INFO: [ app_end ] --END-- [ RunTime:0.000803s ]

[ 2019-12-03T23:02:18+08:00 ] 192.168.1.8 /dashboard/www/Thinkphp3.2/MovieAdministration/Home/index/login?cellphone=123&password=123
INFO: [ app_init ] --START--
INFO: Run Behavior\BuildLiteBehavior [ RunTime:0.000011s ]
INFO: [ app_init ] --END-- [ RunTime:0.001586s ]
INFO: [ app_begin ] --START--
INFO: Run Behavior\ReadHtmlCacheBehavior [ RunTime:0.026718s ]
INFO: [ app_begin ] --END-- [ RunTime:0.026753s ]
SQL: SHOW COLUMNS FROM `people_info` [ RunTime:0.1175s ]
SQL: SELECT * FROM `people_info` WHERE `cell_phone` = '123' AND `password` = '123'  [ RunTime:0.0391s ]
INFO: [ app_end ] --START--
INFO: Run Behavior\ShowPageTraceBehavior [ RunTime:0.058806s ]
INFO: [ app_end ] --END-- [ RunTime:0.058836s ]

[ 2019-12-03T23:03:09+08:00 ] 192.168.1.8 /dashboard/www/Thinkphp3.2/MovieAdministration/Home/index/getMovieInfos?id=1
INFO: [ app_init ] --START--
INFO: Run Behavior\BuildLiteBehavior [ RunTime:0.000007s ]
INFO: [ app_init ] --END-- [ RunTime:0.000406s ]
INFO: [ app_begin ] --START--
INFO: Run Behavior\ReadHtmlCacheBehavior [ RunTime:0.000651s ]
INFO: [ app_begin ] --END-- [ RunTime:0.000673s ]
SQL: SHOW COLUMNS FROM `people_info` [ RunTime:0.0375s ]
SQL: SELECT * FROM `people_info` WHERE ( p_id=1 )  [ RunTime:0.2029s ]
SQL: SHOW COLUMNS FROM `movie_info` [ RunTime:0.0363s ]
SQL: SELECT * FROM movie_info t left join people_info as o on t.author_id = o.p_id  ORDER BY t.id desc  [ RunTime:0.7863s ]
INFO: [ app_end ] --START--
INFO: Run Behavior\ShowPageTraceBehavior [ RunTime:0.000721s ]
INFO: [ app_end ] --END-- [ RunTime:0.000756s ]

[ 2019-12-03T23:04:42+08:00 ] 192.168.1.8 /dashboard/www/Thinkphp3.2/MovieAdministration/Home/index/getPeopleComments?comment_id=7
INFO: [ app_init ] --START--
INFO: Run Behavior\BuildLiteBehavior [ RunTime:0.000006s ]
INFO: [ app_init ] --END-- [ RunTime:0.000389s ]
INFO: [ app_begin ] --START--
INFO: Run Behavior\ReadHtmlCacheBehavior [ RunTime:0.000670s ]
INFO: [ app_begin ] --END-- [ RunTime:0.000695s ]
SQL: SHOW COLUMNS FROM `movie_comment` [ RunTime:0.0036s ]
SQL: SELECT * FROM movie_comment t left join people_info as o on t.author_id = o.p_id  WHERE `info_id` = '7'  [ RunTime:0.0201s ]
INFO: [ app_end ] --START--
INFO: Run Behavior\ShowPageTraceBehavior [ RunTime:0.000779s ]
INFO: [ app_end ] --END-- [ RunTime:0.000802s ]

[ 2019-12-03T23:05:00+08:00 ] ::1 /dashboard/www/Thinkphp3.2/MovieAdministration/Home/index/getPeopleComments?comment_id=
INFO: [ app_init ] --START--
INFO: Run Behavior\BuildLiteBehavior [ RunTime:0.000006s ]
INFO: [ app_init ] --END-- [ RunTime:0.000343s ]
INFO: [ app_begin ] --START--
INFO: Run Behavior\ReadHtmlCacheBehavior [ RunTime:0.000482s ]
INFO: [ app_begin ] --END-- [ RunTime:0.000503s ]
SQL: SHOW COLUMNS FROM `movie_comment` [ RunTime:0.0165s ]
SQL: SELECT * FROM movie_comment t left join people_info as o on t.author_id = o.p_id  WHERE `info_id` = ''  [ RunTime:0.0420s ]
INFO: [ app_end ] --START--
INFO: Run Behavior\ShowPageTraceBehavior [ RunTime:0.000807s ]
INFO: [ app_end ] --END-- [ RunTime:0.000828s ]

[ 2019-12-03T23:14:15+08:00 ] 192.168.1.8 /dashboard/www/Thinkphp3.2/MovieAdministration/Home/index/login?cellphone=123&password=123
INFO: [ app_init ] --START--
INFO: Run Behavior\BuildLiteBehavior [ RunTime:0.000018s ]
INFO: [ app_init ] --END-- [ RunTime:0.013416s ]
INFO: [ app_begin ] --START--
INFO: Run Behavior\ReadHtmlCacheBehavior [ RunTime:0.006349s ]
INFO: [ app_begin ] --END-- [ RunTime:0.006391s ]
SQL: SHOW COLUMNS FROM `people_info` [ RunTime:0.0094s ]
SQL: SELECT * FROM `people_info` WHERE `cell_phone` = '123' AND `password` = '123'  [ RunTime:0.0007s ]
INFO: [ app_end ] --START--
INFO: Run Behavior\ShowPageTraceBehavior [ RunTime:0.005843s ]
INFO: [ app_end ] --END-- [ RunTime:0.005876s ]

[ 2019-12-03T23:14:16+08:00 ] 192.168.1.8 /dashboard/www/Thinkphp3.2/MovieAdministration/Home/index/getMovieInfos?id=1
INFO: [ app_init ] --START--
INFO: Run Behavior\BuildLiteBehavior [ RunTime:0.000009s ]
INFO: [ app_init ] --END-- [ RunTime:0.000844s ]
INFO: [ app_begin ] --START--
INFO: Run Behavior\ReadHtmlCacheBehavior [ RunTime:0.000528s ]
INFO: [ app_begin ] --END-- [ RunTime:0.000552s ]
SQL: SHOW COLUMNS FROM `people_info` [ RunTime:0.0074s ]
SQL: SELECT * FROM `people_info` WHERE ( p_id=1 )  [ RunTime:0.0003s ]
SQL: SHOW COLUMNS FROM `movie_info` [ RunTime:0.0139s ]
SQL: SELECT * FROM movie_info t left join people_info as o on t.author_id = o.p_id  ORDER BY t.id desc  [ RunTime:0.0005s ]
INFO: [ app_end ] --START--
INFO: Run Behavior\ShowPageTraceBehavior [ RunTime:0.000694s ]
INFO: [ app_end ] --END-- [ RunTime:0.000717s ]

[ 2019-12-03T23:14:18+08:00 ] 192.168.1.8 /dashboard/www/Thinkphp3.2/MovieAdministration/Home/index/getPeopleComments?comment_id=7
INFO: [ app_init ] --START--
INFO: Run Behavior\BuildLiteBehavior [ RunTime:0.000014s ]
INFO: [ app_init ] --END-- [ RunTime:0.000635s ]
INFO: [ app_begin ] --START--
INFO: Run Behavior\ReadHtmlCacheBehavior [ RunTime:0.001633s ]
INFO: [ app_begin ] --END-- [ RunTime:0.001671s ]
SQL: SHOW COLUMNS FROM `movie_comment` [ RunTime:0.0051s ]
SQL: SELECT * FROM movie_comment t left join people_info as o on t.author_id = o.p_id  WHERE `info_id` = '7'  [ RunTime:0.0004s ]
INFO: [ app_end ] --START--
INFO: Run Behavior\ShowPageTraceBehavior [ RunTime:0.000705s ]
INFO: [ app_end ] --END-- [ RunTime:0.000733s ]

[ 2019-12-03T23:14:24+08:00 ] 192.168.1.8 /dashboard/www/Thinkphp3.2/MovieAdministration/Home/index/getPeopleComments?comment_id=6
INFO: [ app_init ] --START--
INFO: Run Behavior\BuildLiteBehavior [ RunTime:0.000006s ]
INFO: [ app_init ] --END-- [ RunTime:0.000239s ]
INFO: [ app_begin ] --START--
INFO: Run Behavior\ReadHtmlCacheBehavior [ RunTime:0.000378s ]
INFO: [ app_begin ] --END-- [ RunTime:0.000395s ]
SQL: SHOW COLUMNS FROM `movie_comment` [ RunTime:0.1186s ]
SQL: SELECT * FROM movie_comment t left join people_info as o on t.author_id = o.p_id  WHERE `info_id` = '6'  [ RunTime:0.0003s ]
INFO: [ app_end ] --START--
INFO: Run Behavior\ShowPageTraceBehavior [ RunTime:0.000568s ]
INFO: [ app_end ] --END-- [ RunTime:0.000587s ]

[ 2019-12-03T23:14:28+08:00 ] 192.168.1.8 /dashboard/www/Thinkphp3.2/MovieAdministration/Home/index/getPeopleComments?comment_id=7
INFO: [ app_init ] --START--
INFO: Run Behavior\BuildLiteBehavior [ RunTime:0.000013s ]
INFO: [ app_init ] --END-- [ RunTime:0.000338s ]
INFO: [ app_begin ] --START--
INFO: Run Behavior\ReadHtmlCacheBehavior [ RunTime:0.000441s ]
INFO: [ app_begin ] --END-- [ RunTime:0.000467s ]
SQL: SHOW COLUMNS FROM `movie_comment` [ RunTime:0.0048s ]
SQL: SELECT * FROM movie_comment t left join people_info as o on t.author_id = o.p_id  WHERE `info_id` = '7'  [ RunTime:0.0012s ]
INFO: [ app_end ] --START--
INFO: Run Behavior\ShowPageTraceBehavior [ RunTime:0.001580s ]
INFO: [ app_end ] --END-- [ RunTime:0.001639s ]

[ 2019-12-03T23:15:38+08:00 ] 192.168.1.8 /dashboard/www/Thinkphp3.2/MovieAdministration/Home/index/getPeopleComments?comment_id=7
INFO: [ app_init ] --START--
INFO: Run Behavior\BuildLiteBehavior [ RunTime:0.000007s ]
INFO: [ app_init ] --END-- [ RunTime:0.000315s ]
INFO: [ app_begin ] --START--
INFO: Run Behavior\ReadHtmlCacheBehavior [ RunTime:0.000439s ]
INFO: [ app_begin ] --END-- [ RunTime:0.000461s ]
SQL: SHOW COLUMNS FROM `movie_comment` [ RunTime:0.0023s ]
SQL: SELECT * FROM movie_comment t left join people_info as o on t.author_id = o.p_id  WHERE `info_id` = '7'  [ RunTime:0.0004s ]
INFO: [ app_end ] --START--
INFO: Run Behavior\ShowPageTraceBehavior [ RunTime:0.000606s ]
INFO: [ app_end ] --END-- [ RunTime:0.000626s ]

[ 2019-12-03T23:15:42+08:00 ] 192.168.1.8 /dashboard/www/Thinkphp3.2/MovieAdministration/Home/index/getMovieInfos?id=1
INFO: [ app_init ] --START--
INFO: Run Behavior\BuildLiteBehavior [ RunTime:0.000008s ]
INFO: [ app_init ] --END-- [ RunTime:0.000385s ]
INFO: [ app_begin ] --START--
INFO: Run Behavior\ReadHtmlCacheBehavior [ RunTime:0.000640s ]
INFO: [ app_begin ] --END-- [ RunTime:0.000686s ]
SQL: SHOW COLUMNS FROM `people_info` [ RunTime:0.0018s ]
SQL: SELECT * FROM `people_info` WHERE ( p_id=1 )  [ RunTime:0.0002s ]
SQL: SHOW COLUMNS FROM `movie_info` [ RunTime:0.0017s ]
SQL: SELECT * FROM movie_info t left join people_info as o on t.author_id = o.p_id  ORDER BY t.id desc  [ RunTime:0.0003s ]
INFO: [ app_end ] --START--
INFO: Run Behavior\ShowPageTraceBehavior [ RunTime:0.000510s ]
INFO: [ app_end ] --END-- [ RunTime:0.000528s ]

[ 2019-12-03T23:15:44+08:00 ] 192.168.1.8 /dashboard/www/Thinkphp3.2/MovieAdministration/Home/index/getPeopleComments?comment_id=7
INFO: [ app_init ] --START--
INFO: Run Behavior\BuildLiteBehavior [ RunTime:0.000024s ]
INFO: [ app_init ] --END-- [ RunTime:0.001424s ]
INFO: [ app_begin ] --START--
INFO: Run Behavior\ReadHtmlCacheBehavior [ RunTime:0.000728s ]
INFO: [ app_begin ] --END-- [ RunTime:0.000770s ]
SQL: SHOW COLUMNS FROM `movie_comment` [ RunTime:0.0508s ]
SQL: SELECT * FROM movie_comment t left join people_info as o on t.author_id = o.p_id  WHERE `info_id` = '7'  [ RunTime:0.0008s ]
INFO: [ app_end ] --START--
INFO: Run Behavior\ShowPageTraceBehavior [ RunTime:0.000931s ]
INFO: [ app_end ] --END-- [ RunTime:0.000961s ]

