[ 2020-04-13T23:42:11+08:00 ] 192.168.1.8 /dashboard/www/Thinkphp3.2/MovieAdministration/Home/index/login?cellphone=123&password=123
INFO: [ app_init ] --START--
INFO: Run Behavior\BuildLiteBehavior [ RunTime:0.000015s ]
INFO: [ app_init ] --END-- [ RunTime:0.012610s ]
INFO: [ app_begin ] --START--
INFO: Run Behavior\ReadHtmlCacheBehavior [ RunTime:0.001040s ]
INFO: [ app_begin ] --END-- [ RunTime:0.001071s ]
SQL: SHOW COLUMNS FROM `people_info` [ RunTime:0.1189s ]
SQL: SELECT * FROM `people_info` WHERE `cell_phone` = '123' AND `password` = '123'  [ RunTime:0.0152s ]
INFO: [ app_end ] --START--
INFO: Run Behavior\ShowPageTraceBehavior [ RunTime:0.020659s ]
INFO: [ app_end ] --END-- [ RunTime:0.020696s ]

[ 2020-04-13T23:42:11+08:00 ] 192.168.1.8 /dashboard/www/Thinkphp3.2/MovieAdministration/Home/index/getMovieInfos?id=1
INFO: [ app_init ] --START--
INFO: Run Behavior\BuildLiteBehavior [ RunTime:0.000021s ]
INFO: [ app_init ] --END-- [ RunTime:0.000475s ]
INFO: [ app_begin ] --START--
INFO: Run Behavior\ReadHtmlCacheBehavior [ RunTime:0.000972s ]
INFO: [ app_begin ] --END-- [ RunTime:0.001325s ]
SQL: SHOW COLUMNS FROM `people_info` [ RunTime:0.0880s ]
SQL: SELECT * FROM `people_info` WHERE ( p_id=1 )  [ RunTime:0.0015s ]
SQL: SHOW COLUMNS FROM `movie_info` [ RunTime:0.0133s ]
SQL: SELECT * FROM movie_info t left join people_info as o on t.author_id = o.p_id  ORDER BY t.id desc  [ RunTime:0.0009s ]
INFO: [ app_end ] --START--
INFO: Run Behavior\ShowPageTraceBehavior [ RunTime:0.000804s ]
INFO: [ app_end ] --END-- [ RunTime:0.000827s ]

[ 2020-04-13T23:42:13+08:00 ] 192.168.1.8 /dashboard/www/Thinkphp3.2/MovieAdministration/Home/index/getPeopleComments?comment_id=8
INFO: [ app_init ] --START--
INFO: Run Behavior\BuildLiteBehavior [ RunTime:0.000009s ]
INFO: [ app_init ] --END-- [ RunTime:0.000874s ]
INFO: [ app_begin ] --START--
INFO: Run Behavior\ReadHtmlCacheBehavior [ RunTime:0.000855s ]
INFO: [ app_begin ] --END-- [ RunTime:0.000878s ]
SQL: SHOW COLUMNS FROM `movie_comment` [ RunTime:0.0120s ]
SQL: SELECT * FROM movie_comment t left join people_info as o on t.author_id = o.p_id  WHERE `info_id` = '8'  [ RunTime:0.0009s ]
INFO: [ app_end ] --START--
INFO: Run Behavior\ShowPageTraceBehavior [ RunTime:0.000901s ]
INFO: [ app_end ] --END-- [ RunTime:0.000919s ]

[ 2020-04-13T23:42:28+08:00 ] 192.168.1.8 /dashboard/www/Thinkphp3.2/MovieAdministration/Home/index/getMovieInfos?id=1
INFO: [ app_init ] --START--
INFO: Run Behavior\BuildLiteBehavior [ RunTime:0.000006s ]
INFO: [ app_init ] --END-- [ RunTime:0.000403s ]
INFO: [ app_begin ] --START--
INFO: Run Behavior\ReadHtmlCacheBehavior [ RunTime:0.000687s ]
INFO: [ app_begin ] --END-- [ RunTime:0.000708s ]
SQL: SHOW COLUMNS FROM `people_info` [ RunTime:0.0458s ]
SQL: SELECT * FROM `people_info` WHERE ( p_id=1 )  [ RunTime:0.0012s ]
SQL: SHOW COLUMNS FROM `movie_info` [ RunTime:0.0276s ]
SQL: SELECT * FROM movie_info t left join people_info as o on t.author_id = o.p_id  ORDER BY t.id desc  [ RunTime:0.0008s ]
INFO: [ app_end ] --START--
INFO: Run Behavior\ShowPageTraceBehavior [ RunTime:0.001442s ]
INFO: [ app_end ] --END-- [ RunTime:0.001467s ]

[ 2020-04-13T23:42:31+08:00 ] 192.168.1.8 /dashboard/www/Thinkphp3.2/MovieAdministration/Home/index/getPeopleComments?comment_id=7
INFO: [ app_init ] --START--
INFO: Run Behavior\BuildLiteBehavior [ RunTime:0.000006s ]
INFO: [ app_init ] --END-- [ RunTime:0.001994s ]
INFO: [ app_begin ] --START--
INFO: Run Behavior\ReadHtmlCacheBehavior [ RunTime:0.000785s ]
INFO: [ app_begin ] --END-- [ RunTime:0.000806s ]
SQL: SHOW COLUMNS FROM `movie_comment` [ RunTime:0.0290s ]
SQL: SELECT * FROM movie_comment t left join people_info as o on t.author_id = o.p_id  WHERE `info_id` = '7'  [ RunTime:0.0009s ]
INFO: [ app_end ] --START--
INFO: Run Behavior\ShowPageTraceBehavior [ RunTime:0.001369s ]
INFO: [ app_end ] --END-- [ RunTime:0.001400s ]

