[ 2020-01-01T23:11:56+08:00 ] 192.168.1.8 /dashboard/www/Thinkphp3.2/MovieAdministration/Home/index/login?cellphone=123&password=123
INFO: [ app_init ] --START--
INFO: Run Behavior\BuildLiteBehavior [ RunTime:0.000011s ]
INFO: [ app_init ] --END-- [ RunTime:0.001056s ]
INFO: [ app_begin ] --START--
INFO: Run Behavior\ReadHtmlCacheBehavior [ RunTime:0.001278s ]
INFO: [ app_begin ] --END-- [ RunTime:0.001318s ]
SQL: SHOW COLUMNS FROM `people_info` [ RunTime:0.0271s ]
SQL: SELECT * FROM `people_info` WHERE `cell_phone` = '123' AND `password` = '123'  [ RunTime:0.0095s ]
INFO: [ app_end ] --START--
INFO: Run Behavior\ShowPageTraceBehavior [ RunTime:0.001165s ]
INFO: [ app_end ] --END-- [ RunTime:0.001184s ]

[ 2020-01-01T23:11:56+08:00 ] 192.168.1.8 /dashboard/www/Thinkphp3.2/MovieAdministration/Home/index/getMovieInfos?id=1
INFO: [ app_init ] --START--
INFO: Run Behavior\BuildLiteBehavior [ RunTime:0.000007s ]
INFO: [ app_init ] --END-- [ RunTime:0.000380s ]
INFO: [ app_begin ] --START--
INFO: Run Behavior\ReadHtmlCacheBehavior [ RunTime:0.000599s ]
INFO: [ app_begin ] --END-- [ RunTime:0.000617s ]
SQL: SHOW COLUMNS FROM `people_info` [ RunTime:0.0214s ]
SQL: SELECT * FROM `people_info` WHERE ( p_id=1 )  [ RunTime:0.0003s ]
SQL: SHOW COLUMNS FROM `movie_info` [ RunTime:0.0099s ]
SQL: SELECT * FROM movie_info t left join people_info as o on t.author_id = o.p_id  ORDER BY t.id desc  [ RunTime:0.0013s ]
INFO: [ app_end ] --START--
INFO: Run Behavior\ShowPageTraceBehavior [ RunTime:0.001004s ]
INFO: [ app_end ] --END-- [ RunTime:0.001041s ]

[ 2020-01-01T23:11:58+08:00 ] 192.168.1.8 /dashboard/www/Thinkphp3.2/MovieAdministration/Home/index/getPeopleComments?comment_id=7
INFO: [ app_init ] --START--
INFO: Run Behavior\BuildLiteBehavior [ RunTime:0.000008s ]
INFO: [ app_init ] --END-- [ RunTime:0.000488s ]
INFO: [ app_begin ] --START--
INFO: Run Behavior\ReadHtmlCacheBehavior [ RunTime:0.000899s ]
INFO: [ app_begin ] --END-- [ RunTime:0.000934s ]
SQL: SHOW COLUMNS FROM `movie_comment` [ RunTime:0.0277s ]
SQL: SELECT * FROM movie_comment t left join people_info as o on t.author_id = o.p_id  WHERE `info_id` = '7'  [ RunTime:0.0010s ]
INFO: [ app_end ] --START--
INFO: Run Behavior\ShowPageTraceBehavior [ RunTime:0.001186s ]
INFO: [ app_end ] --END-- [ RunTime:0.001220s ]

